Program identifier: LWPM 2.1

Run started  on 08-16-2012 at 12:36:01
case-id lwpc                                                                                                            
tx lwpc                                                                                                                 
tx-data lwpc 13  10.000 -10.000 100 0 0 0                                                                               
ionosphere lwpm May/5/2012 12:12                                                                                        
receivers -10.000000 15.000000                                                                                          
lwflds                                                                                                                  
print-swg 0                                                                                                             
print-mds 0                                                                                                             
print-lwf 1                                                                                                             
lwf-vs-distance 20000 10000                                                                                             
start                                                                                                                   
xmtr_id                tlat    tlon   bearing  range
lwpc                  10.00  -10.00    231.9   20000.

LWFields
file_id:  16Aug12 AAA LWPM 2.1 lwpc.mds
          16Aug12 AAA LWPM 2.1 lwpc.lwf
          ***
prgm_id:  LWPM 2.1
case_id:  lwpc
prfl_id:  LWPM Date: 05/05/12:1212                
xmtr_id                tlat    tlon   freq
lwpc                   10.0   -10.0   13.0
path_id                lat1    lon1   lat2    lon2
Receivers               0.0     0.0    0.0     0.0

 lwpc                                                                            
 freq= 13.0 tlat= 10.0 tlon= -10.0 bearng=231.9  power= 100.
 z component  incl= 0. headng=  0. talt= 0.0 ralt= 0.0
  dist   amplitude  phase    dist   amplitude  phase    dist   amplitude  phase  
     0.   62.9400    0.0000 20000.   41.3023  265.9329
 10000.   31.4984  180.9046  3546.   57.4343  129.4651
nc nrpt bearng  rhomx  rlat   rlon   rrho    pwr    dist incl headng talt ralt
 1    4  231.9 20000. -10.0   15.0  3546.   100.      0.   0.    0.0  0.0  0.0
quit                                                                                                                    

Run finished on 08-16-2012 at 12:36:01
