Program identifier: LWPM 2.1

Run started  on 09-13-1998 at 13:24:38
file-mds    Output\                                                                                                     
file-lwf    Output\                                                                                                     
file-prf    Profile\                                                                                                    
file-ndx    Profile\                                                                                                    
case-id     Test tabular ionosphere                                                                                     
  Name the output files                                                                                                 
tx          htable                                                                                                      
  Identify the transmitter                                                                                              
tx-data     npm                                                                                                         
  Choose ionospheric model                                                                                              
ionosphere  homogeneous table htable                                                                                    
  Set maximum range of paths                                                                                            
range-max   1000                                                                                                        
  Choose bearings angles                                                                                                
bearings    24                                                                                                          
  Get extra print out from the mode generation                                                                          
print-swg   2                                                                                                           
  Set the maximum range for the fields at 5000 km                                                                       
lwf-vs-dist 1000                                                                                                        
  Get extra print out from the mode summation                                                                           
print-lwf   2                                                                                                           
start                                                                                                                   
PRFL_HGTS:
Electron parameters:
  ht     ne       nu        x         z          w
  64.0  9.85E+04  1.23E+07  3.13E+14  8.39E+01  2.54E+07
  53.3  4.65E+03  6.14E+07  1.48E+13  4.18E+02  2.41E+05
  33.2  9.70E+00  1.25E+09  3.09E+10  8.49E+03  2.47E+01
xmtr_id                tlat    tlon   bearing  range
npm                   21.42  158.15     24.0    1000.

Path summary: bearng= 24.0 range= 1000.

   nr    rho    lat     lon   azim   dip  sigma    chi  beta   h'
   1       0.  21.42  158.15  12.8  39.3 4.E+00  -87.4 99.00  53.3
   2    1000.  29.58  153.95  12.5  48.8 4.E+00  -80.9 99.00  53.3
 

Propagation path parameters:
  rho    lat     lon   azim    dip  bfield   sigma  epsr  beta   h'
    0.  21.42  158.15  12.80  39.26 0.3466  4.0E+00 81.0 99.00 53.30
Output from MF_DRIVER:
  83.0396  -0.2074  81.3313  -0.3884  77.8098  -0.6576  74.8367  -0.7194
  70.7856  -1.1317  67.7542  -1.0697  63.1540  -1.6962  60.2011  -1.4713
Iteration parameters:
    lub    thtinc    tolr    toli    dthtar  dthtai    deignr    deigni
   0.0080  0.0320   0.0080  0.0016   0.0160  0.0032   0.002002  0.000400

   initial   iter    final      mag f   mag p   atten  v/c      Wait's exc
83.040 -0.207  1 83.040 -0.208 1.3E-03 3.2E+02   1.89 0.99948    0.69 0.12
81.331 -0.388  1 81.331 -0.389 2.3E-03 7.2E-03   4.40 1.00356  -86.30 2.30
77.810 -0.657  1 77.810 -0.658 1.7E-03 2.1E+02  10.41 1.01494    3.21 0.05
74.836 -0.719  1 74.837 -0.719 6.1E-04 1.4E-02  14.10 1.02783  -79.10 2.39
70.785 -1.132  1 70.786 -1.132 2.3E-04 1.3E+02  27.91 1.05044    2.25 0.06
67.754 -1.069  1 67.754 -1.069 2.0E-04 2.3E-02  30.34 1.07172  -72.59 2.40
63.154 -1.696  1 63.154 -1.697 4.8E-04 9.8E+01  57.43 1.11148    1.38 0.05
60.201 -1.471  1 60.201 -1.471 6.1E-04 3.5E-02  54.80 1.14291  -67.63 2.41
Output from SW_WVGD: LOSTM=0
  83.0395  -0.2081  81.3314  -0.3894  77.8096  -0.6578  74.8366  -0.7194
  70.7855  -1.1318  67.7542  -1.0694  63.1538  -1.6966  60.2014  -1.4713

Propagation path parameters:
  rho    lat     lon   azim    dip  bfield   sigma  epsr  beta   h'
 1000.  29.58  153.95  12.53  48.77 0.3819  4.0E+00 81.0 99.00 53.30

   initial   iter    final      mag f   mag p   atten  v/c      Wait's exc
83.040 -0.207  1 83.039 -0.208 1.3E-03 2.9E+02   1.89 0.99948    0.69 0.12
81.332 -0.388  1 81.332 -0.389 2.3E-03 7.9E-03   4.40 1.00356  -84.86 2.58
77.810 -0.657  1 77.810 -0.658 1.7E-03 2.0E+02  10.42 1.01494    3.21 0.05
74.837 -0.719  1 74.837 -0.719 6.2E-04 1.6E-02  14.10 1.02782  -77.60 2.71
70.785 -1.133  1 70.786 -1.133 2.1E-04 1.2E+02  27.94 1.05044    2.25 0.06
67.755 -1.070  1 67.755 -1.070 2.2E-04 2.5E-02  30.35 1.07171  -70.94 2.78
Output from SW_WVGD: LOSTM=0
  83.0395  -0.2082  81.3315  -0.3895  77.8097  -0.6583  74.8371  -0.7195
  70.7856  -1.1327  67.7550  -1.0696

[LWP_SAVE_MC]
bearng   rlat    rlon    rrho
  24.0   99.0     0.0      0.
mds    lat     lon    rho    azim    dip bfield   sigma epsr  beta   hpr  ndx
  6   21.4   158.1      0.   12.8   39.3  0.347  4.E+00  81. 99.00  53.3    0.
     m  EIGENr   EIGENi 
     1  89.2684  -1.9900  3.72E-03 -3.02E-02  6.61E-16 -6.91E-16  1.78E-09  3.27E-09 -6.37E-01  2.00E+00 -9.97E-08  7.11E-08
     2  85.1227  -0.6958  1.03E-06  9.11E-07 -1.38E-10 -2.99E-11 -4.31E-09 -8.50E-09 -6.45E-01  2.03E+00 -6.46E-03 -2.55E-03
     3  80.1239  -0.8163  2.44E-03 -4.19E-02  1.75E-14 -1.14E-14  7.97E-09  1.83E-08 -6.65E-01  2.11E+00 -4.23E-07  2.15E-07
     4  76.6129  -0.8192  2.23E-06  2.43E-06 -6.79E-10 -1.15E-10 -1.33E-08 -2.85E-08 -6.79E-01  2.20E+00 -9.09E-03 -2.87E-03
     5  72.1315  -1.2236  2.83E-03 -4.01E-02  1.47E-13 -9.06E-14  2.01E-08  4.92E-08 -7.12E-01  2.35E+00 -1.18E-06  5.85E-07
     6  68.8916  -1.1331  5.02E-06  5.69E-06 -1.60E-09 -2.51E-10 -2.83E-08 -6.27E-08 -7.19E-01  2.50E+00 -8.66E-03 -2.67E-03

mds    lat     lon    rho    azim    dip bfield  sigma epsr   beta   hpr  ndx
  6   29.6   154.0   1000.   12.5   48.8  0.382  4.E+00  81. 99.00  53.3    0.
     m  EIGENr   EIGENi 
     1  89.2680  -1.9901  3.72E-03 -3.02E-02  9.73E-16 -5.71E-16  5.70E-10  3.95E-09  2.60E-01  2.14E+00 -1.27E-07  3.45E-08
     2  85.1230  -0.6960  8.61E-07  1.37E-06 -1.38E-10 -2.99E-11 -1.13E-09 -1.02E-08  2.74E-01  2.17E+00 -5.68E-03 -2.75E-03
     3  80.1239  -0.8168  2.44E-03 -4.19E-02  2.38E-14 -6.70E-15  8.14E-10  2.14E-08  3.16E-01  2.25E+00 -5.08E-07  4.90E-08
     4  76.6135  -0.8193  1.61E-06  3.57E-06 -6.79E-10 -1.15E-10 -1.66E-09 -3.38E-08  3.70E-01  2.33E+00 -8.04E-03 -3.17E-03
     5  72.1315  -1.2245  2.83E-03 -4.01E-02  2.02E-13 -4.15E-14 -1.55E-09  5.76E-08  4.63E-01  2.46E+00 -1.43E-06  6.24E-08
     6  68.8924  -1.1333  3.11E-06  8.63E-06 -1.60E-09 -2.51E-10  1.10E-09 -7.51E-08  5.73E-01  2.57E+00 -7.66E-03 -2.89E-03

mds    lat     lon    rho    azim    dip bfield  sigma epsr   beta   hpr  ndx
      99.0

LWFields
file_id:  13Sep98 BDT LWPM 2.1 c:\lwpcv21\output\htable.mds
          13Sep98 BDT LWPM 2.1 c:\lwpcv21\output\htable.lwf
          ***
prgm_id:  LWPM 2.1
case_id:  Test tabular ionosphere
prfl_id:  Homogeneous profile: PRFLSCN 1: Index 44
xmtr_id                tlat    tlon   freq
npm                    21.4   158.1   23.4
path_id                lat1    lon1   lat2    lon2
Bearings                0.0     0.0    0.0     0.0

Test tabular ionosphere                                                         
freq= 23.4 tlat= 21.4 tlon= 158.1 bearng= 24.0  power= 630.
incl= 0. headng=  0. talt= 0.0 ralt= 0.0
 
  rho   lat    lon  azim   dip mgfld  sigma eps  ndx  h'  mds
    0  21.4  158.1  12.8  39.3 0.347 4.E+00 81.  000 53.3   6
 mode  atten   v/c         rel exc 1
   1   1.890  0.99948     0.910  0.122  -137.337 -0.497   -63.970  0.907
   2   4.398  1.00356   -86.076 -3.988  -129.208 -3.612  -150.920 -3.202
   3  10.410  1.01494     3.437  0.053  -122.904 -0.414   -61.309  0.841
   4  14.102  1.02783   -78.878 -3.891  -119.058 -3.582  -143.515 -3.103
   5  27.915  1.05044     2.474  0.057  -114.678 -0.395   -61.974  0.849
   6  30.341  1.07172   -72.368 -3.880  -112.618 -3.573  -136.642 -3.087

 Test tabular ionosphere                                                         
 freq= 23.4 tlat= 21.4 tlon= 158.1 bearng= 24.0  power= 630.
 z component  incl= 0. headng=  0. talt= 0.0 ralt= 0.0
  dist   amplitude  phase    dist   amplitude  phase    dist   amplitude  phase  
     0.   68.2131    0.0000   360.   84.3606  186.2262   720.   86.2603  419.5910
    20.  110.1680  106.1394   380.   80.7282  203.8521   740.   86.5860  424.0345
    40.  106.4318  117.3026   400.   75.5495  233.7084   760.   86.7536  428.7813
    60.  103.6142  127.4100   420.   71.9689  300.4861   780.   86.7686  433.5693
    80.  100.9598  135.9422   440.   75.9390  353.1586   800.   86.6436  438.1772
   100.   98.2297  141.9873   460.   79.3030  375.7714   820.   86.3969  442.4192
   120.   95.3854  143.9794   480.   81.2864  389.4950   840.   86.0525  446.1462
   140.   92.6886  139.8237   500.   82.4011  399.4366   860.   85.6398  449.2574
   160.   90.8816  129.4868   520.   82.9456  406.8557   880.   85.1923  451.7177
   180.   90.5162  119.0460   540.   83.1115  412.0120   900.   84.7438  453.5773
   200.   90.9990  114.5993   560.   83.0627  414.8778   920.   84.3222  454.9766
   220.   91.5333  116.1360   580.   82.9718  415.5150   940.   83.9425  456.1243
   240.   91.7813  121.5740   600.   83.0117  414.4137   960.   83.6024  457.2466
   260.   91.6572  129.3674   620.   83.2966  412.6121   980.   83.2830  458.5273
   280.   91.1433  138.6437   640.   83.8231  411.3227  1000.   82.9552  460.0639
   300.   90.2232  148.9590   660.   84.4901  411.3514
   320.   88.8566  160.1574   680.   85.1740  412.8983
   340.   86.9586  172.3677   700.   85.7818  415.7611
nc nrpt bearng  rhomx  rlat   rlon   rrho    pwr    dist incl headng talt ralt
 1   51   24.0  1000.  99.0    0.0     0.   630.      0.   0.    0.0  0.0  0.0

OpArea Grid
file_id:  13Sep98 BDT LWPM 2.1 c:\lwpcv21\output\htable.mds
          13Sep98 BDT LWPM 2.1 c:\lwpcv21\output\htable.lwf
          ***
prgm_id:  LWPM 2.1
case_id:  Test tabular ionosphere
prfl_id:  Homogeneous profile: PRFLSCN 1: Index 44
xmtr_id                tlat    tlon   freq
npm                    21.4   158.1   23.4
path_id                lat1    lon1   lat2    lon2
Bearings                0.0     0.0    0.0     0.0
quit                                                                                                                    

Run finished on 09-13-1998 at 13:24:44
