Program identifier: LWPM 2.1

Run started  on 09-13-1998 at 13:19:17
file-mds    Output\                                                                                                     
file-lwf    Output\                                                                                                     
file-grd    Output\                                                                                                     
case-id     Jammer coverage of the Mediterranean                                                                        
  Name the files                                                                                                        
tx          jam                                                                                                         
  Identify the transmitter                                                                                              
tx-data     OMEGA-A                                                                                                     
  Choose the LWPM model daytime environment                                                                             
ionosphere  lwpm day                                                                                                    
  Define the operating area                                                                                             
op-area     Mediterranean 30 10 45 -45                                                                                  
  Calculate atmospheric noise using NTIA in July at 1800 UT                                                             
a-noise     ntia July 18 1000                                                                                           
start                                                                                                                   
xmtr_id                tlat    tlon   bearing  range
omega-a               66.42  -13.14    123.0    4500.
xmtr_id                tlat    tlon   bearing  range
omega-a               66.42  -13.14    135.0    4500.
xmtr_id                tlat    tlon   bearing  range
omega-a               66.42  -13.14    150.0    4500.
xmtr_id                tlat    tlon   bearing  range
omega-a               66.42  -13.14    165.0    4500.
xmtr_id                tlat    tlon   bearing  range
omega-a               66.42  -13.14    180.0    4500.
xmtr_id                tlat    tlon   bearing  range
omega-a               66.42  -13.14    195.0    4500.
xmtr_id                tlat    tlon   bearing  range
omega-a               66.42  -13.14    210.0    4500.
xmtr_id                tlat    tlon   bearing  range
omega-a               66.42  -13.14    222.0    4500.

LWFields

OpArea Grid
quit                                                                                                                    

Run finished on 09-13-1998 at 13:21:23
