Program identifier: LWPM 2.1

Run started  on 09-13-1998 at 13:24:24
file-mds    Output\                                                                                                     
file-lwf    Output\                                                                                                     
case-id     OMEGA coverage of the Mediterranean                                                                         
  Choose file name                                                                                                      
tx          bearings                                                                                                    
  Identify the transmitter                                                                                              
tx-data     OMEGA-D                                                                                                     
  Choose bearings angles at 24, 48 and 72                                                                               
bearings    24 48 72                                                                                                    
  Choose vertical and horizontal fields at 9 km                                                                         
rx-data     horizontal 9                                                                                                
  Set the maximum range for the fields at 5000 km                                                                       
lwf-vs-dist 5000                                                                                                        
  Get extra print out from the mode summation                                                                           
print-lwf   2                                                                                                           
lwflds                                                                                                                  
start                                                                                                                   

Restart: Number of complete paths =  3

LWFields
file_id:  13Sep98 VXU LWPM 2.1 c:\lwpcv21\output\bearings.mds
          13Sep98 DQ9 LWPM 2.1 c:\lwpcv21\output\bearings.lwf
          ***
prgm_id:  LWPM 2.1
case_id:  OMEGA coverage of the Mediterranean
prfl_id:  LWPM Date: 04/15/84:2200                
xmtr_id                tlat    tlon   freq
omega-d                46.4    98.3   10.2
path_id                lat1    lon1   lat2    lon2
Bearings                0.0     0.0    0.0     0.0

OMEGA coverage of the Mediterranean                                             
freq= 10.2 tlat= 46.4 tlon=  98.3 bearng= 24.0  power=  10.
incl= 0. headng=  0. talt= 0.0 ralt= 9.0
 
  rho   lat    lon  azim   dip mgfld  sigma eps beta  h'  mds
    0  46.4   98.3  16.0  73.9 0.565 1.E-02 15. 0.30 74.0   4
 mode  atten   v/c         rel exc 1
   1   3.325  1.00268    -0.089  0.099   -38.362  1.408   -34.641 -4.533
   2   8.508  1.01634   -38.104 -3.272   -29.267 -1.699   -60.566 -1.521
   3  22.585  1.05478    -1.301  0.045   -19.837  1.558   -13.248 -4.438
   4  31.340  1.08754   -26.484 -3.037   -16.792 -1.556   -33.890 -1.229
 
  rho   lat    lon  azim   dip mgfld  sigma eps beta  h'  mds
  420  49.8   96.0  20.0  76.7 0.576 1.E-03 15. 0.30 74.0   4
 mode  atten   v/c         rel exc 1
   1   4.737  1.00183    -1.486  0.319   -40.236 -4.450   -32.409 -4.683
   2   8.525  1.01622   -41.568 -1.745   -32.137 -0.195   -62.744 -0.180
   3  23.980  1.05360   -11.254 -1.602   -29.378 -0.024   -22.828  0.134
   4  31.234  1.08695   -40.137 -2.127   -29.783 -0.678   -47.164 -0.382
 
  rho   lat    lon  azim   dip mgfld  sigma eps beta  h'  mds
 1020  54.6   91.9  29.4  80.3 0.584 3.E-04 10. 0.30 74.0   4
 mode  atten   v/c         rel exc 1
   1   6.733  1.00085    -4.242  0.532   -43.535 -3.979   -31.642 -4.678
   2   8.541  1.01612   -46.643  0.167   -36.369 -4.585   -66.227  1.552
   3  25.705  1.05220   -27.398 -1.619   -45.055  0.026   -38.512  0.038
   4  31.178  1.08648   -59.168  1.559   -47.869 -3.305   -65.708 -3.057
 
  rho   lat    lon  azim   dip mgfld  sigma eps beta  h'  mds
 1140  55.5   91.0  32.0  80.9 0.584 3.E-03 15. 0.30 74.0   4
 mode  atten   v/c         rel exc 1
   1   3.806  1.00235    -5.210  0.591   -42.789 -4.183   -38.349 -4.220
   2   8.511  1.01617   -48.530  0.670   -38.818 -3.984   -70.570 -3.938
   3  22.773  1.05425   -25.439 -0.401   -42.866  1.254   -37.262  1.371
   4  30.995  1.08664   -55.683 -3.225   -45.051 -1.705   -63.024 -1.442
 
  rho   lat    lon  azim   dip mgfld  sigma eps beta  h'  mds
 1340  57.1   89.3  37.1  81.8 0.584 4.E+00 81. 0.30 74.0   4
 mode  atten   v/c         rel exc 1
   1   2.716  1.00304    -6.065  0.706   -42.747 -4.162   -42.100 -3.652
   2   8.498  1.01619   -50.168  1.434   -40.596 -3.167   -73.257 -3.001
   3  21.450  1.05517   -30.657  1.512   -47.890 -3.106   -42.796 -2.949
   4  30.912  1.08670   -66.288  0.356   -55.835 -4.353   -73.989 -4.093
 
  rho   lat    lon  azim   dip mgfld  sigma eps beta  h'  mds
 2400  64.8   77.7  78.8  84.3 0.569 3.E-04 10. 0.30 74.0   4
 mode  atten   v/c         rel exc 1
   1   6.709  1.00085    -8.711  1.350   -47.310 -3.060   -36.103 -3.862
   2   8.528  1.01619   -57.161 -0.476   -45.782  1.159   -76.721  0.908
   3  25.408  1.05223   -34.440 -2.758   -51.344 -1.024   -45.553 -1.104
   4  31.284  1.08686   -63.227  0.849   -50.715 -3.917   -69.724 -3.766
 
  rho   lat    lon  azim   dip mgfld  sigma eps beta  h'  mds
 2520  65.6   76.0  83.9  84.3 0.567 4.E+00 81. 0.30 74.0   4
 mode  atten   v/c         rel exc 1
   1   2.694  1.00304    -9.733  1.418   -45.928 -3.372   -45.772 -2.942
   2   8.484  1.01628   -62.090 -0.855   -51.552  0.916   -85.133  0.991
   3  21.214  1.05520   -34.368 -0.359   -51.080  1.370   -46.506  1.461
   4  31.075  1.08724   -59.527 -3.108   -48.004 -1.449   -67.165 -1.274
 
  rho   lat    lon  azim   dip mgfld  sigma eps beta  h'  mds
 2720  66.9   72.9  91.7  84.2 0.562 3.E-04 10. 0.30 74.0   4
 mode  atten   v/c         rel exc 1
   1   6.705  1.00086   -10.016  1.504   -48.552 -2.892   -37.406 -3.707
   2   8.524  1.01623   -58.045  0.293   -46.412 -4.332   -77.588 -4.606
   3  25.356  1.05225   -34.444 -3.168   -51.279 -1.426   -45.554 -1.514
   4  31.368  1.08711   -59.627  0.668   -46.831 -4.073   -66.095 -3.946
 
  rho   lat    lon  azim   dip mgfld  sigma eps beta  h'  mds
 2740  67.0   72.5  92.4  84.2 0.561 4.E+00 81. 0.30 74.0   4
 mode  atten   v/c         rel exc 1
   1   2.690  1.00304   -10.418  1.554   -46.578 -3.228   -46.457 -2.807
   2   8.480  1.01631   -64.208 -0.063   -53.495 -4.560   -87.236 -4.501
   3  21.176  1.05522   -42.583 -4.209   -59.259 -2.474   -54.720 -2.390
   4  31.134  1.08742   -65.869  1.089   -54.148 -3.519   -73.486 -3.360
 
  rho   lat    lon  azim   dip mgfld  sigma eps beta  h'  mds
 2760  67.2   72.2  93.1  84.2 0.561 3.E-04 10. 0.30 74.0   4
 mode  atten   v/c         rel exc 1
   1   6.704  1.00086   -10.221  1.524   -48.752 -2.871   -37.610 -3.687
   2   8.524  1.01624   -58.187  0.399   -46.523 -4.223   -77.728 -4.500
   3  25.349  1.05226   -34.034 -2.878   -50.863 -1.134   -45.143 -1.224
   4  31.379  1.08714   -60.615  1.146   -47.785 -3.593   -67.080 -3.468
 
  rho   lat    lon  azim   dip mgfld  sigma eps beta  h'  mds
 2920  68.1   69.4  98.4  84.0 0.557 1.E-05  5. 0.30 74.0   4
 mode  atten   v/c         rel exc 1
   1  41.927  1.00256    -8.796  1.344   -48.997 -0.386   -21.942 -4.410
   2   8.855  1.01595   -51.720  1.435   -37.183 -3.881   -61.438 -4.452
   3  49.467  1.03805   -18.213 -2.334   -40.142 -1.017   -26.451 -1.476
   4  33.104  1.08599   -60.952  1.396   -44.968 -4.102   -63.986 -4.061
 
  rho   lat    lon  azim   dip mgfld  sigma eps beta  h'  mds
 3000  68.6   67.9 100.8  83.8 0.555 4.E+00 81. 0.30 74.0   4
 mode  atten   v/c         rel exc 1
   1   2.686  1.00304   -13.907 -4.687   -50.045 -3.178   -49.944 -2.766
   2   8.475  1.01635   -58.630 -4.645   -47.716 -2.840   -81.638 -2.800
   3  21.131  1.05523   -25.909 -0.729   -42.562  1.011   -38.044  1.090
   4  31.205  1.08765   -54.557 -3.727   -42.606 -2.033   -62.147 -1.893
 
  rho   lat    lon  azim   dip mgfld  sigma eps beta  h'  mds
 3580  71.5   55.2 112.9  82.8 0.540 1.E-04 10. 0.30 74.0   4
 mode  atten   v/c         rel exc 1
   1  10.734  0.99948   -15.107 -4.378   -55.110 -2.137   -38.481 -3.476
   2   8.548  1.01631   -71.386 -4.195   -58.482 -2.579   -88.513 -3.035
   3  28.501  1.05020   -34.360 -1.500   -51.355  0.232   -44.730  0.027
   4  31.804  1.08764   -66.189  0.768   -51.941 -4.020   -71.764 -3.974
 
  rho   lat    lon  azim   dip mgfld  sigma eps beta  h'  mds
 3640  71.8   53.6 113.8  82.7 0.538 4.E+00 81. 0.30 74.0   4
 mode  atten   v/c         rel exc 1
   1   2.672  1.00305   -16.069 -4.306   -52.222 -2.783   -52.104 -2.387
   2   8.458  1.01646   -64.197 -2.668   -52.821 -0.823   -87.155 -0.825
   3  21.001  1.05527   -34.338 -0.082   -51.015 -4.620   -46.469 -4.548
   4  31.362  1.08825   -67.924 -3.766   -55.446 -2.028   -75.445 -1.932
 
  rho   lat    lon  azim   dip mgfld  sigma eps beta  h'  mds
 3680  71.9   52.6 114.3  82.6 0.537 1.E-04 10. 0.30 74.0   4
 mode  atten   v/c         rel exc 1
   1  10.733  0.99948   -15.844 -4.357   -55.853 -2.115   -39.217 -3.456
   2   8.546  1.01633   -74.289 -4.035   -61.319 -2.413   -91.411 -2.876
   3  28.480  1.05021   -41.308 -0.777   -58.309  0.955   -51.677  0.750
   4  31.825  1.08773   -71.809 -4.620   -57.487 -3.117   -77.375 -3.078
 
  rho   lat    lon  azim   dip mgfld  sigma eps beta  h'  mds
 3720  72.1   51.6 114.9  82.5 0.536 1.E-05  5. 0.30 74.0   4
 mode  atten   v/c         rel exc 1
   1  41.950  1.00257   -14.171 -4.552   -54.327  0.008   -27.318 -4.024
   2   8.843  1.01606   -61.490 -4.348   -46.423 -3.324   -71.194 -3.951
   3  49.354  1.03815   -25.195 -1.964   -47.038 -0.645   -33.417 -1.106
   4  33.295  1.08662   -63.769 -4.412   -47.207 -3.568   -66.749 -3.584
 
  rho   lat    lon  azim   dip mgfld  sigma eps beta  h'  mds
 4640  73.7   23.7 122.1  80.7 0.518 1.E-04 10. 0.30 76.2   4
 mode  atten   v/c         rel exc 1
   1  10.193  0.99913   -54.818 -4.016   -94.123 -1.744   -78.268 -3.142
   2   7.757  1.01405   -67.457 -1.819   -55.453 -0.146   -85.185 -0.698
   3  25.383  1.04590   -68.815  1.228   -85.558 -3.321   -79.878 -3.562
   4  27.326  1.07801   -79.519 -1.834   -66.038 -0.293   -86.175 -0.325
 
  rho   lat    lon  azim   dip mgfld  sigma eps beta  h'  mds
 4740  73.6   20.5 122.6  80.5 0.516 4.E+00 81. 0.30 76.2   4
 mode  atten   v/c         rel exc 1
   1   2.363  1.00249   -56.529 -4.034   -91.749 -2.531   -93.908 -2.107
   2   7.706  1.01418   -66.695 -1.759   -56.270  0.170   -90.899  0.094
   3  17.953  1.05072   -67.273 -4.390   -83.571 -2.664   -80.248 -2.594
   4  27.053  1.07850   -80.386 -0.661   -68.730  1.143   -89.107  1.156
 
  rho   lat    lon  azim   dip mgfld  sigma eps beta  h'  mds
 4880  73.5   16.1 123.3  80.2 0.514 4.E+00 81. 0.30 78.3   4
 mode  atten   v/c         rel exc 1
   1   2.138  1.00198   -56.992 -3.993   -91.421 -2.531   -95.781 -2.045
   2   6.794  1.01193   -67.260 -1.391   -58.111  0.582   -92.898  0.469
   3  15.658  1.04663   -68.180 -3.170   -84.295 -1.468   -81.964 -1.389
   4  22.054  1.06939   -88.743 -0.034   -78.263 -4.498   -98.718 -4.527

 OMEGA coverage of the Mediterranean                                             
 freq= 10.2 tlat= 46.4 tlon=  98.3 bearng= 24.0  power=  10.
 z component  incl= 0. headng=  0. talt= 0.0 ralt= 9.0
  dist   amplitude  phase    dist   amplitude  phase    dist   amplitude  phase  
     0.   57.4133    0.0000  1680.   58.0517  141.7621  3360.   47.5923  201.6773
    20.   89.1220  100.1061  1700.   57.9974  142.5043  3380.   47.2966  202.3434
    40.   85.7787  105.7126  1720.   57.9400  143.3143  3400.   47.0122  202.7068
    60.   83.6000  111.0628  1740.   57.8777  144.1821  3420.   46.7493  202.7903
    80.   81.8449  116.1267  1760.   57.8091  145.0960  3440.   46.5175  202.6350
   100.   80.2776  120.8566  1780.   57.7334  146.0441  3460.   46.3244  202.2992
   120.   78.7891  125.1806  1800.   57.6502  147.0139  3480.   46.1750  201.8544
   140.   77.3176  128.9937  1820.   57.5592  147.9937  3500.   46.0708  201.3779
   160.   75.8235  132.1431  1840.   57.4608  148.9722  3520.   46.0098  200.9452
   180.   74.2807  134.4065  1860.   57.3555  149.9394  3540.   45.9872  200.6216
   200.   72.6772  135.4625  1880.   57.2441  150.8865  3560.   45.9958  200.4572
   220.   71.0231  134.8609  1900.   57.1276  151.8061  3580.   46.0272  200.4846
   240.   69.3723  132.0305  1920.   57.0070  152.6927  3600.   45.7467  199.3251
   260.   67.8554  126.4443  1940.   56.8837  153.5422  3620.   45.5651  197.9278
   280.   66.6951  118.1308  1960.   56.7588  154.3525  3640.   45.4200  196.7013
   300.   66.1173  108.3451  1980.   56.6338  155.1233  3660.   45.5864  197.7327
   320.   66.1588   99.2843  2000.   56.5097  155.8557  3680.   45.7182  198.6705
   340.   66.6262   92.5956  2020.   56.3877  156.5526  3700.   45.4950  198.4122
   360.   67.2728   88.6228  2040.   56.2689  157.2181  3720.   45.3359  197.9677
   380.   67.9320   86.9303  2060.   56.1539  157.8575  3740.   44.4759  198.2404
   400.   68.5222   86.9240  2080.   56.0434  158.4768  3760.   43.4596  196.0894
   420.   69.0124   88.1031  2100.   55.9378  159.0826  3780.   42.5274  193.7938
   440.   69.3220   89.7197  2120.   55.8372  159.6816  3800.   41.6826  191.4890
   460.   69.5530   91.8886  2140.   55.7415  160.2802  3820.   40.9221  189.3114
   480.   69.6936   94.4318  2160.   55.6504  160.8845  3840.   40.2368  187.3813
   500.   69.7496   97.2141  2180.   55.5636  161.4997  3860.   39.6133  185.7902
   520.   69.7271  100.1321  2200.   55.4804  162.1301  3880.   39.0360  184.5956
   540.   69.6320  103.1034  2220.   55.4002  162.7791  3900.   38.4893  183.8227
   560.   69.4698  106.0602  2240.   55.3222  163.4488  3920.   37.9589  183.4706
   580.   69.2458  108.9444  2260.   55.2456  164.1402  3940.   37.4323  183.5192
   600.   68.9651  111.7041  2280.   55.1699  164.8535  3960.   36.8997  183.9368
   620.   68.6330  114.2918  2300.   55.0942  165.5875  3980.   36.3531  184.6849
   640.   68.2549  116.6627  2320.   55.0179  166.3406  4000.   35.7867  185.7229
   660.   67.8368  118.7744  2340.   54.9406  167.1104  4020.   35.1961  187.0097
   680.   67.3855  120.5869  2360.   54.8619  167.8937  4040.   34.5783  188.5060
   700.   66.9089  122.0640  2380.   54.7814  168.6875  4060.   33.9314  190.1746
   720.   66.4160  123.1750  2400.   54.6989  169.4883  4080.   33.2543  191.9809
   740.   65.9175  123.8983  2420.   54.4402  169.3204  4100.   32.5463  193.8930
   760.   65.4251  124.2250  2440.   54.2308  169.0180  4120.   31.8077  195.8818
   780.   64.9516  124.1640  2460.   54.0398  168.6862  4140.   31.0388  197.9207
   800.   64.5098  123.7459  2480.   53.8674  168.3520  4160.   30.2404  199.9858
   820.   64.1116  123.0253  2500.   53.7126  168.0409  4180.   29.4137  202.0558
   840.   63.7666  122.0790  2520.   53.5736  167.7760  4200.   28.5600  204.1115
   860.   63.4805  121.0008  2540.   53.5937  168.8314  4220.   27.6807  206.1367
   880.   63.2548  119.8913  2560.   53.5991  169.7656  4240.   26.7773  208.1172
   900.   63.0863  118.8467  2580.   53.5936  170.8012  4260.   25.8515  210.0411
   920.   62.9679  117.9486  2600.   53.5751  171.9185  4280.   24.9047  211.8987
   940.   62.8900  117.2573  2620.   53.5421  173.0967  4300.   23.9384  213.6820
   960.   62.8418  116.8099  2640.   53.4939  174.3148  4320.   22.9537  215.3844
   980.   62.8124  116.6214  2660.   53.4300  175.5521  4340.   21.9518  217.0001
  1000.   62.7921  116.6889  2680.   53.3509  176.7883  4360.   20.9333  218.5234
  1020.   62.7723  116.9966  2700.   53.2573  178.0043  4380.   19.8989  219.9479
  1040.   62.6667  117.0723  2720.   53.1503  179.1826  4400.   18.8490  221.2659
  1060.   62.5671  117.3032  2740.   52.8565  179.3170  4420.   17.7837  222.4677
  1080.   62.4605  117.6799  2760.   52.7445  180.5332  4440.   16.7036  223.5406
  1100.   62.3435  118.1807  2780.   52.4506  180.4681  4460.   15.6089  224.4687
  1120.   62.2137  118.7821  2800.   52.2054  180.2075  4480.   14.5008  225.2332
  1140.   62.0692  119.4604  2820.   51.9793  179.8552  4500.   13.3809  225.8123
  1160.   62.0204  121.0255  2840.   51.7749  179.4425  4520.   12.2516  226.1824
  1180.   61.9345  122.5189  2860.   51.5931  179.0034  4540.   11.1167  226.3202
  1200.   61.8213  124.0332  2880.   51.4337  178.5725  4560.    9.9812  226.2050
  1220.   61.6818  125.5367  2900.   51.2954  178.1825  4580.    8.8514  225.8219
  1240.   61.5176  127.0000  2920.   51.1753  177.8616  4600.    7.7350  225.1666
  1260.   61.3309  128.3964  2940.   50.2392  178.0355  4620.    6.6402  224.2485
  1280.   61.1243  129.7019  2960.   49.1736  175.0791  4640.    5.5750  223.0939
  1300.   60.9012  130.8954  2980.   48.2256  171.9261  4660.    5.4391  224.0156
  1320.   60.6650  131.9593  3000.   47.3993  168.7915  4680.    5.2408  224.1602
  1340.   60.4199  132.8805  3020.   47.8629  169.6176  4700.    5.0351  224.3571
  1360.   60.2104  134.0600  3040.   48.2286  170.2654  4720.    4.8198  224.6269
  1380.   59.9951  135.0233  3060.   48.5518  171.4650  4740.    4.5909  224.9823
  1400.   59.7789  135.8466  3080.   48.8248  173.0955  4760.    4.5995  227.7670
  1420.   59.5665  136.5331  3100.   49.0437  175.0530  4780.    4.5703  230.0077
  1440.   59.3619  137.0925  3120.   49.2072  177.2496  4800.    4.4898  232.3490
  1460.   59.1689  137.5401  3140.   49.3155  179.6104  4820.    4.3540  234.7433
  1480.   58.9907  137.8969  3160.   49.3699  182.0710  4840.    4.1592  237.1358
  1500.   58.8294  138.1877  3180.   49.3721  184.5746  4860.    3.9027  239.4642
  1520.   58.6864  138.4398  3200.   49.3243  187.0703  4880.    3.5824  241.6568
  1540.   58.5619  138.6809  3220.   49.2292  189.5110  4900.    3.2180  243.6357
  1560.   58.4549  138.9374  3240.   49.0900  191.8528  4920.    2.7876  245.1865
  1580.   58.3638  139.2325  3260.   48.9103  194.0538  4940.    2.3144  246.4036
  1600.   58.2862  139.5848  3280.   48.6946  196.0744  4960.    1.8022  247.2209
  1620.   58.2192  140.0082  3300.   48.4481  197.8776  4980.    1.2572  247.5624
  1640.   58.1598  140.5109  3320.   48.1771  199.4299  5000.    0.6894  247.3450
  1660.   58.1049  141.0960  3340.   47.8890  200.7031

 OMEGA coverage of the Mediterranean                                             
 freq= 10.2 tlat= 46.4 tlon=  98.3 bearng= 24.0  power=  10.
 y component  incl= 0. headng=  0. talt= 0.0 ralt= 9.0
  dist   amplitude  phase    dist   amplitude  phase    dist   amplitude  phase  
     0.   57.4133    0.0000  1680.   20.6979  627.7842  3360.   20.9796  700.3235
    20.   59.8301   26.8715  1700.   20.7251  627.6547  3380.   20.2229  709.4164
    40.   56.2170   53.1099  1720.   20.7364  628.4220  3400.   19.2905  718.4644
    60.   54.0007   79.4475  1740.   20.6994  629.9195  3420.   18.1611  727.4451
    80.   52.4505  105.7230  1760.   20.5944  631.9753  3440.   16.8017  736.3337
   100.   51.3375  131.7529  1780.   20.4106  634.4338  3460.   15.1600  745.0978
   120.   50.5547  157.3407  1800.   20.1423  637.1611  3480.   13.1497  753.6867
   140.   50.0348  182.2919  1820.   19.7869  640.0446  3500.   10.6152  762.0032
   160.   49.7252  206.4352  1840.   19.3431  642.9888  3520.    7.2336  769.8056
   180.   49.5786  229.6410  1860.   18.8099  645.9112  3540.    2.1457  776.1949
   200.   49.5517  251.8323  1880.   18.1862  648.7379  3560.   -8.8721  771.7991
   220.   49.6049  272.9844  1900.   17.4694  651.3989  3580.   -5.9976  630.5527
   240.   49.7042  293.1159  1920.   16.6555  653.8228  3600.    6.0576  625.2115
   260.   49.8211  312.2760  1940.   15.7381  655.9290  3620.    8.1876  638.8612
   280.   49.9327  330.5320  1960.   14.7074  657.6174  3640.    9.4155  649.8671
   300.   50.0211  347.9586  1980.   13.5494  658.7497  3660.    8.6851  671.1030
   320.   50.0724  364.6313  2000.   12.2449  659.1174  3680.    8.5501  675.3238
   340.   50.0761  380.6214  2020.   10.7700  658.3843  3700.    9.8610  662.6479
   360.   50.0237  395.9938  2040.    9.1009  655.9777  3720.   10.1129  669.6930
   380.   49.9087  410.8062  2060.    7.2360  650.8978  3740.   12.8501  645.4829
   400.   49.7257  425.1082  2080.    5.2742  641.4940  3760.   13.2912  659.3139
   420.   49.4697  438.9421  2100.    3.6127  625.9119  3780.   13.3441  671.9931
   440.   49.1204  451.7311  2120.    3.0426  605.2767  3800.   13.0484  683.8405
   460.   48.7242  464.6187  2140.    3.8979  586.1986  3820.   12.4130  694.9904
   480.   48.2419  477.1408  2160.    5.4943  573.3418  3840.   11.4168  705.4487
   500.   47.6681  489.3074  2180.    7.1685  565.9914  3860.   10.0007  715.0763
   520.   46.9961  501.1218  2200.    8.6766  562.1835  3880.    8.0431  723.4673
   540.   46.2177  512.5792  2220.    9.9764  560.5319  3900.    5.2986  729.5003
   560.   45.3224  523.6649  2240.   11.0842  560.2191  3920.    1.2563  729.3484
   580.   44.2964  534.3494  2260.   12.0269  560.7654  3940.   -4.3805  704.9938
   600.   43.1216  544.5820  2280.   12.8294  561.8762  3960.   -3.1332  647.4752
   620.   41.7732  554.2784  2300.   13.5126  563.3606  3980.    2.0220  632.5016
   640.   40.2169  563.2949  2320.   14.0936  565.0878  4000.    5.4285  633.9303
   660.   38.4034  571.3786  2340.   14.5865  566.9641  4020.    7.7285  639.6765
   680.   36.2606  578.0512  2360.   15.0031  568.9191  4040.    9.3609  646.9860
   700.   33.6857  582.3212  2380.   15.3538  570.8989  4060.   10.5458  654.9550
   720.   30.5656  581.8987  2400.   15.6479  572.8618  4080.   11.4044  663.1992
   740.   27.0568  571.3488  2420.   17.3691  581.3870  4100.   12.0100  671.5211
   760.   24.9264  544.8521  2440.   16.9263  585.7407  4120.   12.4100  679.8013
   780.   26.2478  519.7061  2460.   16.3562  588.2111  4140.   12.6372  687.9561
   800.   28.6009  509.9788  2480.   15.7577  588.4659  4160.   12.7150  695.9175
   820.   30.5021  508.9491  2500.   15.2801  586.4197  4180.   12.6617  703.6239
   840.   31.8702  511.6541  2520.   15.0966  582.6036  4200.   12.4921  711.0136
   860.   32.8232  516.0081  2540.   13.4828  575.8224  4220.   12.2192  718.0224
   880.   33.4627  521.0758  2560.   14.8027  568.0265  4240.   11.8560  724.5815
   900.   33.8612  526.3772  2580.   16.3485  565.7887  4260.   11.4165  730.6182
   920.   34.0715  531.6330  2600.   17.7415  567.4435  4280.   10.9168  736.0592
   940.   34.1343  536.6632  2620.   18.8804  571.4301  4300.   10.3771  740.8383
   960.   34.0842  541.3451  2640.   19.7628  576.7659  4320.    9.8217  744.9091
   980.   33.9523  545.5980  2660.   20.4106  582.8654  4340.    9.2797  748.2639
  1000.   33.7682  549.3809  2680.   20.8475  589.3668  4360.    8.7821  750.9554
  1020.   33.5604  552.6964  2700.   21.0931  596.0300  4380.    8.3586  753.1115
  1040.   33.5697  556.3619  2720.   21.1624  602.6783  4400.    8.0306  754.9327
  1060.   33.2958  559.2346  2740.   22.0043  608.4496  4420.    7.8065  756.6627
  1080.   33.0495  561.6779  2760.   20.8377  617.9371  4440.    7.6795  758.5407
  1100.   32.8497  563.8330  2780.   21.2369  621.4521  4460.    7.6303  760.7554
  1120.   32.7060  565.8732  2800.   20.5731  628.2973  4480.    7.6327  763.4193
  1140.   32.6174  567.9752  2820.   19.6830  634.0922  4500.    7.6601  766.5696
  1160.   32.1071  572.4346  2840.   18.5684  638.3733  4520.    7.6891  770.1847
  1180.   32.0500  573.7538  2860.   17.2524  640.4280  4540.    7.7014  774.2058
  1200.   32.0823  575.5616  2880.   15.8254  639.2443  4560.    7.6844  778.5557
  1220.   32.1632  578.0276  2900.   14.5321  633.8167  4580.    7.6298  783.1504
  1240.   32.2517  581.1952  2920.   13.8110  624.4767  4600.    7.5336  787.9077
  1260.   32.3130  585.0187  2940.   19.8605  599.2310  4620.    7.3943  792.7500
  1280.   32.3214  589.4032  2960.   20.1679  607.8353  4640.    7.2132  797.6071
  1300.   32.2585  594.2347  2980.   20.1605  615.4736  4660.    7.3661  805.7191
  1320.   32.1122  599.3965  3000.   19.8991  622.0231  4680.    7.0255  811.9808
  1340.   31.8744  604.7758  3020.   17.6149  646.0067  4700.    6.6035  817.9019
  1360.   31.4342  611.5651  3040.   16.0024  644.8320  4720.    6.1090  823.3932
  1380.   30.9457  616.8085  3060.   14.6803  637.5313  4740.    5.5533  828.3607
  1400.   30.3678  621.8724  3080.   14.3837  625.8809  4760.    4.8845  833.6224
  1420.   29.7002  626.6658  3100.   15.3090  616.1559  4780.    4.2652  837.5258
  1440.   28.9437  631.0853  3120.   16.8007  612.1341  4800.    3.6367  840.6581
  1460.   28.1016  635.0106  3140.   18.2848  613.0255  4820.    3.0316  842.9791
  1480.   27.1805  638.3009  3160.   19.5504  617.0782  4840.    2.4884  844.5225
  1500.   26.1932  640.7949  3180.   20.5605  623.0493  4860.    2.0456  845.4266
  1520.   25.1624  642.3190  3200.   21.3299  630.1977  4880.    1.7331  845.9398
  1540.   24.1245  642.7142  3220.   21.8828  638.0875  4900.    2.4061  849.0782
  1560.   23.1330  641.8914  3240.   22.2416  646.4546  4920.    2.1233  851.8542
  1580.   22.2546  639.9169  3260.   22.4236  655.1324  4940.    1.8535  854.4111
  1600.   21.5551  637.0900  3280.   22.4416  664.0115  4960.    1.6050  856.7781
  1620.   21.0743  633.9348  3300.   22.3037  673.0170  4980.    1.3845  858.9985
  1640.   20.8066  631.0535  3320.   22.0144  682.0957  5000.    1.1966  861.1270
  1660.   20.7037  628.9236  3340.   21.5741  691.2081
nc nrpt bearng  rhomx  rlat   rlon   rrho    pwr    dist incl headng talt ralt
 2  251   24.0 11000.  99.0    0.0     0.    10.      0.   0.    0.0  0.0  9.0

OMEGA coverage of the Mediterranean                                             
freq= 10.2 tlat= 46.4 tlon=  98.3 bearng= 48.0  power=  10.
incl= 0. headng=  0. talt= 0.0 ralt= 9.0
 
  rho   lat    lon  azim   dip mgfld  sigma eps beta  h'  mds
    0  46.4   98.3  40.0  73.9 0.565 1.E-02 15. 0.30 74.0   4
 mode  atten   v/c         rel exc 1
   1   3.124  1.00267    -0.120  0.090   -38.791  1.317   -34.705 -4.564
   2   8.380  1.01646   -39.698 -3.461   -29.630 -1.782   -62.108 -1.715
   3  20.510  1.05475    -1.402  0.030   -20.498  1.421   -13.386 -4.477
   4  31.193  1.08853   -28.631 -3.291   -17.406 -1.685   -35.927 -1.485
 
  rho   lat    lon  azim   dip mgfld  sigma eps beta  h'  mds
  240  47.8   95.9  43.9  75.3 0.571 1.E-03 15. 0.30 74.0   4
 mode  atten   v/c         rel exc 1
   1   4.561  1.00184    -0.775  0.225   -40.099 -4.650   -31.666  1.494
   2   8.400  1.01639   -41.894 -2.483   -31.356 -0.833   -63.003 -0.921
   3  22.071  1.05363    -6.147 -3.580   -25.001 -2.144   -17.737 -1.866
   4  31.205  1.08814   -35.818  0.882   -24.073 -3.830   -42.712 -3.658
 
  rho   lat    lon  azim   dip mgfld  sigma eps beta  h'  mds
 1080  52.3   86.5  63.6  78.8 0.579 1.E-02 15. 0.30 74.0   4
 mode  atten   v/c         rel exc 1
   1   3.115  1.00266    -4.686  0.575   -42.371 -4.323   -39.284 -4.080
   2   8.389  1.01634   -51.122  0.320   -40.368 -4.197   -73.589 -4.216
   3  20.483  1.05471   -22.852 -0.681   -40.820  0.862   -34.844  1.095
   4  31.042  1.08789   -56.217 -3.843   -44.315 -2.158   -63.586 -2.038
 
  rho   lat    lon  azim   dip mgfld  sigma eps beta  h'  mds
 1240  53.1   84.5  68.4  79.2 0.578 3.E-03 15. 0.30 74.0   4
 mode  atten   v/c         rel exc 1
   1   3.638  1.00234    -5.139  0.659   -43.058 -4.168   -38.269 -4.169
   2   8.396  1.01633   -52.857  0.781   -41.849 -3.740   -74.826 -3.831
   3  21.079  1.05429   -26.295  1.194   -44.148 -3.526   -38.135 -3.337
   4  31.069  1.08783   -60.166 -0.927   -47.981  0.752   -67.372  0.855
 
  rho   lat    lon  azim   dip mgfld  sigma eps beta  h'  mds
 1440  54.0   81.9  74.6  79.6 0.577 4.E+00 81. 0.30 74.0   4
 mode  atten   v/c         rel exc 1
   1   2.546  1.00303    -5.947  0.772   -42.982 -4.145   -42.068 -3.606
   2   8.383  1.01636   -54.071 -4.686   -43.188 -2.867   -77.084 -2.844
   3  19.782  1.05519   -32.922 -2.736   -50.608 -1.159   -45.087 -0.933
   4  31.012  1.08797   -62.701 -3.811   -50.670 -2.076   -70.257 -1.979
 
  rho   lat    lon  azim   dip mgfld  sigma eps beta  h'  mds
 1620  54.8   79.4  80.4  79.8 0.575 1.E-04 10. 0.30 74.0   4
 mode  atten   v/c         rel exc 1
   1  10.634  0.99949    -5.984  0.816   -46.764 -3.362   -29.337 -4.568
   2   8.468  1.01622   -60.736  0.867   -48.168 -3.810   -77.884 -4.259
   3  27.284  1.05018   -28.478 -3.027   -46.362 -1.439   -38.852 -1.513
   4  31.442  1.08740   -56.733 -0.133   -42.770  1.376   -62.335  1.406
 
  rho   lat    lon  azim   dip mgfld  sigma eps beta  h'  mds
 1700  55.1   78.3  83.0  79.8 0.574 4.E+00 81. 0.30 74.0   4
 mode  atten   v/c         rel exc 1
   1   2.546  1.00303    -7.213  0.888   -44.099 -4.004   -43.333 -3.490
   2   8.382  1.01637   -55.610 -4.017   -44.513 -2.174   -78.615 -2.175
   3  19.774  1.05520   -28.260 -0.948   -45.784  0.653   -40.424  0.855
   4  31.034  1.08804   -55.511 -4.520   -43.247 -2.762   -63.059 -2.688
 
  rho   lat    lon  azim   dip mgfld  sigma eps beta  h'  mds
 1740  55.2   77.7  84.2  79.9 0.573 1.E-04 10. 0.30 74.0   4
 mode  atten   v/c         rel exc 1
   1  10.634  0.99949    -6.927  0.837   -47.642 -3.330   -30.279 -4.547
   2   8.468  1.01623   -63.622  1.109   -50.955 -3.557   -80.767 -4.017
   3  27.280  1.05019   -35.530 -2.529   -53.342 -0.931   -45.903 -1.015
   4  31.456  1.08745   -69.434  1.433   -55.363 -3.330   -75.031 -3.311
 
  rho   lat    lon  azim   dip mgfld  sigma eps beta  h'  mds
 2620  58.0   64.2 107.8  78.8 0.554 3.E-04 10. 0.30 74.0   4
 mode  atten   v/c         rel exc 1
   1   6.577  1.00087   -16.455  0.777   -55.360 -3.665   -43.812 -4.440
   2   8.421  1.01640   -67.552 -2.684   -54.760 -0.881   -87.033 -1.301
   3  23.901  1.05231   -42.400 -0.227   -59.697  1.442   -53.510  1.410
   4  31.422  1.08830   -74.464 -3.609   -60.274 -1.897   -80.801 -1.941
 
  rho   lat    lon  azim   dip mgfld  sigma eps beta  h'  mds
 2740  58.3   62.2 110.2  78.6 0.551 4.E+00 81. 0.30 74.0   4
 mode  atten   v/c         rel exc 1
   1   2.541  1.00303   -17.515  0.849   -54.051 -3.970   -53.628 -3.530
   2   8.371  1.01650   -64.695 -2.841   -52.697 -0.900   -87.636 -1.001
   3  19.661  1.05522   -38.996  0.317   -56.182 -4.298   -51.159 -4.164
   4  31.183  1.08874   -72.640 -2.965   -59.329 -1.117   -80.108 -1.133
 
  rho   lat    lon  azim   dip mgfld  sigma eps beta  h'  mds
 3840  59.1   43.2 123.6  75.4 0.519 4.E+00 81. 0.30 76.2   4
 mode  atten   v/c         rel exc 1
   1   2.235  1.00248   -20.501  1.562   -56.007 -3.272   -57.970 -2.812
   2   7.614  1.01434   -81.981  0.469   -70.688 -3.707  -106.101 -3.967
   3  16.700  1.05066   -49.856  1.091   -66.554 -3.546   -62.863 -3.411
   4  27.185  1.07957   -79.336  1.506   -66.558 -2.772   -87.923 -2.962
 
  rho   lat    lon  azim   dip mgfld  sigma eps beta  h'  mds
 4040  58.9   39.7 124.9  74.8 0.514 4.E+00 81. 0.30 78.3   4
 mode  atten   v/c         rel exc 1
   1   2.003  1.00197   -21.136 -4.616   -55.797 -3.240   -60.040 -2.690
   2   6.744  1.01220   -83.221 -2.933   -73.366 -0.722  -108.689 -1.080
   3  14.398  1.04657   -49.819 -4.048   -66.260 -2.470   -63.636 -2.284
   4  22.722  1.07081   -90.523 -0.270   -79.094 -4.458  -100.294  1.523
 
  rho   lat    lon  azim   dip mgfld  sigma eps beta  h'  mds
 4260  58.7   35.9 126.1  74.1 0.508 4.E+00 81. 0.30 80.5   4
 mode  atten   v/c         rel exc 1
   1   1.787  1.00146   -21.781 -4.524   -55.786 -3.269   -62.395 -2.571
   2   5.615  1.01009   -73.779 -2.872   -65.311 -0.532  -100.832 -1.024
   3  12.307  1.04257   -58.968 -3.683   -75.440 -2.211   -73.641 -1.935
   4  17.671  1.06281   -88.686  0.135   -78.436 -3.949   -99.666 -4.389
 
  rho   lat    lon  azim   dip mgfld  sigma eps beta  h'  mds
 4460  58.3   32.5 127.1  73.5 0.502 4.E+00 81. 0.30 82.7   5
 mode  atten   v/c         rel exc 1
   1   1.597  1.00097   -22.367 -4.464   -55.581 -3.408   -64.955 -2.466
   2   4.380  1.00821   -68.022 -3.139   -61.031 -0.635   -96.795 -1.310
   3  10.518  1.03892   -54.522 -4.399   -70.950 -3.118   -70.038 -2.665
   4  13.012  1.05619   -82.683 -0.478   -73.587 -4.406   -94.771  1.244
   5  22.582  1.13502   -56.848 -2.320   -55.347 -0.920   -59.930 -0.600
 
  rho   lat    lon  azim   dip mgfld  sigma eps beta  h'  mds
 4920  57.2   25.1 128.8  72.0 0.491 4.E+00 81. 0.30 84.8   6
 mode  atten   v/c         rel exc 1
   1   1.436  1.00053   -23.346 -4.371   -54.980 -3.539   -68.179 -2.303
   2   3.383  1.00672   -63.931 -3.168   -58.928 -0.481   -94.345 -1.361
   3   9.063  1.03573   -55.974  1.341   -71.620 -3.872   -72.285 -3.220
   4   9.861  1.05108   -75.215 -0.973   -67.689  1.558   -88.235  0.721
   5  17.110  1.12161   -59.300 -2.273   -57.922 -1.105   -63.559 -0.583
   6  27.958  1.13749   -74.466 -0.247   -68.582 -4.007   -77.324  1.508

 OMEGA coverage of the Mediterranean                                             
 freq= 10.2 tlat= 46.4 tlon=  98.3 bearng= 48.0  power=  10.
 z component  incl= 0. headng=  0. talt= 0.0 ralt= 9.0
  dist   amplitude  phase    dist   amplitude  phase    dist   amplitude  phase  
     0.   57.4133    0.0000  1680.   57.9391  136.7772  3360.   43.3710  161.1099
    20.   89.1347   99.7999  1700.   57.6988  135.8858  3380.   43.2972  162.1454
    40.   85.8017  105.4525  1720.   57.7583  137.1463  3400.   43.2148  163.1623
    60.   83.6321  110.8580  1740.   57.7931  138.1908  3420.   43.1248  164.1504
    80.   81.8848  115.9878  1760.   57.4837  137.9417  3440.   43.0286  165.1017
   100.   80.3239  120.7963  1780.   57.2385  137.4073  3460.   42.9277  166.0099
   120.   78.8401  125.2153  1800.   57.0057  136.9173  3480.   42.8235  166.8710
   140.   77.3711  129.1441  1820.   56.7831  136.4853  3500.   42.7177  167.6832
   160.   75.8757  132.4350  1840.   56.5682  136.1208  3520.   42.6118  168.4470
   180.   74.3256  134.8704  1860.   56.3587  135.8294  3540.   42.5075  169.1649
   200.   72.7045  136.1289  1880.   56.1519  135.6131  3560.   42.4060  169.8411
   220.   71.0166  135.7455  1900.   55.9453  135.4698  3580.   42.3084  170.4816
   240.   69.3072  133.0949  1920.   55.7368  135.3948  3600.   42.2157  171.0936
   260.   67.6676  127.1501  1940.   55.5244  135.3806  3620.   42.1284  171.6852
   280.   66.3859  118.0526  1960.   55.3066  135.4178  3640.   42.0469  172.2649
   300.   65.7408  107.1247  1980.   55.0823  135.4957  3660.   41.9713  172.8410
   320.   65.7957   96.9322  2000.   54.8505  135.6028  3680.   41.9012  173.4215
   340.   66.3250   89.4351  2020.   54.6109  135.7272  3700.   41.8363  174.0135
   360.   67.0400   84.9848  2040.   54.3635  135.8574  3720.   41.7758  174.6232
   380.   67.7549   83.0242  2060.   54.1085  135.9823  3740.   41.7190  175.2551
   400.   68.3854   82.8590  2080.   53.8465  136.0919  3760.   41.6649  175.9128
   420.   68.9033   83.9328  2100.   53.5784  136.1776  3780.   41.6126  176.5979
   440.   69.3046   85.8503  2120.   53.3052  136.2320  3800.   41.5611  177.3112
   460.   69.5950   88.3372  2140.   53.0281  136.2498  3820.   41.5096  178.0516
   480.   69.7827   91.2013  2160.   52.7486  136.2274  3840.   41.4572  178.8175
   500.   69.8763   94.3040  2180.   52.4678  136.1631  3860.   41.4644  179.5729
   520.   69.8836   97.5416  2200.   52.1873  136.0571  3880.   41.3990  180.5515
   540.   69.8115  100.8327  2220.   51.9081  135.9115  3900.   41.3234  181.5085
   560.   69.6662  104.1110  2240.   51.6316  135.7299  3920.   41.2387  182.4329
   580.   69.4530  107.3191  2260.   51.3586  135.5175  3940.   41.1464  183.3154
   600.   69.1770  110.4052  2280.   51.0899  135.2800  3960.   41.0479  184.1487
   620.   68.8429  113.3207  2300.   50.8260  135.0244  3980.   40.9450  184.9276
   640.   68.4557  116.0180  2320.   50.5671  134.7575  4000.   40.8394  185.6494
   660.   68.0206  118.4498  2340.   50.3134  134.4862  4020.   40.7328  186.3133
   680.   67.5437  120.5687  2360.   50.0646  134.2171  4040.   40.6269  186.9208
   700.   67.0323  122.3273  2380.   49.8203  133.9561  4060.   40.5858  187.3841
   720.   66.4950  123.6805  2400.   49.5801  133.7080  4080.   40.4824  188.0711
   740.   65.9429  124.5883  2420.   49.3433  133.4768  4100.   40.3755  188.6994
   760.   65.3889  125.0214  2440.   49.1092  133.2653  4120.   40.2666  189.2664
   780.   64.8484  124.9678  2460.   48.8770  133.0754  4140.   40.1574  189.7716
   800.   64.3384  124.4414  2480.   48.6461  132.9075  4160.   40.0496  190.2165
   820.   63.8761  123.4895  2500.   48.4156  132.7615  4180.   39.9447  190.6044
   840.   63.4773  122.1966  2520.   48.1851  132.6362  4200.   39.8443  190.9406
   860.   63.1533  120.6803  2540.   47.9537  132.5298  4220.   39.7496  191.2321
   880.   62.9093  119.0797  2560.   47.7212  132.4397  4240.   39.6617  191.4872
   900.   62.7435  117.5361  2580.   47.4871  132.3630  4260.   39.5813  191.7155
   920.   62.6471  116.1742  2600.   47.2511  132.2966  4280.   39.5850  191.8887
   940.   62.6069  115.0875  2620.   47.0131  132.2371  4300.   39.5138  192.2901
   960.   62.6073  114.3325  2640.   46.9113  132.9043  4320.   39.4423  192.6712
   980.   62.6328  113.9313  2660.   46.7858  133.5846  4340.   39.3707  193.0318
  1000.   62.6694  113.8780  2680.   46.6449  134.2818  4360.   39.2998  193.3724
  1020.   62.7053  114.1475  2700.   46.4892  134.9769  4380.   39.2298  193.6941
  1040.   62.7313  114.7032  2720.   46.3195  135.6524  4400.   39.1614  193.9984
  1060.   62.7404  115.5025  2740.   46.1370  136.2925  4420.   39.0948  194.2874
  1080.   62.7279  116.5009  2760.   46.0872  138.1762  4440.   39.0305  194.5634
  1100.   62.7504  118.1242  2780.   46.0092  139.7848  4460.   38.9686  194.8291
  1120.   62.7314  119.7926  2800.   45.9069  141.3491  4480.   38.8498  195.5122
  1140.   62.6787  121.5368  2820.   45.7824  142.8436  4500.   38.7768  195.4486
  1160.   62.5929  123.3154  2840.   45.6386  144.2454  4520.   38.7366  195.4123
  1180.   62.4751  125.0906  2860.   45.4787  145.5349  4540.   38.7202  195.5056
  1200.   62.3271  126.8275  2880.   45.3064  146.6960  4560.   38.7130  195.7823
  1220.   62.1512  128.4944  2900.   45.1257  147.7169  4580.   38.6992  196.2406
  1240.   61.9502  130.0618  2920.   44.9410  148.5907  4600.   38.6660  196.8308
  1260.   61.7056  131.3338  2940.   44.7570  149.3163  4620.   38.6061  197.4732
  1280.   61.4486  132.4644  2960.   44.5782  149.8989  4640.   38.5188  198.0783
  1300.   61.1812  133.4221  2980.   44.4092  150.3503  4660.   38.4094  198.5666
  1320.   60.9087  134.1964  3000.   44.2538  150.6890  4680.   38.2882  198.8846
  1340.   60.6369  134.7836  3020.   44.1152  150.9388  4700.   38.1678  199.0160
  1360.   60.3717  135.1882  3040.   43.9957  151.1283  4720.   38.0602  198.9852
  1380.   60.1187  135.4236  3060.   43.8964  151.2882  4740.   37.9742  198.8502
  1400.   59.8833  135.5119  3080.   43.8171  151.4497  4760.   37.9131  198.6870
  1420.   59.6699  135.4837  3100.   43.7567  151.6417  4780.   37.8743  198.5686
  1440.   59.4813  135.3758  3120.   43.7128  151.8895  4800.   37.8505  198.5464
  1460.   59.3593  135.6168  3140.   43.6826  152.2128  4820.   37.8324  198.6407
  1480.   59.2562  135.8080  3160.   43.6626  152.6254  4840.   37.8111  198.8395
  1500.   59.1715  136.0435  3180.   43.6492  153.1347  4860.   37.7804  199.1071
  1520.   59.1024  136.3463  3200.   43.6390  153.7426  4880.   37.7377  199.3959
  1540.   59.0456  136.7332  3220.   43.6285  154.4455  4900.   37.6842  199.6593
  1560.   58.9974  137.2147  3240.   43.6149  155.2359  4920.   37.6245  199.8629
  1580.   58.9542  137.7948  3260.   43.5959  156.1032  4940.   37.5318  199.9442
  1600.   58.9124  138.4718  3280.   43.5696  157.0344  4960.   37.4908  199.8805
  1620.   58.8688  139.2394  3300.   43.5345  158.0153  4980.   37.4698  199.8566
  1640.   58.4989  138.6563  3320.   43.4899  159.0313  5000.   37.4631  199.9290
  1660.   58.2052  137.7129  3340.   43.4354  160.0675

 OMEGA coverage of the Mediterranean                                             
 freq= 10.2 tlat= 46.4 tlon=  98.3 bearng= 48.0  power=  10.
 y component  incl= 0. headng=  0. talt= 0.0 ralt= 9.0
  dist   amplitude  phase    dist   amplitude  phase    dist   amplitude  phase  
     0.   57.4133    0.0000  1680.   24.9258  608.3849  3360.   10.4691  937.1141
    20.   59.4409   21.3344  1700.   24.7511  616.5991  3380.   10.2586  940.5226
    40.   55.8617   47.7182  1720.   23.8735  635.5161  3400.   10.0277  943.4733
    60.   53.6791   74.1661  1740.   22.5892  642.1006  3420.    9.7900  945.9775
    80.   52.1613  100.5179  1760.   21.3748  628.9325  3440.    9.5587  948.0653
   100.   51.0782  126.5946  1780.   20.6525  631.3669  3460.    9.3461  949.7866
   120.   50.3216  152.2060  1800.   19.8265  632.8259  3480.    9.1616  951.2094
   140.   49.8240  177.1654  1820.   18.9420  632.9833  3500.    9.0116  952.4134
   160.   49.5329  201.3087  1840.   18.0753  631.5797  3520.    8.8988  953.4828
   180.   49.4013  224.5123  1860.   17.3355  628.5872  3540.    8.8219  954.4960
   200.   49.3863  246.7033  1880.   16.8413  624.4188  3560.    8.7769  955.5190
   220.   49.4493  267.8589  1900.   16.6644  619.9604  3580.    8.7578  956.6003
   240.   49.5564  287.9985  1920.   16.7838  616.2319  3600.    8.7578  957.7702
   260.   49.7596  305.4762  1940.   17.1013  613.9219  3620.    8.7704  959.0427
   280.   49.9032  323.9373  1960.   17.5016  613.2263  3640.    8.7901  960.4198
   300.   50.0194  341.5547  1980.   17.8940  614.0011  3660.    8.8125  961.8953
   320.   50.0958  358.4096  2000.   18.2222  615.9686  3680.    8.8343  963.4594
   340.   50.1227  374.5762  2020.   18.4561  618.8423  3700.    8.8535  965.1012
   360.   50.0926  390.1203  2040.   18.5823  622.3740  3720.    8.8689  966.8116
   380.   49.9996  405.0998  2060.   18.5963  626.3619  3740.    8.8795  968.5841
   400.   49.8387  419.5642  2080.   18.4983  630.6437  3760.    8.8850  970.4147
   420.   49.6053  433.5557  2100.   18.2908  635.0870  3780.    8.8847  972.3022
   440.   49.2954  447.1092  2120.   17.9775  639.5807  3800.    8.8778  974.2468
   460.   48.9046  460.2526  2140.   17.5626  644.0274  3820.    8.8634  976.2493
   480.   48.4284  473.0072  2160.   17.0510  648.3383  3840.    8.8399  978.3097
   500.   47.8615  485.3876  2180.   16.4480  652.4294  3860.   10.0413  986.9952
   520.   47.1979  497.4010  2200.   15.7604  656.2192  3880.    9.5712  991.4070
   540.   46.4299  509.0462  2220.   14.9964  659.6284  3900.    9.0199  995.1530
   560.   45.5480  520.3123  2240.   14.1666  662.5818  3920.    8.4042  998.1303
   580.   44.5402  531.1743  2260.   13.2844  665.0131  3940.    7.7465 1000.2382
   600.   43.3907  541.5886  2280.   12.3666  666.8738  3960.    7.0774 1001.3978
   620.   42.0783  551.4818  2300.   11.4329  668.1452  3980.    6.4352 1001.5847
   640.   40.5742  560.7318  2320.   10.5046  668.8521  4000.    5.8636 1000.8685
   660.   38.8381  569.1295  2340.    9.6017  669.0721  4020.    5.4032  999.4417
   680.   36.8126  576.2971  2360.    8.7388  668.9357  4040.    5.0810  997.6105
   700.   34.4176  581.4962  2380.    7.9210  668.6086  4060.    6.7393  997.9709
   720.   31.5575  583.1460  2400.    7.1421  668.2613  4080.    6.4271 1000.3575
   740.   28.2457  577.6523  2420.    6.3848  668.0347  4100.    6.0559 1002.5322
   760.   25.3253  558.9282  2440.    5.6237  668.0136  4120.    5.6265 1004.4170
   780.   25.1008  532.1300  2460.    4.8293  668.2158  4140.    5.1415 1005.9214
   800.   27.0126  516.5751  2480.    3.9711  668.5924  4160.    4.6070 1006.9421
   820.   28.9370  512.1290  2500.    3.0195  669.0329  4180.    4.0333 1007.3651
   840.   30.3771  512.9674  2520.    1.9459  669.3660  4200.    3.4375 1007.0723
   860.   31.3803  516.1425  2540.    0.7230  669.3489  4220.    2.8455 1005.9590
   880.   32.0454  520.3251  2560.   -0.6752  668.6363  4240.    2.2931 1003.9651
   900.   32.4525  524.8504  2580.   -2.2698  666.7198  4260.    1.8248 1001.1194
   920.   32.6630  529.3430  2600.   -4.0634  662.8235  4280.    3.7033  996.2291
   940.   32.7266  533.5714  2620.   -5.9990  655.7863  4300.    3.5050  997.3170
   960.   32.6867  537.3906  2640.   -3.0326  683.6393  4320.    3.2598  998.2644
   980.   32.5840  540.7256  2660.   -7.4958  696.9697  4340.    2.9707  998.9979
  1000.   32.4567  543.5707  2680.  -16.7794  725.6080  4360.    2.6429  999.4420
  1020.   32.3393  545.9940  2700.  -15.5893  860.7490  4380.    2.2844  999.5215
  1040.   32.2587  548.1332  2720.   -7.7609  884.6816  4400.    1.9068  999.1661
  1060.   32.2307  550.1752  2740.   -4.0947  896.7002  4420.    1.5254  998.3177
  1080.   32.2575  552.3209  2760.   -9.0042  895.3733  4440.    1.1599  996.9429
  1100.   31.9478  557.7434  2780.   -4.6580  895.7999  4460.    0.8334  995.0475
  1120.   31.9292  559.1809  2800.   -2.0817  901.8289  4480.   -2.7500 1101.8107
  1140.   32.0110  561.0590  2820.   -0.4915  909.4170  4500.   -8.6930 1199.1346
  1160.   32.1518  563.6003  2840.    0.4265  917.5003  4520.   -0.9178 1262.7567
  1180.   32.3069  566.8833  2860.    0.8088  925.6494  4540.    3.4033 1287.6367
  1200.   32.4377  570.8784  2880.    0.7041  933.6005  4560.    5.7866 1306.6461
  1220.   32.5149  575.4955  2900.    0.0976  941.0845  4580.    7.1083 1323.8284
  1240.   32.5178  580.6192  2920.   -1.0976  947.6667  4600.    7.6982 1340.2173
  1260.   32.5427  585.8838  2940.   -3.0898  952.3615  4620.    7.6920 1356.2271
  1280.   32.3560  591.9152  2960.   -6.3441  952.0864  4640.    7.1303 1372.1071
  1300.   32.0532  598.0886  2980.  -11.5080  932.4470  4660.    5.9822 1388.1035
  1320.   31.6294  604.2911  3000.  -11.4338  869.9829  4680.    4.1288 1404.6179
  1340.   31.0802  610.4109  3020.   -5.4227  847.9872  4700.    1.2850 1422.6216
  1360.   30.4002  616.3276  3040.   -1.2688  846.7755  4720.   -3.2623 1445.6377
  1380.   29.5835  621.9009  3060.    1.6382  850.6173  4740.  -10.8378 1497.1860
  1400.   28.6238  626.9548  3080.    3.8095  856.2090  4760.   -8.1490 1594.2745
  1420.   27.5158  631.2545  3100.    5.4955  862.5280  4780.   -2.5987 1627.3290
  1440.   26.2595  634.4758  3120.    6.8320  869.1559  4800.    0.3205 1646.3640
  1460.   24.9238  638.4889  3140.    7.9003  875.8855  4820.    1.8647 1661.7162
  1480.   23.2763  638.3804  3160.    8.7530  882.5974  4840.    2.5093 1675.2362
  1500.   21.6180  634.8773  3180.    9.4265  889.2139  4860.    2.4336 1687.2753
  1520.   20.2443  627.4037  3200.    9.9471  895.6780  4880.    1.6814 1697.5546
  1540.   19.5550  617.1993  3220.   10.3351  901.9435  4900.    0.2091 1705.0553
  1560.   19.6924  607.6411  3240.   10.6065  907.9699  4920.   -2.0596 1707.1078
  1580.   20.3598  601.4335  3260.   10.7747  913.7197  4940.   -9.7078 1686.5449
  1600.   21.1728  598.9011  3280.   10.8517  919.1568  4960.   -5.9555 1641.8611
  1620.   21.9091  599.1783  3300.   10.8486  924.2463  4980.   -1.2661 1636.5358
  1640.   24.2895  591.6170  3320.   10.7762  928.9551  5000.    1.7672 1642.4822
  1660.   24.7900  599.9943  3340.   10.6458  933.2527
 2  251   48.0 11000.  99.0    0.0     0.    10.      0.   0.    0.0  0.0  9.0

OMEGA coverage of the Mediterranean                                             
freq= 10.2 tlat= 46.4 tlon=  98.3 bearng= 72.0  power=  10.
incl= 0. headng=  0. talt= 0.0 ralt= 9.0
 
  rho   lat    lon  azim   dip mgfld  sigma eps beta  h'  mds
    0  46.4   98.3  64.0  73.9 0.565 1.E-02 15. 0.30 74.0   4
 mode  atten   v/c         rel exc 1
   1   2.996  1.00265    -0.144  0.084   -38.754  1.327   -34.763 -4.584
   2   8.297  1.01655   -40.799 -3.575   -29.522 -1.765   -63.172 -1.832
   3  19.225  1.05464    -1.469  0.023   -20.569  1.407   -13.490 -4.499
   4  31.077  1.08924   -29.985 -3.450   -17.357 -1.701   -37.204 -1.647
 
  rho   lat    lon  azim   dip mgfld  sigma eps beta  h'  mds
  160  46.8   96.3  67.2  74.5 0.568 1.E-03 15. 0.30 74.0   4
 mode  atten   v/c         rel exc 1
   1   4.442  1.00183    -0.417  0.170   -39.772 -4.705   -31.292  1.430
   2   8.318  1.01649   -42.365 -2.876   -30.677 -1.100   -63.427 -1.317
   3  20.838  1.05355    -4.452 -4.449   -23.399 -3.035   -16.068 -2.749
   4  31.143  1.08896   -34.732 -0.581   -21.647  1.131   -41.536  1.161
 
  rho   lat    lon  azim   dip mgfld  sigma eps beta  h'  mds
  360  47.3   93.8  71.5  75.1 0.570 3.E-03 15. 0.30 74.0   4
 mode  atten   v/c         rel exc 1
   1   3.526  1.00234    -1.296  0.256   -39.923 -4.676   -34.426 -4.582
   2   8.315  1.01649   -44.064 -2.305   -32.475 -0.481   -65.962 -0.637
   3  19.894  1.05422    -8.499 -2.257   -27.217 -0.817   -20.366 -0.518
   4  31.073  1.08895   -41.044 -3.489   -28.081 -1.732   -48.125 -1.710
 
  rho   lat    lon  azim   dip mgfld  sigma eps beta  h'  mds
  620  47.8   90.4  77.6  75.7 0.571 1.E-02 15. 0.30 74.0   4
 mode  atten   v/c         rel exc 1
   1   3.003  1.00265    -2.267  0.394   -40.328 -4.554   -36.888 -4.273
   2   8.312  1.01648   -46.282 -1.496   -34.664  0.370   -68.685  0.248
   3  19.346  1.05465   -13.500  0.567   -31.950 -4.245   -25.517 -3.953
   4  31.029  1.08891   -49.381  1.085   -36.398 -3.401   -56.636 -3.395
 
  rho   lat    lon  azim   dip mgfld  sigma eps beta  h'  mds
  960  48.4   85.9  86.2  76.2 0.571 1.E-03 15. 0.30 74.0   4
 mode  atten   v/c         rel exc 1
   1   4.450  1.00183    -3.223  0.571   -41.917 -4.192   -34.101 -4.452
   2   8.334  1.01644   -48.544 -0.403   -36.362  1.448   -69.628  1.156
   3  20.931  1.05355   -20.143 -2.077   -38.356 -0.553   -31.758 -0.376
   4  31.115  1.08871   -59.259  0.699   -45.651 -3.807   -66.091 -3.843
 
  rho   lat    lon  azim   dip mgfld  sigma eps beta  h'  mds
 1800  49.0   74.5 106.9  75.6 0.560 1.E-04 10. 0.30 74.0   4
 mode  atten   v/c         rel exc 1
   1  10.558  0.99950    -6.634  0.847   -47.336 -3.308   -29.968 -4.539
   2   8.399  1.01640   -66.254 -4.059   -52.376 -2.277   -83.349 -2.901
   3  26.346  1.05022   -31.687 -3.608   -49.506 -2.019   -42.056 -2.104
   4  31.517  1.08852   -64.452 -0.061   -48.942 -4.648   -69.934  1.478
 
  rho   lat    lon  azim   dip mgfld  sigma eps beta  h'  mds
 1840  49.0   73.9 107.8  75.5 0.559 1.E-03 15. 0.30 74.0   4
 mode  atten   v/c         rel exc 1
   1   4.460  1.00183    -7.372  0.897   -45.537 -3.773   -38.248 -4.125
   2   8.332  1.01651   -57.187 -3.697   -44.281 -1.751   -78.242 -2.138
   3  21.022  1.05358   -44.284 -0.228   -61.915  1.385   -55.894  1.474
   4  31.211  1.08903   -65.734 -4.601   -51.333 -2.730   -72.530 -2.859
 
  rho   lat    lon  azim   dip mgfld  sigma eps beta  h'  mds
 1960  49.0   72.3 110.3  75.2 0.556 1.E-04 10. 0.30 74.0   4
 mode  atten   v/c         rel exc 1
   1  10.560  0.99951    -7.588  0.893   -48.216 -3.248   -30.921 -4.492
   2   8.398  1.01642   -69.035 -2.710   -55.011 -0.908   -86.124 -1.553
   3  26.356  1.05023   -31.394 -3.326   -49.132 -1.725   -41.762 -1.822
   4  31.545  1.08863   -67.052 -0.716   -51.378  1.000   -72.521  0.824
 
  rho   lat    lon  azim   dip mgfld  sigma eps beta  h'  mds
 2020  49.0   71.5 111.6  75.1 0.555 1.E-03 15. 0.30 74.0   4
 mode  atten   v/c         rel exc 1
   1   4.461  1.00183    -8.513  0.939   -46.600 -3.715   -39.389 -4.083
   2   8.330  1.01654   -59.197 -3.209   -46.126 -1.240   -80.242 -1.650
   3  21.034  1.05359   -38.596 -1.213   -56.142  0.414   -50.204  0.489
   4  31.242  1.08916   -70.918 -4.476   -56.328 -2.584   -77.698 -2.734
 
  rho   lat    lon  azim   dip mgfld  sigma eps beta  h'  mds
 2220  48.9   68.7 115.3  74.5 0.549 4.E+00 81. 0.30 74.0   4
 mode  atten   v/c         rel exc 1
   1   2.450  1.00303    -9.553  1.044   -46.273 -3.793   -45.720 -3.347
   2   8.301  1.01662   -58.485 -2.810   -45.700 -0.749   -81.376 -0.974
   3  18.759  1.05516   -35.948  0.424   -53.400 -4.225   -48.135 -4.068
   4  31.152  1.08957   -75.626 -3.070   -61.361 -1.082   -83.001 -1.239
 
  rho   lat    lon  azim   dip mgfld  sigma eps beta  h'  mds
 2280  48.8   67.9 116.4  74.3 0.548 1.E-03 15. 0.30 74.0   4
 mode  atten   v/c         rel exc 1
   1   4.462  1.00183    -9.555  1.058   -47.549 -3.575   -40.428 -3.964
   2   8.326  1.01658   -61.016 -2.252   -47.694 -0.249   -82.044 -0.693
   3  21.044  1.05361   -38.601 -4.344   -56.046 -2.698   -50.206 -2.641
   4  31.286  1.08940   -71.699 -0.693   -56.823  1.233   -78.453  1.049
 
  rho   lat    lon  azim   dip mgfld  sigma eps beta  h'  mds
 2540  48.6   64.4 120.5  73.3 0.540 4.E+00 81. 0.30 74.0   4
 mode  atten   v/c         rel exc 1
   1   2.450  1.00303   -10.849  1.185   -47.482 -3.629   -47.010 -3.205
   2   8.293  1.01668   -63.278 -1.860   -50.170  0.244   -86.140 -0.026
   3  18.764  1.05518   -40.059 -0.496   -57.418  1.158   -52.242  1.295
   4  31.186  1.08985   -71.552 -3.200   -56.886 -1.177   -78.895 -1.370
 
  rho   lat    lon  azim   dip mgfld  sigma eps beta  h'  mds
 2940  48.0   59.1 125.5  71.7 0.527 1.E-03 15. 0.30 74.0   4
 mode  atten   v/c         rel exc 1
   1   4.460  1.00184   -11.693  1.420   -49.561 -3.169   -42.560 -3.601
   2   8.305  1.01671   -63.312 -0.307   -49.304 -4.493   -84.283  1.252
   3  21.032  1.05366   -38.506 -2.527   -55.811 -0.846   -50.103 -0.825
   4  31.378  1.09011   -80.839 -0.023   -65.145 -4.291   -87.515 -4.565
 
  rho   lat    lon  azim   dip mgfld  sigma eps beta  h'  mds
 3200  47.5   55.7 128.1  70.5 0.517 4.E+00 81. 0.30 74.0   4
 mode  atten   v/c         rel exc 1
   1   2.444  1.00303   -12.990  1.549   -49.558 -3.224   -49.142 -2.842
   2   8.263  1.01683   -68.952  0.724   -55.132 -3.357   -91.744 -3.727
   3  18.728  1.05523   -37.612  0.423   -54.904 -4.175   -49.788 -4.070
   4  31.270  1.09071   -76.101 -3.020   -60.610 -0.895   -83.349 -1.191
 
  rho   lat    lon  azim   dip mgfld  sigma eps beta  h'  mds
 3220  47.4   55.4 128.3  70.4 0.517 3.E-04 10. 0.30 74.0   4
 mode  atten   v/c         rel exc 1
   1   6.493  1.00088   -12.792  1.516   -51.678 -2.876   -40.124 -3.704
   2   8.317  1.01673   -63.816  0.531   -49.107 -3.668   -83.174 -4.369
   3  22.975  1.05239   -56.060 -3.509   -73.378 -1.821   -67.164 -1.882
   4  31.527  1.09028   -76.785 -0.375   -60.290 -4.658   -82.907  1.292
 
  rho   lat    lon  azim   dip mgfld  sigma eps beta  h'  mds
 3260  47.3   54.9 128.6  70.2 0.515 4.E+00 81. 0.30 74.0   4
 mode  atten   v/c         rel exc 1
   1   2.444  1.00303   -13.315 -4.711   -49.883 -3.198   -49.467 -2.819
   2   8.259  1.01684   -68.570  1.009   -54.682 -3.062   -91.355 -3.443
   3  18.721  1.05523   -39.106  0.626   -56.399 -3.970   -51.281 -3.867
   4  31.273  1.09079   -79.284 -3.457   -63.714 -1.322   -86.523 -1.627
 
  rho   lat    lon  azim   dip mgfld  sigma eps beta  h'  mds
 3340  47.2   53.9 129.3  69.8 0.512 3.E-04 10. 0.30 74.0   4
 mode  atten   v/c         rel exc 1
   1   6.493  1.00088   -13.239 -4.704   -52.125 -2.808   -40.571 -3.641
   2   8.310  1.01676   -65.203  0.784   -50.361 -3.396   -84.551 -4.117
   3  22.961  1.05240   -40.169 -3.285   -57.489 -1.593   -51.271 -1.658
   4  31.536  1.09045   -74.126 -0.077   -57.473 -4.339   -80.229 -4.694
 
  rho   lat    lon  azim   dip mgfld  sigma eps beta  h'  mds
 3420  47.0   52.8 129.9  69.4 0.509 4.E+00 81. 0.30 74.0   4
 mode  atten   v/c         rel exc 1
   1   2.442  1.00304   -14.029 -4.643   -50.604 -3.122   -50.178 -2.752
   2   8.249  1.01688   -68.048 -4.677   -53.978 -2.439   -90.815 -2.846
   3  18.701  1.05525   -50.350  0.554   -67.654 -4.036   -62.523 -3.939
   4  31.278  1.09102   -74.214 -3.903   -58.430 -1.741   -81.426 -2.075
 
  rho   lat    lon  azim   dip mgfld  sigma eps beta  h'  mds
 3680  46.3   49.6 131.6  68.1 0.499 4.E+00 81. 0.30 76.2   4
 mode  atten   v/c         rel exc 1
   1   2.142  1.00247   -14.860 -4.475   -50.412 -3.006   -52.392 -2.578
   2   7.550  1.01467   -67.510 -3.334   -55.075 -0.960   -91.452 -1.495
   3  15.813  1.05061   -45.614 -4.321   -62.444 -2.681   -58.645 -2.551
   4  27.597  1.08141   -74.112  0.930   -59.887 -3.055   -82.471 -3.537
 
  rho   lat    lon  azim   dip mgfld  sigma eps beta  h'  mds
 3880  45.7   47.1 132.7  67.1 0.492 4.E+00 81. 0.30 78.3   4
 mode  atten   v/c         rel exc 1
   1   1.902  1.00196   -15.478 -4.370   -50.127 -2.992   -54.468 -2.461
   2   6.772  1.01265   -63.641 -2.819   -53.066 -0.300   -88.824 -0.974
   3  13.482  1.04651   -48.379 -3.709   -64.874 -2.155   -62.224 -1.957
   4  23.719  1.07303   -81.822 -1.428   -69.371  1.008   -91.284  0.370
 
  rho   lat    lon  azim   dip mgfld  sigma eps beta  h'  mds
 4080  45.0   44.7 133.7  66.0 0.484 4.E+00 81. 0.30 80.5   4
 mode  atten   v/c         rel exc 1
   1   1.688  1.00144   -16.073 -4.289   -49.783 -3.038   -56.816 -2.353
   2   5.824  1.01064   -60.183 -2.655   -51.714 -0.005   -86.805 -0.810
   3  11.448  1.04247   -50.140 -3.956   -66.336 -2.525   -64.848 -2.219
   4  19.434  1.06517   -76.256 -0.325   -65.748 -4.060   -86.863  1.447
 
  rho   lat    lon  azim   dip mgfld  sigma eps beta  h'  mds
 4280  44.4   42.4 134.5  64.9 0.476 4.E+00 81. 0.30 82.7   5
 mode  atten   v/c         rel exc 1
   1   1.496  1.00094   -16.653 -4.230   -49.244 -3.164   -59.476 -2.252
   2   4.752  1.00882   -57.090 -2.722   -50.721  0.042   -85.273 -0.888
   3   9.712  1.03872   -47.071 -3.891   -62.863 -2.632   -62.647 -2.169
   4  15.195  1.05851   -74.886 -0.475   -66.149 -4.114   -86.568  1.267
   5  20.707  1.13227   -52.480 -1.771   -52.284 -0.481   -55.798 -0.062
 
  rho   lat    lon  azim   dip mgfld  sigma eps beta  h'  mds
 4480  43.6   40.1 135.1  63.7 0.469 4.E+00 81. 0.30 84.8   6
 mode  atten   v/c         rel exc 1
   1   1.331  1.00048   -17.213 -4.194   -48.200 -3.325   -62.482 -2.145
   2   3.792  1.00730   -53.726 -2.886   -49.448 -0.033   -83.468 -1.068
   3   8.298  1.03540   -46.920 -3.597   -61.922 -2.523   -63.327 -1.887
   4  11.874  1.05315   -70.635 -0.874   -63.542 -4.431   -83.260  0.841
   5  16.224  1.11959   -51.641 -2.258   -51.153 -1.144   -56.085 -0.573
   6  31.965  1.14366   -76.374  0.179   -68.978 -3.326   -78.720 -4.327
 
  rho   lat    lon  azim   dip mgfld  sigma eps beta  h'  mds
 4680  42.8   37.9 135.7  62.5 0.461 4.E+00 81. 0.30 87.0   6
 mode  atten   v/c         rel exc 1
   1   1.172  1.00000   -17.795 -4.181   -46.655 -3.487   -66.431 -1.982
   2   2.964  1.00588   -49.587 -3.055   -47.621 -0.146   -81.066 -1.253
   3   7.068  1.03219   -48.066 -3.510   -61.949 -2.604   -65.347 -1.811
   4   9.331  1.04822   -69.232 -0.836   -63.929 -4.340   -82.795  0.857
   5  13.021  1.10787   -56.442 -2.741   -55.296 -1.783   -62.007 -1.074
   6  26.961  1.13238   -71.315  0.130   -65.373 -3.338   -74.601 -4.402

 OMEGA coverage of the Mediterranean                                             
 freq= 10.2 tlat= 46.4 tlon=  98.3 bearng= 72.0  power=  10.
 z component  incl= 0. headng=  0. talt= 0.0 ralt= 9.0
  dist   amplitude  phase    dist   amplitude  phase    dist   amplitude  phase  
     0.   57.4133    0.0000  1680.   58.7671  137.0063  3360.   48.8979  183.0570
    20.   89.1375   99.6048  1700.   58.6831  137.6624  3380.   48.6726  183.1353
    40.   85.8120  105.2788  1720.   58.5899  138.3782  3400.   48.4554  183.1242
    60.   83.6492  110.7136  1740.   58.4865  139.1373  3420.   48.2486  183.0381
    80.   81.9080  115.8816  1760.   58.3723  139.9233  3440.   48.1959  184.1467
   100.   80.3525  120.7386  1780.   58.2472  140.7205  3460.   48.1361  185.0418
   120.   78.8733  125.2188  1800.   58.1116  141.5140  3480.   48.0714  185.9418
   140.   77.4072  129.2247  1820.   57.7455  141.2762  3500.   48.0020  186.8403
   160.   75.9125  132.6125  1840.   57.4127  140.7621  3520.   47.9284  187.7317
   180.   74.3099  134.6933  1860.   57.3005  141.4542  3540.   47.8508  188.6114
   200.   72.6343  135.5592  1880.   57.1758  142.0320  3560.   47.7700  189.4754
   220.   70.8907  134.6990  1900.   57.0471  142.6134  3580.   47.6864  190.3206
   240.   69.1310  131.4437  1920.   56.9147  143.1929  3600.   47.6009  191.1446
   260.   67.4969  125.1123  1940.   56.7790  143.7658  3620.   47.5139  191.9460
   280.   66.2513  115.6305  1960.   56.6402  144.3283  3640.   47.4263  192.7240
   300.   65.6730  104.4644  1980.   56.2786  143.8739  3660.   47.3387  193.4786
   320.   65.7995   94.2908  2000.   55.9584  143.1455  3680.   47.2518  194.2107
   340.   66.3799   86.9812  2020.   55.6611  142.3582  3700.   47.2272  194.8470
   360.   67.1236   82.7523  2040.   55.5929  142.8180  3720.   47.1374  195.7218
   380.   67.8984   81.2119  2060.   55.5146  143.2355  3740.   47.0411  196.5528
   400.   68.5622   81.4046  2080.   55.4343  143.7222  3760.   46.9397  197.3332
   420.   69.1065   82.7926  2100.   55.3501  144.2704  3780.   46.8350  198.0585
   440.   69.5309   84.9905  2120.   55.2605  144.8708  3800.   46.7287  198.7263
   460.   69.8427   87.7341  2140.   55.1643  145.5129  3820.   46.6225  199.3365
   480.   70.0510   90.8394  2160.   55.0608  146.1856  3840.   46.5183  199.8917
   500.   70.1645   94.1737  2180.   54.9495  146.8775  3860.   46.4175  200.3966
   520.   70.1912   97.6376  2200.   54.8302  147.5771  3880.   46.3215  200.8577
   540.   70.1378  101.1532  2220.   54.7032  148.2736  3900.   46.2947  201.2168
   560.   70.0102  104.6560  2240.   54.6426  149.6564  3920.   46.2064  201.7972
   580.   69.8136  108.0902  2260.   54.5651  150.9056  3940.   46.1168  202.3398
   600.   69.5525  111.4045  2280.   54.4724  152.1372  3960.   46.0267  202.8441
   620.   69.2313  114.5500  2300.   54.2740  152.7614  3980.   45.9373  203.3109
   640.   68.8751  117.6648  2320.   54.0914  153.2970  4000.   45.8495  203.7420
   660.   68.4657  120.4923  2340.   53.9090  153.7524  4020.   45.7642  204.1404
   680.   68.0091  123.0093  2360.   53.7292  154.1306  4040.   45.6821  204.5098
   700.   67.5116  125.1625  2380.   53.5545  154.4379  4060.   45.6039  204.8549
   720.   66.9813  126.8976  2400.   53.3869  154.6833  4080.   45.5301  205.1809
   740.   66.4287  128.1625  2420.   53.2279  154.8790  4100.   45.5303  205.4567
   760.   65.8670  128.9117  2440.   53.0789  155.0387  4120.   45.4606  205.9413
   780.   65.3125  129.1151  2460.   52.9405  155.1778  4140.   45.3881  206.4050
   800.   64.7845  128.7684  2480.   52.8128  155.3119  4160.   45.3134  206.8452
   820.   64.3040  127.9054  2500.   52.6955  155.4559  4180.   45.2373  207.2602
   840.   63.8916  126.6069  2520.   52.5877  155.6234  4200.   45.1602  207.6485
   860.   63.5638  125.0022  2540.   52.4880  155.8260  4220.   45.0829  208.0096
   880.   63.3301  123.2566  2560.   52.4690  156.7575  4240.   45.0060  208.3436
   900.   63.1905  121.5483  2580.   52.4428  157.6357  4260.   44.9302  208.6514
   920.   63.1358  120.0393  2600.   52.4094  158.5755  4280.   44.8562  208.9347
   940.   63.1502  118.8534  2620.   52.3675  159.5640  4300.   44.7329  209.3027
   960.   63.2141  118.0655  2640.   52.3162  160.5875  4320.   44.6688  209.3065
   980.   63.2451  117.3218  2660.   52.2551  161.6318  4340.   44.6289  209.3728
  1000.   63.3081  116.9857  2680.   52.1840  162.6830  4360.   44.6030  209.5680
  1020.   63.3769  117.0345  2700.   52.1033  163.7279  4380.   44.5781  209.9146
  1040.   63.4393  117.4310  2720.   52.0136  164.7541  4400.   44.5419  210.3911
  1060.   63.4861  118.1284  2740.   51.9161  165.7506  4420.   44.4857  210.9420
  1080.   63.5109  119.0759  2760.   51.8118  166.7081  4440.   44.4058  211.4936
  1100.   63.5090  120.2232  2780.   51.7024  167.6193  4460.   44.3040  211.9708
  1120.   63.4779  121.5218  2800.   51.5895  168.4790  4480.   44.1872  212.3130
  1140.   63.4161  122.9262  2820.   51.4749  169.2848  4500.   44.0323  212.4514
  1160.   63.3232  124.3943  2840.   51.3603  170.0364  4520.   43.9280  212.3242
  1180.   63.1997  125.8874  2860.   51.2475  170.7363  4540.   43.8504  212.1341
  1200.   63.0467  127.3694  2880.   51.1381  171.3891  4560.   43.7986  211.9657
  1220.   62.8660  128.8074  2900.   51.0335  172.0016  4580.   43.7661  211.8885
  1240.   62.6600  130.1714  2920.   50.9346  172.5824  4600.   43.7432  211.9426
  1260.   62.4317  131.4342  2940.   50.8421  173.1409  4620.   43.7187  212.1334
  1280.   62.1844  132.5719  2960.   50.6655  173.1307  4640.   43.6828  212.4345
  1300.   61.9224  133.5644  2980.   50.5245  173.0689  4660.   43.6290  212.7957
  1320.   61.6501  134.3966  3000.   50.4014  173.0021  4680.   43.5545  213.1542
  1340.   61.3726  135.0584  3020.   50.2952  172.9554  4700.   43.4204  213.4094
  1360.   61.0952  135.5466  3040.   50.2043  172.9515  4720.   43.3248  213.4274
  1380.   60.8233  135.8653  3060.   50.1263  173.0084  4740.   43.2361  213.3642
  1400.   60.5622  136.0263  3080.   50.0584  173.1398  4760.   43.1573  213.2444
  1420.   60.3167  136.0496  3100.   49.9976  173.3539  4780.   43.0899  213.0983
  1440.   60.0907  135.9622  3120.   49.9408  173.6543  4800.   43.0334  212.9566
  1460.   59.8872  135.7969  3140.   49.8852  174.0401  4820.   42.9856  212.8452
  1480.   59.7075  135.5895  3160.   49.8281  174.5069  4840.   42.9429  212.7816
  1500.   59.5519  135.3770  3180.   49.7672  175.0467  4860.   42.9010  212.7713
  1520.   59.4190  135.1939  3200.   49.7006  175.6498  4880.   42.8559  212.8083
  1540.   59.3063  135.0704  3220.   49.7023  177.0007  4900.   42.8042  212.8753
  1560.   59.2105  135.0303  3240.   49.5053  177.3090  4920.   42.7440  212.9478
  1580.   59.1275  135.0906  3260.   49.3422  177.5216  4940.   42.6752  212.9977
  1600.   59.0533  135.2604  3280.   49.3239  178.9870  4960.   42.5991  212.9982
  1620.   58.9837  135.5424  3300.   49.2859  180.2495  4980.   42.5192  212.9283
  1640.   58.9149  135.9334  3320.   49.2311  181.5246  5000.   42.4398  212.7772
  1660.   58.8437  136.4252  3340.   49.1601  182.7916

 OMEGA coverage of the Mediterranean                                             
 freq= 10.2 tlat= 46.4 tlon=  98.3 bearng= 72.0  power=  10.
 y component  incl= 0. headng=  0. talt= 0.0 ralt= 9.0
  dist   amplitude  phase    dist   amplitude  phase    dist   amplitude  phase  
     0.   57.4133    0.0000  1680.   23.6626  626.9803  3360.   17.5964  635.6957
    20.   59.7176   20.7786  1700.   23.5962  629.1899  3380.   17.5205  640.2894
    40.   56.1416   47.1915  1720.   23.4835  631.8145  3400.   17.3166  644.9299
    60.   53.9604   73.6755  1740.   23.3191  634.7604  3420.   16.9875  649.4112
    80.   52.4427  100.0732  1760.   23.1011  637.9506  3440.   16.1635  657.5505
   100.   51.3589  126.2067  1780.   22.8295  641.3250  3460.   15.4252  659.8707
   120.   50.6017  151.8849  1800.   22.5054  644.8391  3480.   14.6968  660.9664
   140.   50.1041  176.9184  1820.   22.5382  638.9857  3500.   14.0457  660.8914
   160.   49.8137  201.1397  1840.   22.5543  644.7327  3520.   13.5384  659.9210
   180.   49.9617  223.4510  1860.   22.5249  659.8414  3540.   13.2171  658.5491
   200.   49.9280  245.9263  1880.   21.6978  666.9557  3560.   13.0806  657.3554
   220.   49.9753  267.3478  1900.   20.6655  673.6836  3580.   13.0855  656.8111
   240.   50.0694  287.7373  1920.   19.4197  679.8341  3600.   13.1669  657.1589
   260.   50.1817  307.1453  1940.   17.9490  685.1364  3620.   13.2617  658.4220
   280.   50.2896  325.6386  1960.   16.2429  689.1833  3640.   13.3206  660.4822
   300.   50.3748  343.2916  1980.   12.5681  672.4440  3660.   13.3101  663.1573
   320.   50.4236  360.1787  2000.   12.1525  666.6857  3680.   13.2098  666.2485
   340.   50.4250  376.3708  2020.   12.0159  664.0464  3700.   14.4361  668.1561
   360.   50.3707  391.9321  2040.   13.2405  682.6858  3720.   14.1062  674.3840
   380.   50.1772  406.5993  2060.   11.6652  688.9890  3740.   13.6148  680.4344
   400.   50.0206  421.0202  2080.    9.5708  695.2422  3760.   12.9597  686.2067
   420.   49.7909  434.9824  2100.    6.7114  701.0750  3780.   12.1344  691.5773
   440.   49.4842  448.5186  2120.    2.4938  705.4828  3800.   11.1281  696.3817
   460.   49.0965  461.6552  2140.   -5.1969  702.5258  3820.    9.9262  700.3818
   480.   48.6235  474.4125  2160.  -11.7266  584.2858  3840.    8.5114  703.2135
   500.   48.0601  486.8049  2180.   -1.2956  563.7828  3860.    6.8720  704.2942
   520.   47.4004  498.8400  2200.    2.8774  566.2520  3880.    5.0255  702.6825
   540.   46.6369  510.5184  2220.    5.1590  570.9751  3900.    5.8980  678.8290
   560.   45.7604  521.8318  2240.    3.5924  583.1406  3920.    5.4860  677.5390
   580.   44.7590  532.7605  2260.    4.6217  578.9512  3940.    5.0840  676.3588
   600.   43.6174  543.2687  2280.    5.5137  577.1725  3960.    4.6672  675.2912
   620.   42.3146  553.2965  2300.    8.5642  575.3948  3980.    4.2106  674.2652
   640.   40.7457  562.9254  2320.    8.5989  581.9779  4000.    3.6923  673.1362
   660.   39.0185  571.5049  2340.    8.1546  587.2664  4020.    3.0962  671.6839
   680.   37.0062  579.0160  2360.    7.2366  590.5436  4040.    2.4165  669.6068
   700.   34.6217  584.8652  2380.    5.8479  590.3779  4060.    1.6650  666.5164
   720.   31.7390  587.7631  2400.    4.1299  584.0233  4080.    0.8847  661.9582
   740.   28.2373  584.5426  2420.    2.8183  568.1797  4100.    4.4299  641.7519
   760.   24.5483  567.7064  2440.    3.3163  546.9430  4120.    4.5145  644.4271
   780.   23.4488  535.4583  2460.    5.4481  532.3398  4140.    4.4088  647.1039
   800.   25.6024  513.9875  2480.    7.8413  526.5599  4160.    4.1163  649.5793
   820.   27.9148  507.3032  2500.    9.9256  526.0978  4180.    3.6354  651.6289
   840.   29.6226  507.0941  2520.   11.6358  528.4342  4200.    2.9609  652.9662
   860.   30.8216  509.4855  2540.   13.0194  532.2615  4220.    2.0890  653.1868
   880.   31.6544  512.9154  2560.   13.3566  534.5183  4240.    1.0275  651.6890
   900.   32.2272  516.6761  2580.   14.5729  538.6296  4260.   -0.1732  647.5897
   920.   32.6175  520.4149  2600.   15.5531  543.7604  4280.   -1.3538  639.8022
   940.   32.8848  523.9578  2620.   16.3170  549.4609  4300.    0.1422  464.5287
   960.   33.0767  527.2416  2640.   16.8859  555.4383  4320.    3.4035  519.1429
   980.   33.3229  531.0626  2660.   17.2787  561.4885  4340.    6.6038  550.1008
  1000.   33.3898  533.8701  2680.   17.5112  567.4561  4360.    8.6507  572.5778
  1020.   33.4789  536.4632  2700.   17.5971  573.2103  4380.    9.8143  591.8422
  1040.   33.6034  539.0231  2720.   17.5484  578.6302  4400.   10.2846  609.6868
  1060.   33.7633  541.7287  2740.   17.3774  583.5940  4420.   10.1433  626.9433
  1080.   33.9484  544.7256  2760.   17.0977  587.9736  4440.    9.3914  644.2056
  1100.   34.1420  548.1073  2780.   16.7264  591.6326  4460.    7.9467  662.2167
  1120.   34.3255  551.9135  2800.   16.2871  594.4317  4480.    5.6066  682.5122
  1140.   34.4810  556.1390  2820.   15.8124  596.2463  4500.    2.4474  740.2218
  1160.   34.5937  560.7474  2840.   15.3460  597.0021  4520.    0.6494  799.4707
  1180.   34.6518  565.6836  2860.   14.9409  596.7274  4540.    3.4785  850.8668
  1200.   34.6465  570.8837  2880.   14.6514  595.6060  4560.    6.5847  881.4084
  1220.   34.5718  576.2803  2900.   14.5181  593.9877  4580.    8.7289  903.3616
  1240.   34.4231  581.8063  2920.   14.5531  592.3199  4600.   10.0693  921.8956
  1260.   34.1977  587.3950  2940.   14.7360  591.0213  4620.   10.7708  938.8678
  1280.   33.8936  592.9807  2960.   15.5211  590.7653  4640.   10.9161  955.1146
  1300.   33.5096  598.4966  2980.   15.7075  591.9513  4660.   10.5220  971.1569
  1320.   33.0453  603.8735  3000.   15.8719  593.2151  4680.    9.5417  987.5117
  1340.   32.5010  609.0378  3020.   16.0253  594.5016  4700.    4.6237 1016.4641
  1360.   31.8780  613.9083  3040.   16.1789  595.8022  4720.   -0.3033 1034.4646
  1380.   31.1791  618.3947  3060.   16.3416  597.1462  4740.  -11.7540 1084.8928
  1400.   30.4097  622.3950  3080.   16.5183  598.5874  4760.   -4.0346 1209.7983
  1420.   29.5787  625.7961  3100.   16.7092  600.1895  4780.    2.4174 1231.8481
  1440.   28.7005  628.4773  3120.   16.9099  602.0110  4800.    5.7100 1246.7903
  1460.   27.7974  630.3218  3140.   17.1128  604.0952  4820.    7.6443 1260.0259
  1480.   26.9012  631.2404  3160.   17.3083  606.4642  4840.    8.7443 1272.4674
  1500.   26.0533  631.2108  3180.   17.4864  609.1187  4860.    9.2117 1284.3605
  1520.   25.3011  630.3246  3200.   17.6377  612.0406  4880.    9.1181 1295.7418
  1540.   24.6873  628.8191  3220.   17.3842  616.7817  4900.    8.4517 1306.5134
  1560.   24.2370  627.0577  3240.   18.1177  616.2212  4920.    7.1110 1316.3751
  1580.   23.9479  625.4465  3260.   18.2125  620.6815  4940.    4.8351 1324.4929
  1600.   23.7916  624.3260  3280.   17.6630  628.0953  4960.    0.9577 1327.8429
  1620.   23.7254  623.9009  3300.   17.4933  630.9899  4980.   -6.0652 1306.5291
  1640.   23.7049  624.2354  3320.   17.3310  633.7532  5000.   -3.9331 1228.8513
  1660.   23.6929  625.2922  3340.   17.1760  636.4762
 2  251   72.0 11000.  99.0    0.0     0.    10.      0.   0.    0.0  0.0  9.0
quit                                                                                                                    

Run finished on 09-13-1998 at 13:24:25
