Program identifier: LWPM 2.1

Run started  on 09-13-1998 at 13:12:05
file-mds    Output\                                                                                                     
file-lwf    Output\                                                                                                     
file-grd    Output\                                                                                                     
case-id     OMEGA coverage of the Mediterranean                                                                         
  Name the files                                                                                                        
tx          lwpm                                                                                                        
  Identify the transmitter                                                                                              
tx-data     OMEGA-D                                                                                                     
  Choose the LWPM model daytime environment                                                                             
ionosphere  lwpm day                                                                                                    
  Define the operating area                                                                                             
op-area     Mediterranean 30 10 45 -45                                                                                  
  Calculate atmospheric noise using NTIA in July at 1800 UT                                                             
a-noise     ntia July 18 1000                                                                                           
start                                                                                                                   
xmtr_id                tlat    tlon   bearing  range
omega-d               46.37   98.34     24.0   10500.
xmtr_id                tlat    tlon   bearing  range
omega-d               46.37   98.34     30.0   11000.
xmtr_id                tlat    tlon   bearing  range
omega-d               46.37   98.34     33.0   11000.
xmtr_id                tlat    tlon   bearing  range
omega-d               46.37   98.34     36.0   11000.
xmtr_id                tlat    tlon   bearing  range
omega-d               46.37   98.34     39.0   10500.
xmtr_id                tlat    tlon   bearing  range
omega-d               46.37   98.34     42.0   10500.
xmtr_id                tlat    tlon   bearing  range
omega-d               46.37   98.34     45.0   10500.
xmtr_id                tlat    tlon   bearing  range
omega-d               46.37   98.34     48.0   10000.
xmtr_id                tlat    tlon   bearing  range
omega-d               46.37   98.34     51.0   10000.
xmtr_id                tlat    tlon   bearing  range
omega-d               46.37   98.34     54.0    9500.
xmtr_id                tlat    tlon   bearing  range
omega-d               46.37   98.34     57.0    9500.
xmtr_id                tlat    tlon   bearing  range
omega-d               46.37   98.34     60.0    9000.
xmtr_id                tlat    tlon   bearing  range
omega-d               46.37   98.34     63.0    9000.
xmtr_id                tlat    tlon   bearing  range
omega-d               46.37   98.34     72.0    8500.

LWFields

OpArea Grid
quit                                                                                                                    

Run finished on 09-13-1998 at 13:19:13
