Program identifier: LWPM 2.1

Run started  on 09-13-1998 at 13:24:50
file-mds    Output\                                                                                                     
file-lwf    Output\                                                                                                     
file-prf    Profile\                                                                                                    
file-ndx    Profile\                                                                                                    
case-id     OMEGA coverage of the Mediterranean                                                                         
  Name the output files                                                                                                 
tx          rexp                                                                                                        
  Identify the transmitter                                                                                              
tx-data     OMEGA-D                                                                                                     
  Choose date and time                                                                                                  
ionosphere  range exponential rexp                                                                                      
  Set maximum range of paths                                                                                            
range-max   5000                                                                                                        
  Choose bearing angle at 24                                                                                            
bearing     24                                                                                                          
  Get extra print out from the mode generation                                                                          
print-swg   2                                                                                                           
  Set the maximum range for the fields at 5000 km                                                                       
lwf-vs-dist 5000                                                                                                        
  Get extra print out from the mode summation                                                                           
print-lwf   2                                                                                                           
start                                                                                                                   
xmtr_id                tlat    tlon   bearing  range
omega-d               46.37   98.34     24.0    5000.

Path summary: bearng= 24.0 range= 5000.

   nr    rho    lat     lon   azim   dip  sigma    chi  beta   h'
   1       0.  46.37   98.34  16.0  73.9 1.E-02   38.3  0.30  74.0
   2     420.  49.80   95.96  20.0  76.7 1.E-03   38.7  0.30  74.0
   3    1020.  54.59   91.91  29.4  80.3 3.E-04   39.8  0.30  74.0
   4    1140.  55.53   90.98  32.0  80.9 3.E-03   40.1  0.30  74.0
   5    1340.  57.09   89.34  37.1  81.8 4.E+00   40.6  0.30  74.0
   6    2400.  64.82   77.73  78.8  84.3 3.E-04   44.4  0.30  74.0
   7    2520.  65.63   76.00  83.9  84.3 4.E+00   44.9  0.30  74.0
   8    2720.  66.91   72.88  91.7  84.2 3.E-04   45.8  0.30  74.0
   9    2740.  67.04   72.55  92.4  84.2 4.E+00   45.9  0.30  74.0
  10    2760.  67.16   72.21  93.1  84.2 3.E-04   46.0  0.30  74.0
  11    2920.  68.14   69.42  98.4  84.0 1.E-05   46.8  0.30  74.0
  12    3000.  68.60   67.93 100.8  83.8 4.E+00   47.1  0.30  74.0
  13    3580.  71.52   55.18 112.9  82.8 1.E-04   50.1  0.30  74.0
  14    3640.  71.76   53.65 113.8  82.7 4.E+00   50.4  0.30  74.0
  15    3680.  71.92   52.61 114.3  82.6 1.E-04   50.6  0.30  74.0
  16    3720.  72.07   51.55 114.9  82.5 1.E-05   50.9  0.30  74.0
  17    4640.  73.69   23.69 122.1  80.7 1.E-04   56.1  0.30  76.2
  18    4740.  73.62   20.50 122.6  80.5 4.E+00   56.7  0.30  76.2
  19    4880.  73.46   16.09 123.3  80.2 4.E+00   57.6  0.30  78.3
  20    5000.  73.24   12.39 123.8  79.9 4.E+00   58.3  0.30  78.3
 
PRFL_HGTS:
Electron parameters:
  ht     ne       nu        x         z          w
  89.3  2.14E+03  2.77E+05  6.81E+12  4.32E+00  2.46E+07
  74.1  2.18E+02  2.72E+06  6.92E+11  4.24E+01  2.55E+05
  43.4  2.18E+00  2.72E+08  6.92E+09  4.24E+03  2.55E+01

Propagation path parameters:
  rho    lat     lon   azim    dip  bfield   sigma  epsr  beta   h'
    0.  46.37   98.34  16.01  73.89 0.5654  1.0E-02 15.0  0.30 74.00
Output from MF_DRIVER:
  81.6480  -0.6992  77.4130  -1.1945  70.0536  -2.0216  65.7195  -2.3273
Iteration parameters:
    lub    thtinc    tolr    toli    dthtar  dthtai    deignr    deigni
   0.0121  0.0485   0.0121  0.0024   0.0243  0.0049   0.003032  0.000606

   initial   iter    final      mag f   mag p   atten  v/c      Wait's exc
81.648 -0.701  1 81.648 -0.701 2.0E-04 1.8E+01   3.33 1.00268   -0.15 0.09
77.410 -1.194  1 77.410 -1.195 3.0E-04 1.3E-01   8.51 1.01634  -37.73 3.02
70.053 -2.026  1 70.053 -2.026 2.1E-04 6.3E+00  22.58 1.05478    0.30 0.08
65.714 -2.332  1 65.714 -2.332 5.3E-05 3.4E-01  31.34 1.08754  -23.85 3.31
Output from SW_WVGD: LOSTM=0
  81.6481  -0.7008  77.4101  -1.1948  70.0525  -2.0262  65.7145  -2.3321
PRFL_HGTS:
Electron parameters:
  ht     ne       nu        x         z          w
  89.3  2.14E+03  2.77E+05  6.81E+12  4.32E+00  2.46E+07
  74.1  2.18E+02  2.72E+06  6.92E+11  4.24E+01  2.55E+05
  43.4  2.18E+00  2.72E+08  6.92E+09  4.24E+03  2.55E+01

Propagation path parameters:
  rho    lat     lon   azim    dip  bfield   sigma  epsr  beta   h'
  420.  49.80   95.96  20.05  76.72 0.5763  1.0E-03 15.0  0.30 74.00
Output from MF_DRIVER:
  81.9474  -1.0334  77.4419  -1.1993  70.2160  -2.1633  65.7870  -2.3248
Iteration parameters:
    lub    thtinc    tolr    toli    dthtar  dthtai    deignr    deigni
   0.0121  0.0485   0.0121  0.0024   0.0243  0.0049   0.003032  0.000606

   initial   iter    final      mag f   mag p   atten  v/c      Wait's exc
81.948 -1.035  1 81.948 -1.035 2.3E-04 1.6E+01   4.74 1.00183    0.36 0.02
77.439 -1.200  1 77.439 -1.200 2.9E-04 1.2E-01   8.52 1.01622  -37.80 3.09
70.216 -2.168  1 70.216 -2.168 2.2E-04 5.9E+00  23.98 1.05360    0.37 0.08
65.783 -2.330  1 65.783 -2.330 5.1E-05 3.2E-01  31.23 1.08695  -23.95 3.39
Output from SW_WVGD: LOSTM=0
  81.9477  -1.0351  77.4391  -1.1999  70.2159  -2.1683  65.7828  -2.3303
PRFL_HGTS:
Electron parameters:
  ht     ne       nu        x         z          w
  89.3  2.14E+03  2.77E+05  6.81E+12  4.32E+00  2.46E+07
  74.1  2.18E+02  2.72E+06  6.92E+11  4.24E+01  2.55E+05
  43.4  2.18E+00  2.72E+08  6.92E+09  4.24E+03  2.55E+01

Propagation path parameters:
  rho    lat     lon   azim    dip  bfield   sigma  epsr  beta   h'
 1020.  54.59   91.91  29.39  80.27 0.5839  3.0E-04 10.0  0.30 74.00
Output from MF_DRIVER:
  82.2725  -1.5311  77.4671  -1.2036  70.4074  -2.3410  65.8423  -2.3254
Iteration parameters:
    lub    thtinc    tolr    toli    dthtar  dthtai    deignr    deigni
   0.0121  0.0485   0.0121  0.0024   0.0243  0.0049   0.003032  0.000606

   initial   iter    final      mag f   mag p   atten  v/c      Wait's exc
82.273 -1.533  1 82.273 -1.533 2.7E-04 1.5E+01   6.73 1.00085    0.97 6.21
77.464 -1.204  1 77.464 -1.205 2.7E-04 1.0E-01   8.54 1.01612  -38.00 3.17
70.408 -2.346  1 70.408 -2.346 2.4E-04 5.5E+00  25.70 1.05220    0.45 0.08
65.839 -2.331  1 65.839 -2.331 5.2E-05 2.8E-01  31.18 1.08648  -24.22 3.47
Output from SW_WVGD: LOSTM=0
  82.2730  -1.5328  77.4643  -1.2045  70.4083  -2.3461  65.8389  -2.3312
PRFL_HGTS:
Electron parameters:
  ht     ne       nu        x         z          w
  89.3  2.14E+03  2.77E+05  6.81E+12  4.32E+00  2.46E+07
  74.1  2.18E+02  2.72E+06  6.92E+11  4.24E+01  2.55E+05
  43.4  2.18E+00  2.72E+08  6.92E+09  4.24E+03  2.55E+01

Propagation path parameters:
  rho    lat     lon   azim    dip  bfield   sigma  epsr  beta   h'
 1140.  55.53   90.98  31.99  80.89 0.5843  3.0E-03 15.0  0.30 74.00
Output from MF_DRIVER:
  81.7675  -0.8116  77.4563  -1.1983  70.1292  -2.0455  65.8247  -2.3098
Iteration parameters:
    lub    thtinc    tolr    toli    dthtar  dthtai    deignr    deigni
   0.0121  0.0485   0.0121  0.0024   0.0243  0.0049   0.003032  0.000606

   initial   iter    final      mag f   mag p   atten  v/c      Wait's exc
81.768 -0.814  1 81.768 -0.814 2.2E-04 1.5E+01   3.81 1.00235    0.04 0.07
77.454 -1.199  1 77.454 -1.199 3.0E-04 1.2E-01   8.51 1.01617  -37.57 3.11
70.130 -2.050  1 70.130 -2.051 2.1E-04 5.5E+00  22.77 1.05425    0.33 0.08
65.821 -2.316  1 65.821 -2.316 5.6E-05 3.0E-01  30.99 1.08664  -23.68 3.40
Output from SW_WVGD: LOSTM=0
  81.7682  -0.8137  77.4536  -1.1993  70.1299  -2.0506  65.8215  -2.3160
PRFL_HGTS:
Electron parameters:
  ht     ne       nu        x         z          w
  89.3  2.14E+03  2.77E+05  6.81E+12  4.32E+00  2.46E+07
  74.1  2.18E+02  2.72E+06  6.92E+11  4.24E+01  2.55E+05
  43.4  2.18E+00  2.72E+08  6.92E+09  4.24E+03  2.55E+01

Propagation path parameters:
  rho    lat     lon   azim    dip  bfield   sigma  epsr  beta   h'
 1340.  57.09   89.34  37.06  81.84 0.5841  4.0E+00 81.0  0.30 74.00
Output from MF_DRIVER:
  81.5182  -0.5617  77.4517  -1.1957  70.0029  -1.9145  65.8170  -2.3027
Iteration parameters:
    lub    thtinc    tolr    toli    dthtar  dthtai    deignr    deigni
   0.0121  0.0485   0.0121  0.0024   0.0243  0.0049   0.003032  0.000606

   initial   iter    final      mag f   mag p   atten  v/c      Wait's exc
81.519 -0.564  1 81.519 -0.564 2.0E-04 1.5E+01   2.72 1.00304   -0.39 0.13
77.449 -1.197  1 77.449 -1.197 3.2E-04 1.2E-01   8.50 1.01619  -37.39 3.08
70.004 -1.920  1 70.004 -1.920 2.0E-04 5.5E+00  21.45 1.05517    0.28 0.09
65.814 -2.309  1 65.814 -2.309 5.7E-05 3.1E-01  30.91 1.08670  -23.46 3.38
Output from SW_WVGD: LOSTM=0
  81.5188  -0.5638  77.4490  -1.1970  70.0036  -1.9199  65.8142  -2.3091
PRFL_HGTS:
Electron parameters:
  ht     ne       nu        x         z          w
  89.3  2.14E+03  2.77E+05  6.81E+12  4.32E+00  2.46E+07
  74.1  2.18E+02  2.72E+06  6.92E+11  4.24E+01  2.55E+05
  43.4  2.18E+00  2.72E+08  6.92E+09  4.24E+03  2.55E+01

Propagation path parameters:
  rho    lat     lon   azim    dip  bfield   sigma  epsr  beta   h'
 2400.  64.82   77.73  78.80  84.33 0.5694  3.0E-04 10.0  0.30 74.00
Output from MF_DRIVER:
  82.2721  -1.5253  77.4508  -1.2004  70.4067  -2.3138  65.7974  -2.3292
Iteration parameters:
    lub    thtinc    tolr    toli    dthtar  dthtai    deignr    deigni
   0.0121  0.0485   0.0121  0.0024   0.0243  0.0049   0.003032  0.000606

   initial   iter    final      mag f   mag p   atten  v/c      Wait's exc
82.273 -1.527  1 82.273 -1.527 2.8E-04 1.4E+01   6.71 1.00085    0.97 6.21
77.448 -1.201  1 77.448 -1.201 2.7E-04 8.9E-02   8.53 1.01619  -38.36 3.17
70.407 -2.319  1 70.407 -2.319 2.4E-04 5.0E+00  25.41 1.05223    0.43 0.07
65.793 -2.335  1 65.793 -2.335 5.1E-05 2.5E-01  31.28 1.08686  -24.62 3.45
Output from SW_WVGD: LOSTM=0
  82.2728  -1.5273  77.4479  -1.2013  70.4072  -2.3189  65.7934  -2.3350
PRFL_HGTS:
Electron parameters:
  ht     ne       nu        x         z          w
  89.3  2.14E+03  2.77E+05  6.81E+12  4.32E+00  2.46E+07
  74.1  2.18E+02  2.72E+06  6.92E+11  4.24E+01  2.55E+05
  43.4  2.18E+00  2.72E+08  6.92E+09  4.24E+03  2.55E+01

Propagation path parameters:
  rho    lat     lon   azim    dip  bfield   sigma  epsr  beta   h'
 2520.  65.63   76.00  83.91  84.32 0.5666  4.0E+00 81.0  0.30 74.00
Output from MF_DRIVER:
  81.5178  -0.5570  77.4286  -1.1919  70.0012  -1.8934  65.7549  -2.3095
Iteration parameters:
    lub    thtinc    tolr    toli    dthtar  dthtai    deignr    deigni
   0.0121  0.0485   0.0121  0.0024   0.0243  0.0049   0.003032  0.000606

   initial   iter    final      mag f   mag p   atten  v/c      Wait's exc
81.518 -0.559  1 81.518 -0.559 2.0E-04 1.4E+01   2.69 1.00304   -0.39 0.12
77.426 -1.193  1 77.426 -1.193 3.1E-04 1.1E-01   8.48 1.01628  -37.81 3.07
70.001 -1.898  1 70.001 -1.899 2.0E-04 5.2E+00  21.21 1.05520    0.26 0.09
65.751 -2.316  1 65.751 -2.316 5.7E-05 2.7E-01  31.07 1.08724  -23.94 3.35
Output from SW_WVGD: LOSTM=0
  81.5183  -0.5591  77.4257  -1.1929  70.0012  -1.8986  65.7508  -2.3157

Propagation path parameters:
  rho    lat     lon   azim    dip  bfield   sigma  epsr  beta   h'
 2740.  67.04   72.55  92.43  84.17 0.5613  4.0E+00 81.0  0.30 74.00

   initial   iter    final      mag f   mag p   atten  v/c      Wait's exc
81.518 -0.558  1 81.518 -0.558 1.8E-04 1.4E+01   2.69 1.00304   -0.39 0.12
77.418 -1.191  1 77.418 -1.192 2.7E-04 1.1E-01   8.48 1.01631  -37.93 3.06
70.000 -1.895  1 70.000 -1.895 2.0E-04 5.1E+00  21.18 1.05522    0.25 0.08
65.729 -2.318  1 65.729 -2.318 3.0E-05 2.7E-01  31.13 1.08742  -24.08 3.34
Output from SW_WVGD: LOSTM=0
  81.5180  -0.5583  77.4176  -1.1916  69.9997  -1.8951  65.7292  -2.3181

Propagation path parameters:
  rho    lat     lon   azim    dip  bfield   sigma  epsr  beta   h'
 2720.  66.91   72.88  91.71  84.19 0.5618  3.0E-04 10.0  0.30 74.00
Output from MF_DRIVER:
  82.2715  -1.5243  77.4397  -1.1989  70.4044  -2.3087  65.7685  -2.3331
Iteration parameters:
    lub    thtinc    tolr    toli    dthtar  dthtai    deignr    deigni
   0.0121  0.0485   0.0121  0.0024   0.0243  0.0049   0.003032  0.000606

   initial   iter    final      mag f   mag p   atten  v/c      Wait's exc
82.272 -1.526  1 82.272 -1.526 2.8E-04 1.4E+01   6.70 1.00086    0.97 6.21
77.437 -1.199  1 77.437 -1.200 2.7E-04 8.6E-02   8.52 1.01623  -38.52 3.16
70.405 -2.314  1 70.405 -2.314 2.4E-04 5.0E+00  25.36 1.05225    0.43 0.07
65.764 -2.339  1 65.764 -2.339 5.0E-05 2.4E-01  31.37 1.08711  -24.80 3.43
Output from SW_WVGD: LOSTM=0
  82.2722  -1.5262  77.4368  -1.1996  70.4045  -2.3138  65.7639  -2.3386
PRFL_HGTS:
Electron parameters:
  ht     ne       nu        x         z          w
  89.3  2.14E+03  2.77E+05  6.81E+12  4.32E+00  2.46E+07
  74.1  2.18E+02  2.72E+06  6.92E+11  4.24E+01  2.55E+05
  43.4  2.18E+00  2.72E+08  6.92E+09  4.24E+03  2.55E+01

Propagation path parameters:
  rho    lat     lon   azim    dip  bfield   sigma  epsr  beta   h'
 2760.  67.16   72.21  93.14  84.15 0.5607  3.0E-04 10.0  0.30 74.00
Output from MF_DRIVER:
  82.2714  -1.5241  77.4383  -1.1987  70.4041  -2.3081  65.7646  -2.3336
Iteration parameters:
    lub    thtinc    tolr    toli    dthtar  dthtai    deignr    deigni
   0.0121  0.0485   0.0121  0.0024   0.0243  0.0049   0.003032  0.000606

   initial   iter    final      mag f   mag p   atten  v/c      Wait's exc
82.272 -1.526  1 82.272 -1.526 2.8E-04 1.4E+01   6.70 1.00086    0.97 6.21
77.435 -1.199  1 77.435 -1.199 2.7E-04 8.6E-02   8.52 1.01624  -38.55 3.16
70.404 -2.313  1 70.404 -2.313 2.4E-04 5.0E+00  25.35 1.05226    0.43 0.07
65.760 -2.339  1 65.760 -2.339 4.9E-05 2.4E-01  31.38 1.08714  -24.82 3.43
Output from SW_WVGD: LOSTM=0
  82.2721  -1.5261  77.4353  -1.1994  70.4041  -2.3132  65.7599  -2.3391

Propagation path parameters:
  rho    lat     lon   azim    dip  bfield   sigma  epsr  beta   h'
 2920.  68.14   69.42  98.41  83.96 0.5567  1.0E-05  5.0  0.30 74.00
Output from MF_DRIVER:
  79.2670  -6.8757  77.5065  -1.2527  72.2093  -4.9460  65.8876  -2.4757
Iteration parameters:
    lub    thtinc    tolr    toli    dthtar  dthtai    deignr    deigni
   0.0121  0.0485   0.0121  0.0024   0.0243  0.0049   0.003032  0.000606

   initial   iter    final      mag f   mag p   atten  v/c      Wait's exc
79.266 -6.875  1 79.266 -6.875 2.8E-03 5.7E+00  41.93 1.00256    7.31 5.04
77.503 -1.252  1 77.503 -1.253 1.6E-04 4.9E-02   8.85 1.01595  -40.89 3.61
72.212 -4.951  1 72.212 -4.951 7.4E-04 4.2E+00  49.47 1.03805    5.39 0.33
65.882 -2.479  1 65.882 -2.479 4.6E-05 1.3E-01  33.10 1.08599  -27.54 3.85
Output from SW_WVGD: LOSTM=0
  79.2657  -6.8747  77.5035  -1.2526  72.2122  -4.9509  65.8821  -2.4794
PRFL_HGTS:
Electron parameters:
  ht     ne       nu        x         z          w
  89.3  2.14E+03  2.77E+05  6.81E+12  4.32E+00  2.46E+07
  74.1  2.18E+02  2.72E+06  6.92E+11  4.24E+01  2.55E+05
  43.4  2.18E+00  2.72E+08  6.92E+09  4.24E+03  2.55E+01

Propagation path parameters:
  rho    lat     lon   azim    dip  bfield   sigma  epsr  beta   h'
 3000.  68.60   67.93 100.77  83.84 0.5546  4.0E+00 81.0  0.30 74.00
Output from MF_DRIVER:
  81.5171  -0.5553  77.4105  -1.1894  69.9984  -1.8860  65.7070  -2.3154
Iteration parameters:
    lub    thtinc    tolr    toli    dthtar  dthtai    deignr    deigni
   0.0121  0.0485   0.0121  0.0024   0.0243  0.0049   0.003032  0.000606

   initial   iter    final      mag f   mag p   atten  v/c      Wait's exc
81.518 -0.557  1 81.518 -0.557 2.0E-04 1.4E+01   2.69 1.00304   -0.39 0.12
77.407 -1.190  1 77.407 -1.190 3.1E-04 1.1E-01   8.47 1.01635  -38.09 3.05
69.998 -1.891  1 69.998 -1.891 2.0E-04 5.1E+00  21.13 1.05523    0.25 0.08
65.702 -2.321  1 65.702 -2.321 5.8E-05 2.6E-01  31.20 1.08765  -24.26 3.32
Output from SW_WVGD: LOSTM=0
  81.5175  -0.5574  77.4074  -1.1899  69.9978  -1.8908  65.7018  -2.3209

Propagation path parameters:
  rho    lat     lon   azim    dip  bfield   sigma  epsr  beta   h'
 3640.  71.76   53.65 113.80  82.69 0.5381  4.0E+00 81.0  0.30 74.00

   initial   iter    final      mag f   mag p   atten  v/c      Wait's exc
81.516 -0.554  1 81.516 -0.554 1.9E-04 1.4E+01   2.67 1.00305   -0.39 0.12
77.382 -1.185  1 77.382 -1.185 3.3E-04 1.0E-01   8.46 1.01646  -38.51 3.02
69.993 -1.879  1 69.993 -1.879 2.1E-04 5.1E+00  21.00 1.05527    0.23 0.08
65.632 -2.326  1 65.632 -2.326 5.8E-05 2.5E-01  31.36 1.08825  -24.75 3.28
Output from SW_WVGD: LOSTM=0
  81.5161  -0.5544  77.3817  -1.1852  69.9930  -1.8788  65.6317  -2.3263

Propagation path parameters:
  rho    lat     lon   azim    dip  bfield   sigma  epsr  beta   h'
 3580.  71.52   55.18 112.95  82.81 0.5396  1.0E-04 10.0  0.30 74.00
Output from MF_DRIVER:
  82.5926  -2.5466  77.4200  -1.2013  70.6824  -2.6321  65.7056  -2.3614
Iteration parameters:
    lub    thtinc    tolr    toli    dthtar  dthtai    deignr    deigni
   0.0121  0.0485   0.0121  0.0024   0.0243  0.0049   0.003032  0.000606

   initial   iter    final      mag f   mag p   atten  v/c      Wait's exc
82.593 -2.548  1 82.593 -2.548 3.9E-04 1.2E+01  10.73 0.99948    1.93 6.05
77.417 -1.201  1 77.417 -1.201 2.4E-04 6.7E-02   8.55 1.01631  -39.48 3.19
70.682 -2.636  1 70.682 -2.636 2.7E-04 4.8E+00  28.50 1.05020    0.62 0.08
65.699 -2.365  1 65.699 -2.365 4.8E-05 2.0E-01  31.80 1.08764  -25.88 3.44
Output from SW_WVGD: LOSTM=0
  82.5929  -2.5480  77.4169  -1.2011  70.6816  -2.6365  65.6994  -2.3652

Propagation path parameters:
  rho    lat     lon   azim    dip  bfield   sigma  epsr  beta   h'
 3680.  71.92   52.61 114.34  82.61 0.5372  1.0E-04 10.0  0.30 74.00

   initial   iter    final      mag f   mag p   atten  v/c      Wait's exc
82.593 -2.547  1 82.593 -2.548 3.5E-04 1.2E+01  10.73 0.99948    1.94 6.05
77.413 -1.200  1 77.413 -1.200 2.3E-04 6.6E-02   8.55 1.01633  -39.54 3.18
70.681 -2.634  1 70.681 -2.634 2.5E-04 4.8E+00  28.48 1.05021    0.62 0.08
65.689 -2.366  1 65.689 -2.366 3.5E-05 2.0E-01  31.83 1.08773  -25.95 3.44
Output from SW_WVGD: LOSTM=0
  82.5926  -2.5476  77.4132  -1.2004  70.6805  -2.6344  65.6892  -2.3659
PRFL_HGTS:
Electron parameters:
  ht     ne       nu        x         z          w
  89.3  2.14E+03  2.77E+05  6.81E+12  4.32E+00  2.46E+07
  74.1  2.18E+02  2.72E+06  6.92E+11  4.24E+01  2.55E+05
  43.4  2.18E+00  2.72E+08  6.92E+09  4.24E+03  2.55E+01

Propagation path parameters:
  rho    lat     lon   azim    dip  bfield   sigma  epsr  beta   h'
 3720.  72.07   51.55 114.85  82.53 0.5362  1.0E-05  5.0  0.30 74.00
Output from MF_DRIVER:
  79.2643  -6.8745  77.4780  -1.2488  72.1972  -4.9315  65.8138  -2.4840
Iteration parameters:
    lub    thtinc    tolr    toli    dthtar  dthtai    deignr    deigni
   0.0121  0.0485   0.0121  0.0024   0.0243  0.0049   0.003032  0.000606

   initial   iter    final      mag f   mag p   atten  v/c      Wait's exc
79.262 -6.876  1 79.263 -6.876 1.7E-03 5.6E+00  41.95 1.00257    7.31 5.04
77.475 -1.248  1 77.475 -1.248 1.6E-04 4.7E-02   8.84 1.01606  -41.33 3.56
72.199 -4.936  1 72.199 -4.936 7.4E-04 4.1E+00  49.35 1.03815    5.51 0.25
65.807 -2.486  1 65.807 -2.486 2.0E-05 1.3E-01  33.29 1.08662  -27.99 3.79
Output from SW_WVGD: LOSTM=0
  79.2625  -6.8764  77.4751  -1.2482  72.1989  -4.9359  65.8075  -2.4864
PRFL_HGTS:
Electron parameters:
  ht     ne       nu        x         z          w
  91.5  1.53E+03  1.99E+05  4.88E+12  3.11E+00  2.45E+07
  76.3  1.56E+02  1.96E+06  4.97E+11  3.06E+01  2.54E+05
  45.5  1.56E+00  1.96E+08  4.97E+09  3.06E+03  2.54E+01

Propagation path parameters:
  rho    lat     lon   azim    dip  bfield   sigma  epsr  beta   h'
 4640.  73.69   23.69 122.11  80.67 0.5177  1.0E-04 10.0  0.30 76.20
Output from MF_DRIVER:
  82.7732  -2.4793  78.0069  -1.1391  71.3871  -2.4267  66.8787  -2.1239
Iteration parameters:
    lub    thtinc    tolr    toli    dthtar  dthtai    deignr    deigni
   0.0121  0.0485   0.0121  0.0024   0.0243  0.0049   0.003032  0.000606

   initial   iter    final      mag f   mag p   atten  v/c      Wait's exc
82.774 -2.480  1 82.774 -2.480 8.8E-04 1.0E+01  10.19 0.99913    1.66 6.03
78.008 -1.142  1 78.008 -1.143 6.1E-04 6.7E-02   7.76 1.01405  -38.65 3.14
71.392 -2.434  1 71.392 -2.434 6.1E-04 4.4E+00  25.38 1.04590    0.48 0.07
66.881 -2.130  1 66.881 -2.130 1.6E-04 2.0E-01  27.33 1.07801  -25.55 3.39
Output from SW_WVGD: LOSTM=0
  82.7743  -2.4800  78.0075  -1.1427  71.3920  -2.4345  66.8810  -2.1300
PRFL_HGTS:
Electron parameters:
  ht     ne       nu        x         z          w
  91.5  1.53E+03  1.99E+05  4.88E+12  3.11E+00  2.45E+07
  76.3  1.56E+02  1.96E+06  4.97E+11  3.06E+01  2.54E+05
  45.5  1.56E+00  1.96E+08  4.97E+09  3.06E+03  2.54E+01

Propagation path parameters:
  rho    lat     lon   azim    dip  bfield   sigma  epsr  beta   h'
 4740.  73.62   20.50 122.61  80.47 0.5162  4.0E+00 81.0  0.30 76.20
Output from MF_DRIVER:
  81.7336  -0.5022  77.9749  -1.1285  70.7011  -1.6549  66.8184  -2.0957
Iteration parameters:
    lub    thtinc    tolr    toli    dthtar  dthtai    deignr    deigni
   0.0121  0.0485   0.0121  0.0024   0.0243  0.0049   0.003032  0.000606

   initial   iter    final      mag f   mag p   atten  v/c      Wait's exc
81.735 -0.503  1 81.735 -0.503 4.3E-04 1.3E+01   2.36 1.00249   -0.79 0.12
77.976 -1.132  1 77.976 -1.132 8.0E-04 1.1E-01   7.71 1.01418  -37.57 2.93
70.705 -1.663  1 70.705 -1.663 4.4E-04 4.6E+00  17.95 1.05072    0.07 0.07
66.821 -2.104  1 66.822 -2.104 1.5E-04 2.5E-01  27.05 1.07850  -24.23 3.18
Output from SW_WVGD: LOSTM=0
  81.7346  -0.5031  77.9757  -1.1323  70.7050  -1.6631  66.8215  -2.1037
PRFL_HGTS:
Electron parameters:
  ht     ne       nu        x         z          w
  93.7  1.13E+03  1.44E+05  3.61E+12  2.24E+00  2.52E+07
  78.3  1.13E+02  1.44E+06  3.59E+11  2.25E+01  2.49E+05
  47.6  1.13E+00  1.44E+08  3.59E+09  2.25E+03  2.48E+01

Propagation path parameters:
  rho    lat     lon   azim    dip  bfield   sigma  epsr  beta   h'
 4880.  73.46   16.09 123.26  80.18 0.5142  4.0E+00 81.0  0.30 78.30
Output from MF_DRIVER:
  81.9380  -0.4660  78.5949  -1.0510  71.3616  -1.4996  68.0130  -1.8064
Iteration parameters:
    lub    thtinc    tolr    toli    dthtar  dthtai    deignr    deigni
   0.0121  0.0485   0.0121  0.0024   0.0243  0.0049   0.003032  0.000606

   initial   iter    final      mag f   mag p   atten  v/c      Wait's exc
81.940 -0.466  1 81.940 -0.467 5.2E-04 1.1E+01   2.14 1.00198   -1.17 0.11
78.597 -1.051  1 78.597 -1.052 1.1E-03 1.1E-01   6.79 1.01193  -36.63 2.84
71.368 -1.499  1 71.368 -1.500 6.4E-04 4.3E+00  15.66 1.04663   -0.07 0.06
68.016 -1.803  1 68.016 -1.803 1.7E-04 2.6E-01  22.05 1.06939  -23.57 3.11
Output from SW_WVGD: LOSTM=0
  81.9396  -0.4667  78.5967  -1.0519  71.3679  -1.5001  68.0156  -1.8032

Propagation path parameters:
  rho    lat     lon   azim    dip  bfield   sigma  epsr  beta   h'
 5000.  73.24   12.39 123.80  79.92 0.5127  4.0E+00 81.0  0.30 78.30

   initial   iter    final      mag f   mag p   atten  v/c      Wait's exc
81.938 -0.467  1 81.938 -0.467 4.6E-04 1.1E+01   2.14 1.00199   -1.16 0.11
78.591 -1.051  1 78.591 -1.052 9.5E-04 1.1E-01   6.80 1.01195  -36.68 2.83
71.367 -1.495  1 71.367 -1.496 5.4E-04 4.3E+00  15.61 1.04664   -0.07 0.06
68.003 -1.807  1 68.003 -1.808 1.7E-04 2.6E-01  22.12 1.06948  -23.63 3.10
Output from SW_WVGD: LOSTM=0
  81.9377  -0.4673  78.5910  -1.0520  71.3674  -1.4960  68.0030  -1.8076

[LWP_SAVE_MC]
bearng   rlat    rlon    rrho
  24.0   99.0     0.0      0.
mds    lat     lon    rho    azim    dip bfield   sigma epsr  beta   hpr  ndx
  4   46.4    98.3      0.   16.0   73.9  0.565  1.E-02  15.  0.30  74.0    1.
     m  EIGENr   EIGENi 
     1  85.6029  -1.3381  6.29E-03 -6.37E-02  2.12E-10  7.96E-12 -1.76E-06  2.42E-06  1.37E+00  6.61E-01 -4.02E-05 -2.36E-05
     2  79.6105  -1.4555  9.90E-05  8.64E-04 -1.29E-07 -4.29E-08  5.44E-06 -6.88E-06  1.39E+00  6.53E-01 -7.15E-03 -7.12E-03
     3  71.3307  -2.1765  8.08E-03 -7.42E-02  1.58E-08  5.51E-09 -2.02E-05  1.96E-05  1.44E+00  6.28E-01 -2.90E-04 -2.41E-04
     4  66.7325  -2.4473 -9.83E-04  4.82E-03 -5.65E-07 -1.73E-07  3.18E-05 -2.85E-05  1.48E+00  6.05E-01 -6.96E-03 -5.17E-03

mds    lat     lon    rho    azim    dip bfield  sigma epsr   beta   hpr  ndx
  4   49.8    96.0    420.   20.0   76.7  0.576  1.E-03  15.  0.30  74.0    2.
     m  EIGENr   EIGENi 
     1  85.9601  -2.0740  1.68E-03 -6.78E-02  1.68E-09  5.72E-10 -6.51E-06  6.55E-06  1.32E+00  4.95E-01 -9.89E-05 -9.36E-05
     2  79.6452  -1.4633  3.25E-05  8.62E-04 -1.28E-06 -4.20E-07  1.95E-05 -2.09E-05  1.33E+00  4.87E-01 -2.34E-02 -2.35E-02
     3  71.5036  -2.3317  7.90E-03 -7.46E-02  1.46E-07  6.72E-08 -7.09E-05  5.75E-05  1.37E+00  4.66E-01 -8.62E-04 -8.60E-04
     4  66.8042  -2.4461 -1.35E-03  4.66E-03 -5.59E-06 -1.70E-06  1.11E-04 -8.45E-05  1.39E+00  4.45E-01 -2.31E-02 -1.71E-02

mds    lat     lon    rho    azim    dip bfield  sigma epsr   beta   hpr  ndx
  4   54.6    91.9   1020.   29.4   80.3  0.584  3.E-04  10.  0.30  74.0    3.
     m  EIGENr   EIGENi 
     1  86.1250  -3.0727 -4.78E-03 -7.24E-02  3.62E-09  3.03E-09 -1.37E-05  9.18E-06  1.23E+00  3.05E-01 -1.14E-04 -1.96E-04
     2  79.6756  -1.4703 -3.45E-05  8.41E-04 -4.25E-06 -1.36E-06  4.06E-05 -3.62E-05  1.24E+00  2.98E-01 -4.49E-02 -4.64E-02
     3  71.7068  -2.5262  8.00E-03 -7.51E-02  4.35E-07  2.51E-07 -1.43E-04  9.43E-05  1.26E+00  2.84E-01 -1.44E-03 -1.75E-03
     4  66.8630  -2.4476 -1.66E-03  4.40E-03 -1.85E-05 -5.50E-06  2.23E-04 -1.42E-04  1.27E+00  2.69E-01 -4.49E-02 -3.38E-02

mds    lat     lon    rho    azim    dip bfield  sigma epsr   beta   hpr  ndx
  4   55.5    91.0   1140.   32.0   80.9  0.584  3.E-03  15.  0.30  74.0    4.
     m  EIGENr   EIGENi 
     1  85.7690  -1.5915  4.53E-03 -6.52E-02  6.64E-10  1.33E-10 -4.32E-06  4.13E-06  1.21E+00  2.71E-01 -6.75E-05 -6.16E-05
     2  79.6628  -1.4634  2.09E-05  8.85E-04 -4.25E-07 -1.42E-07  1.31E-05 -1.21E-05  1.22E+00  2.66E-01 -1.33E-02 -1.52E-02
     3  71.4132  -2.2040  8.03E-03 -7.43E-02  5.14E-08  2.36E-08 -4.73E-05  3.35E-05  1.23E+00  2.52E-01 -5.13E-04 -5.80E-04
     4  66.8449  -2.4314 -1.47E-03  4.79E-03 -1.85E-06 -5.72E-07  7.31E-05 -4.81E-05  1.25E+00  2.40E-01 -1.35E-02 -1.11E-02

mds    lat     lon    rho    azim    dip bfield  sigma epsr   beta   hpr  ndx
  4   57.1    89.3   1340.   37.1   81.8  0.584  4.E+00  81.  0.30  74.0    5.
     m  EIGENr   EIGENi 
     1  85.4169  -1.0489  7.98E-03 -6.18E-02  6.00E-13 -3.55E-15 -1.21E-07  1.29E-07  1.18E+00  2.21E-01 -2.30E-06 -1.66E-06
     2  79.6575  -1.4603  4.56E-05  9.02E-04 -3.19E-10 -1.07E-10  3.71E-07 -3.39E-07  1.18E+00  2.17E-01 -3.54E-04 -4.29E-04
     3  71.2798  -2.0618  8.35E-03 -7.40E-02  4.14E-11  1.66E-11 -1.34E-06  9.65E-07  1.20E+00  2.05E-01 -1.49E-05 -1.65E-05
     4  66.8373  -2.4242 -1.37E-03  4.95E-03 -1.39E-09 -4.30E-10  2.07E-06 -1.36E-06  1.21E+00  1.95E-01 -3.62E-04 -3.18E-04

mds    lat     lon    rho    azim    dip bfield  sigma epsr   beta   hpr  ndx
  4   64.8    77.7   2400.   78.8   84.3  0.569  3.E-04  10.  0.30  74.0    6.
     m  EIGENr   EIGENi 
     1  86.1288  -3.0646 -4.87E-03 -7.24E-02  3.49E-09  2.86E-09 -1.57E-05  8.41E-06  1.03E+00  3.28E-02 -1.01E-04 -2.24E-04
     2  79.6559  -1.4654 -3.02E-05  8.08E-04 -4.27E-06 -1.36E-06  4.79E-05 -3.48E-05  1.03E+00  3.19E-02 -4.52E-02 -5.77E-02
     3  71.7062  -2.4969  7.76E-03 -7.50E-02  4.19E-07  2.31E-07 -1.64E-04  8.89E-05  1.03E+00  3.01E-02 -1.40E-03 -2.05E-03
     4  66.8152  -2.4512 -1.52E-03  4.23E-03 -1.86E-05 -5.51E-06  2.57E-04 -1.34E-04  1.03E+00  2.83E-02 -4.75E-02 -4.37E-02

mds    lat     lon    rho    azim    dip bfield  sigma epsr   beta   hpr  ndx
  4   65.6    76.0   2520.   83.9   84.3  0.567  4.E+00  81.  0.30  74.0    7.
     m  EIGENr   EIGENi 
     1  85.4173  -1.0402  7.92E-03 -6.18E-02  5.69E-13 -1.16E-14 -1.38E-07  1.26E-07  1.02E+00  1.76E-02 -2.29E-06 -1.94E-06
     2  79.6294  -1.4540  5.54E-05  8.59E-04 -3.21E-10 -1.07E-10  4.21E-07 -3.30E-07  1.02E+00  1.73E-02 -3.51E-04 -5.13E-04
     3  71.2775  -2.0389  8.11E-03 -7.39E-02  3.94E-11  1.46E-11 -1.48E-06  9.33E-07  1.02E+00  1.61E-02 -1.46E-05 -1.85E-05
     4  66.7708  -2.4304 -1.18E-03  4.72E-03 -1.40E-09 -4.32E-10  2.30E-06 -1.32E-06  1.02E+00  1.53E-02 -3.77E-04 -3.92E-04

mds    lat     lon    rho    azim    dip bfield  sigma epsr   beta   hpr  ndx
  4   66.9    72.9   2720.   91.7   84.2  0.562  3.E-04  10.  0.30  74.0    7.
     m  EIGENr   EIGENi 
     1  86.1286  -3.0627 -4.89E-03 -7.24E-02  3.45E-09  2.76E-09 -1.59E-05  8.27E-06  9.95E-01 -5.00E-03 -9.89E-05 -2.27E-04
     2  79.6425  -1.4628 -2.02E-05  7.93E-04 -4.28E-06 -1.36E-06  4.88E-05 -3.46E-05  9.95E-01 -4.87E-03 -4.52E-02 -6.04E-02
     3  71.7034  -2.4914  7.67E-03 -7.50E-02  4.13E-07  2.19E-07 -1.66E-04  8.82E-05  9.95E-01 -4.59E-03 -1.39E-03 -2.07E-03
     4  66.7843  -2.4546 -1.42E-03  4.17E-03 -1.86E-05 -5.52E-06  2.61E-04 -1.34E-04  9.95E-01 -4.32E-03 -4.79E-02 -4.62E-02

mds    lat     lon    rho    azim    dip bfield  sigma epsr   beta   hpr  ndx
  4   67.0    72.5   2740.   92.4   84.2  0.561  4.E+00  81.  0.30  74.0    7.
     m  EIGENr   EIGENi 
     1  85.4169  -1.0388  7.91E-03 -6.18E-02  5.60E-13 -1.56E-14 -1.39E-07  1.25E-07  9.93E-01 -7.08E-03 -2.28E-06 -1.96E-06
     2  79.6197  -1.4521  6.13E-05  8.47E-04 -3.22E-10 -1.07E-10  4.26E-07 -3.29E-07  9.93E-01 -6.94E-03 -3.50E-04 -5.29E-04
     3  71.2760  -2.0351  8.04E-03 -7.38E-02  3.89E-11  1.39E-11 -1.49E-06  9.28E-07  9.93E-01 -6.48E-03 -1.46E-05 -1.86E-05
     4  66.7481  -2.4328 -1.11E-03  4.66E-03 -1.41E-09 -4.32E-10  2.32E-06 -1.31E-06  9.92E-01 -6.15E-03 -3.79E-04 -4.07E-04

mds    lat     lon    rho    azim    dip bfield  sigma epsr   beta   hpr  ndx
  4   67.2    72.2   2760.   93.1   84.2  0.561  3.E-04  10.  0.30  74.0    8.
     m  EIGENr   EIGENi 
     1  86.1286  -3.0625 -4.89E-03 -7.24E-02  3.44E-09  2.75E-09 -1.59E-05  8.25E-06  9.91E-01 -9.22E-03 -9.86E-05 -2.27E-04
     2  79.6407  -1.4625 -1.88E-05  7.91E-04 -4.28E-06 -1.36E-06  4.89E-05 -3.45E-05  9.91E-01 -8.98E-03 -4.51E-02 -6.08E-02
     3  71.7030  -2.4907  7.66E-03 -7.49E-02  4.12E-07  2.17E-07 -1.66E-04  8.82E-05  9.90E-01 -8.45E-03 -1.39E-03 -2.08E-03
     4  66.7801  -2.4551 -1.41E-03  4.16E-03 -1.86E-05 -5.52E-06  2.61E-04 -1.34E-04  9.90E-01 -7.96E-03 -4.80E-02 -4.65E-02

mds    lat     lon    rho    azim    dip bfield  sigma epsr   beta   hpr  ndx
  4   68.1    69.4   2920.   98.4   84.0  0.557  1.E-05   5.  0.30  74.0    8.
     m  EIGENr   EIGENi 
     1  80.9035  -8.1554 -1.41E-01 -5.51E-02  7.70E-08 -8.48E-08 -2.87E-05 -1.30E-04  9.74E-01 -2.55E-02  4.91E-04  7.33E-04
     2  79.7204  -1.5309 -2.76E-04  5.37E-04 -1.28E-04 -1.45E-05  2.50E-04 -1.30E-04  9.75E-01 -2.45E-02 -3.81E-01 -2.70E-01
     3  73.5577  -5.3846  4.90E-02 -1.20E-01  4.14E-06  2.86E-06 -7.88E-04  2.24E-04  9.73E-01 -2.39E-02 -3.89E-03 -4.97E-03
     4  66.9069  -2.6034 -2.18E-03  2.35E-03 -5.49E-04 -5.40E-05  1.27E-03 -4.64E-04  9.73E-01 -2.17E-02 -3.75E-01 -1.91E-01

mds    lat     lon    rho    azim    dip bfield  sigma epsr   beta   hpr  ndx
  4   68.6    67.9   3000.  100.8   83.8  0.555  4.E+00  81.  0.30  74.0    9.
     m  EIGENr   EIGENi 
     1  85.4163  -1.0370  7.89E-03 -6.18E-02  5.49E-13 -2.08E-14 -1.41E-07  1.25E-07  9.68E-01 -3.22E-02 -2.27E-06 -1.99E-06
     2  79.6074  -1.4495  6.90E-05  8.31E-04 -3.23E-10 -1.07E-10  4.31E-07 -3.28E-07  9.67E-01 -3.16E-02 -3.49E-04 -5.47E-04
     3  71.2740  -2.0305  7.96E-03 -7.38E-02  3.82E-11  1.30E-11 -1.50E-06  9.23E-07  9.66E-01 -2.95E-02 -1.45E-05 -1.87E-05
     4  66.7194  -2.4354 -1.02E-03  4.58E-03 -1.41E-09 -4.33E-10  2.33E-06 -1.31E-06  9.65E-01 -2.80E-02 -3.81E-04 -4.25E-04

mds    lat     lon    rho    azim    dip bfield  sigma epsr   beta   hpr  ndx
  4   71.5    55.2   3580.  112.9   82.8  0.540  1.E-04  10.  0.30  74.0    9.
     m  EIGENr   EIGENi 
     1  85.8378  -4.5586 -1.76E-02 -7.89E-02  2.95E-09  8.41E-09 -2.71E-05  6.56E-06  9.22E-01 -7.69E-02 -5.89E-06 -3.45E-04
     2  79.6183  -1.4636 -3.81E-05  7.10E-04 -1.30E-05 -3.66E-06  8.52E-05 -5.60E-05  9.21E-01 -7.44E-02 -8.51E-02 -1.16E-01
     3  71.9945  -2.8439  8.52E-03 -7.63E-02  1.01E-06  5.49E-07 -2.80E-04  1.33E-04  9.17E-01 -7.04E-02 -2.13E-03 -3.43E-03
     4  66.7165  -2.4819 -1.30E-03  3.67E-03 -5.66E-05 -1.48E-05  4.48E-04 -2.17E-04  9.15E-01 -6.60E-02 -9.10E-02 -8.99E-02

mds    lat     lon    rho    azim    dip bfield  sigma epsr   beta   hpr  ndx
  4   71.8    53.6   3640.  113.8   82.7  0.538  4.E+00  81.  0.30  74.0    9.
     m  EIGENr   EIGENi 
     1  85.4147  -1.0312  7.85E-03 -6.18E-02  5.20E-13 -3.36E-14 -1.42E-07  1.22E-07  9.18E-01 -7.98E-02 -2.24E-06 -2.02E-06
     2  79.5766  -1.4424  9.02E-05  7.90E-04 -3.25E-10 -1.07E-10  4.36E-07 -3.25E-07  9.17E-01 -7.81E-02 -3.44E-04 -5.91E-04
     3  71.2691  -2.0176  7.75E-03 -7.36E-02  3.64E-11  1.07E-11 -1.49E-06  9.15E-07  9.13E-01 -7.30E-02 -1.44E-05 -1.88E-05
     4  66.6458  -2.4405 -7.85E-04  4.37E-03 -1.42E-09 -4.34E-10  2.34E-06 -1.31E-06  9.11E-01 -6.92E-02 -3.84E-04 -4.67E-04

mds    lat     lon    rho    azim    dip bfield  sigma epsr   beta   hpr  ndx
  4   71.9    52.6   3680.  114.3   82.6  0.537  1.E-04  10.  0.30  74.0    9.
     m  EIGENr   EIGENi 
     1  85.8378  -4.5580 -1.77E-02 -7.89E-02  2.97E-09  8.33E-09 -2.71E-05  6.53E-06  9.15E-01 -8.31E-02 -5.59E-06 -3.45E-04
     2  79.6138  -1.4625 -3.38E-05  7.05E-04 -1.30E-05 -3.66E-06  8.53E-05 -5.59E-05  9.14E-01 -8.05E-02 -8.50E-02 -1.17E-01
     3  71.9934  -2.8416  8.49E-03 -7.63E-02  1.01E-06  5.37E-07 -2.80E-04  1.33E-04  9.10E-01 -7.61E-02 -2.13E-03 -3.43E-03
     4  66.7057  -2.4825 -1.26E-03  3.65E-03 -5.66E-05 -1.48E-05  4.48E-04 -2.17E-04  9.08E-01 -7.13E-02 -9.12E-02 -9.13E-02

mds    lat     lon    rho    azim    dip bfield  sigma epsr   beta   hpr  ndx
  4   72.1    51.6   3720.  114.9   82.5  0.536  1.E-05   5.  0.30  74.0   10.
     m  EIGENr   EIGENi 
     1  80.8999  -8.1567 -1.41E-01 -5.53E-02  6.87E-08 -8.40E-08 -2.77E-05 -1.31E-04  9.09E-01 -8.60E-02  4.88E-04  7.40E-04
     2  79.6862  -1.5239 -2.37E-04  5.23E-04 -1.29E-04 -1.44E-05  2.54E-04 -1.29E-04  9.12E-01 -8.29E-02 -3.88E-01 -3.10E-01
     3  73.5442  -5.3680  3.93E-02 -1.26E-01  4.35E-06  2.16E-06 -7.85E-04  2.94E-04  9.06E-01 -8.07E-02 -3.91E-03 -5.03E-03
     4  66.8285  -2.6101 -1.93E-03  2.36E-03 -5.55E-04 -5.39E-05  1.28E-03 -4.73E-04  9.06E-01 -7.36E-02 -3.87E-01 -2.27E-01

mds    lat     lon    rho    azim    dip bfield  sigma epsr   beta   hpr  ndx
  4   73.7    23.7   4640.  122.1   80.7  0.518  1.E-04  10.  0.30  76.2   11.
     m  EIGENr   EIGENi 
     1  86.0816  -4.5974 -1.85E-02 -7.61E-02  3.49E-09  8.93E-09 -2.86E-05  6.51E-06  8.61E-01 -1.42E-01  5.38E-06 -3.75E-04
     2  80.3450  -1.4269 -8.79E-06  7.79E-04 -1.11E-05 -3.09E-06  8.58E-05 -5.44E-05  8.59E-01 -1.38E-01 -7.10E-02 -1.09E-01
     3  72.7653  -2.6425  7.51E-03 -7.46E-02  1.05E-06  4.77E-07 -2.86E-04  1.36E-04  8.52E-01 -1.32E-01 -2.19E-03 -3.61E-03
     4  67.9604  -2.2464 -1.11E-03  3.82E-03 -4.90E-05 -1.15E-05  4.34E-04 -2.12E-04  8.48E-01 -1.25E-01 -8.18E-02 -8.99E-02

mds    lat     lon    rho    azim    dip bfield  sigma epsr   beta   hpr  ndx
  4   73.6    20.5   4740.  122.6   80.5  0.516  4.E+00  81.  0.30  76.2   12.
     m  EIGENr   EIGENi 
     1  85.8353  -1.0037  7.12E-03 -5.91E-02  5.73E-13 -1.11E-13 -1.48E-07  1.34E-07  8.56E-01 -1.45E-01 -2.54E-06 -2.20E-06
     2  80.3063  -1.4120  1.80E-04  8.64E-04 -2.77E-10 -9.08E-11  4.35E-07 -3.29E-07  8.54E-01 -1.42E-01 -2.64E-04 -5.59E-04
     3  72.0379  -1.7961  6.43E-03 -7.18E-02  3.84E-11  6.52E-12 -1.52E-06  9.89E-07  8.47E-01 -1.35E-01 -1.55E-05 -1.97E-05
     4  67.8981  -2.2180 -3.39E-04  4.62E-03 -1.23E-09 -3.41E-10  2.27E-06 -1.35E-06  8.43E-01 -1.30E-01 -3.27E-04 -4.66E-04

mds    lat     lon    rho    azim    dip bfield  sigma epsr   beta   hpr  ndx
  4   73.5    16.1   4880.  123.3   80.2  0.514  4.E+00  81.  0.30  78.3   13.
     m  EIGENr   EIGENi 
     1  86.2545  -1.0096  6.58E-03 -5.66E-02  6.43E-13 -1.95E-13 -1.49E-07  1.48E-07  8.54E-01 -1.61E-01 -2.88E-06 -2.30E-06
     2  81.0918  -1.3537  2.79E-04  9.38E-04 -2.33E-10 -7.34E-11  4.07E-07 -3.33E-07  8.50E-01 -1.59E-01 -2.07E-04 -4.96E-04
     3  72.7574  -1.6297  5.50E-03 -7.03E-02  4.05E-11  4.02E-12 -1.50E-06  1.05E-06  8.41E-01 -1.50E-01 -1.65E-05 -2.01E-05
     4  69.1627  -1.9127  9.35E-06  4.92E-03 -1.07E-09 -2.50E-10  2.10E-06 -1.39E-06  8.36E-01 -1.46E-01 -2.83E-04 -4.28E-04

mds    lat     lon    rho    azim    dip bfield  sigma epsr   beta   hpr  ndx
  4   73.2    12.4   5000.  123.8   79.9  0.513  4.E+00  81.  0.30  78.3   13.
     m  EIGENr   EIGENi 
     1  86.2505  -1.0101  6.59E-03 -5.66E-02  6.42E-13 -2.04E-13 -1.49E-07  1.49E-07  8.49E-01 -1.68E-01 -2.89E-06 -2.30E-06
     2  81.0845  -1.3533  2.89E-04  9.30E-04 -2.34E-10 -7.35E-11  4.07E-07 -3.34E-07  8.44E-01 -1.65E-01 -2.04E-04 -5.01E-04
     3  72.7568  -1.6252  5.43E-03 -7.02E-02  4.02E-11  3.32E-12 -1.50E-06  1.05E-06  8.35E-01 -1.57E-01 -1.65E-05 -2.00E-05
     4  69.1492  -1.9173  8.73E-05  4.89E-03 -1.07E-09 -2.50E-10  2.10E-06 -1.40E-06  8.29E-01 -1.52E-01 -2.79E-04 -4.35E-04

mds    lat     lon    rho    azim    dip bfield  sigma epsr   beta   hpr  ndx
      99.0

LWFields
file_id:  13Sep98 QSR LWPM 2.1 c:\lwpcv21\output\rexp.mds
          13Sep98 QSR LWPM 2.1 c:\lwpcv21\output\rexp.lwf
          ***
prgm_id:  LWPM 2.1
case_id:  OMEGA coverage of the Mediterranean
prfl_id:  Rng Exp: rexp                           
xmtr_id                tlat    tlon   freq
omega-d                46.4    98.3   10.2
path_id                lat1    lon1   lat2    lon2
Bearings                0.0     0.0    0.0     0.0

OMEGA coverage of the Mediterranean                                             
freq= 10.2 tlat= 46.4 tlon=  98.3 bearng= 24.0  power=  10.
incl= 0. headng=  0. talt= 0.0 ralt= 0.0
 
  rho   lat    lon  azim   dip mgfld  sigma eps beta  h'  mds
    0  46.4   98.3  16.0  73.9 0.565 1.E-02 15. 0.30 74.0   4
 mode  atten   v/c         rel exc 1
   1   3.325  1.00268     0.103  0.095   -86.495  0.627   -42.335  0.882
   2   8.508  1.01634   -37.471 -3.265   -77.255 -2.477   -79.791 -2.475
   3  22.585  1.05478     0.559  0.083   -67.444  0.789   -41.439  0.881
   4  31.340  1.08754   -23.591 -2.977   -64.101 -2.320   -65.324 -2.174
 
  rho   lat    lon  azim   dip mgfld  sigma eps beta  h'  mds
  420  49.8   96.0  20.0  76.7 0.576 1.E-03 15. 0.30 74.0   4
 mode  atten   v/c         rel exc 1
   1   4.737  1.00183    -1.129  0.295   -78.429  1.055   -33.574  1.078
   2   8.525  1.01622   -40.737 -1.762   -70.175 -0.970   -73.058 -0.977
   3  23.980  1.05360    -9.205 -1.587   -67.041 -0.790   -41.213 -0.793
   4  31.234  1.08695   -37.011 -2.096   -67.137 -1.440   -68.749 -1.297
 
  rho   lat    lon  azim   dip mgfld  sigma eps beta  h'  mds
 1020  54.6   91.9  29.4  80.3 0.584 3.E-04 10. 0.30 74.0   4
 mode  atten   v/c         rel exc 1
   1   6.733  1.00085    -3.686  0.483   -76.571  1.531   -30.911  1.261
   2   8.541  1.01612   -45.576  0.119   -69.239  0.926   -72.670  0.899
   3  25.705  1.05220   -25.123 -1.634   -77.554 -0.737   -51.914 -0.844
   4  31.178  1.08648   -55.758  1.554   -80.046 -4.066   -82.272 -3.936
 
  rho   lat    lon  azim   dip mgfld  sigma eps beta  h'  mds
 1140  55.5   91.0  32.0  80.9 0.584 3.E-03 15. 0.30 74.0   4
 mode  atten   v/c         rel exc 1
   1   3.806  1.00235    -4.955  0.580   -85.716  1.321   -42.167  1.365
   2   8.511  1.01617   -47.826  0.667   -81.598  1.523   -84.918  1.456
   3  22.773  1.05425   -23.509 -0.373   -85.266  0.487   -60.283  0.424
   4  30.995  1.08664   -52.722 -3.177   -87.155 -2.467   -89.234 -2.375
 
  rho   lat    lon  azim   dip mgfld  sigma eps beta  h'  mds
 1340  57.1   89.3  37.1  81.8 0.584 4.E+00 81. 0.30 74.0   4
 mode  atten   v/c         rel exc 1
   1   2.716  1.00304    -5.948  0.710  -116.873  1.337   -74.403  1.497
   2   8.498  1.01619   -49.629  1.451  -114.585 -3.946  -117.971 -4.043
   3  21.450  1.05517   -28.885  1.558  -121.495 -3.878   -96.900 -3.928
   4  30.912  1.08670   -63.533  0.426  -129.155  1.164  -131.293  1.230
 
  rho   lat    lon  azim   dip mgfld  sigma eps beta  h'  mds
 2400  64.8   77.7  78.8  84.3 0.569 3.E-04 10. 0.30 74.0   4
 mode  atten   v/c         rel exc 1
   1   6.709  1.00085    -8.154  1.300   -80.346 -3.833   -35.380 -4.205
   2   8.528  1.01619   -56.092 -0.525   -78.651  0.386   -83.185  0.255
   3  25.408  1.05223   -32.164 -2.773   -83.843 -1.788   -58.956 -1.984
   4  31.284  1.08686   -59.805  0.844   -82.889 -4.678   -86.316 -4.646
 
  rho   lat    lon  azim   dip mgfld  sigma eps beta  h'  mds
 2520  65.6   76.0  83.9  84.3 0.567 4.E+00 81. 0.30 74.0   4
 mode  atten   v/c         rel exc 1
   1   2.694  1.00304    -9.615  1.423  -120.054 -4.156   -78.070 -4.073
   2   8.484  1.01628   -61.548 -0.838  -125.540  0.137  -129.889 -0.048
   3  21.214  1.05520   -32.595 -0.313  -124.685  0.598  -100.610  0.484
   4  31.075  1.08724   -56.755 -3.038  -121.319 -2.215  -124.511 -2.234
 
  rho   lat    lon  azim   dip mgfld  sigma eps beta  h'  mds
 2720  66.9   72.9  91.7  84.2 0.562 3.E-04 10. 0.30 74.0   4
 mode  atten   v/c         rel exc 1
   1   6.705  1.00086    -9.459  1.454   -81.588 -3.666   -36.685 -4.050
   2   8.524  1.01623   -56.974  0.245   -79.281  1.178   -84.067  1.024
   3  25.356  1.05225   -32.168 -3.184   -83.778 -2.189   -58.959 -2.394
   4  31.368  1.08711   -56.196  0.664   -79.003  1.449   -82.705  1.457
 
  rho   lat    lon  azim   dip mgfld  sigma eps beta  h'  mds
 2740  67.0   72.5  92.4  84.2 0.561 4.E+00 81. 0.30 74.0   4
 mode  atten   v/c         rel exc 1
   1   2.690  1.00304   -10.300  1.559  -120.704 -4.012   -78.755 -3.938
   2   8.480  1.01631   -63.666 -0.046  -127.483  0.944  -132.007  0.744
   3  21.176  1.05522   -40.810 -4.163  -132.864 -3.245  -108.825 -3.366
   4  31.134  1.08742   -63.091  1.160  -127.462 -4.285  -130.846 -4.320
 
  rho   lat    lon  azim   dip mgfld  sigma eps beta  h'  mds
 2760  67.2   72.2  93.1  84.2 0.561 3.E-04 10. 0.30 74.0   4
 mode  atten   v/c         rel exc 1
   1   6.704  1.00086    -9.664  1.474   -81.788 -3.645   -36.890 -4.030
   2   8.524  1.01624   -57.116  0.351   -79.392  1.287   -84.209  1.130
   3  25.349  1.05226   -31.757 -2.893   -83.362 -1.897   -58.549 -2.104
   4  31.379  1.08714   -57.183  1.142   -79.957 -4.353   -83.692 -4.348
 
  rho   lat    lon  azim   dip mgfld  sigma eps beta  h'  mds
 2920  68.1   69.4  98.4  84.0 0.557 1.E-05  5. 0.30 74.0   4
 mode  atten   v/c         rel exc 1
   1  41.927  1.00256    -6.765  0.975   -67.833 -1.164   -19.443 -4.664
   2   8.855  1.01595   -49.425  0.975   -55.898 -4.686   -61.976 -4.682
   3  49.467  1.03805   -14.873 -2.732   -58.551 -1.797   -27.248 -2.081
   4  33.104  1.08599   -56.082  0.886   -62.888  1.377   -68.054  1.530
 
  rho   lat    lon  azim   dip mgfld  sigma eps beta  h'  mds
 3000  68.6   67.9 100.8  83.8 0.555 4.E+00 81. 0.30 74.0   4
 mode  atten   v/c         rel exc 1
   1   2.686  1.00304   -13.789 -4.682  -124.171 -3.961   -82.244 -3.895
   2   8.475  1.01635   -58.086 -4.628  -121.703 -3.620  -126.427 -3.838
   3  21.131  1.05523   -24.135 -0.683  -116.167  0.240   -92.150  0.114
   4  31.205  1.08765   -51.771 -3.656  -115.918 -2.799  -119.524 -2.853
 
  rho   lat    lon  azim   dip mgfld  sigma eps beta  h'  mds
 3580  71.5   55.2 112.9  82.8 0.540 1.E-04 10. 0.30 74.0   4
 mode  atten   v/c         rel exc 1
   1  10.734  0.99948   -14.245 -4.472   -83.489 -2.912   -36.719 -3.712
   2   8.548  1.01631   -69.951 -4.298   -86.676 -3.358   -92.279 -3.539
   3  28.501  1.05020   -31.739 -1.568   -79.188 -0.536   -53.784 -0.797
   4  31.804  1.08764   -62.282  0.698   -79.414  1.495   -84.024  1.471
 
  rho   lat    lon  azim   dip mgfld  sigma eps beta  h'  mds
 3640  71.8   53.6 113.8  82.7 0.538 4.E+00 81. 0.30 74.0   4
 mode  atten   v/c         rel exc 1
   1   2.672  1.00305   -15.951 -4.301  -126.348 -3.566   -84.406 -3.514
   2   8.458  1.01646   -63.649 -2.651  -126.807 -1.602  -131.989 -1.861
   3  21.001  1.05527   -32.563 -0.037  -124.619  0.891  -100.577  0.760
   4  31.362  1.08825   -65.119 -3.695  -128.753 -2.794  -132.868 -2.891
 
  rho   lat    lon  azim   dip mgfld  sigma eps beta  h'  mds
 3680  71.9   52.6 114.3  82.6 0.537 1.E-04 10. 0.30 74.0   4
 mode  atten   v/c         rel exc 1
   1  10.733  0.99948   -14.982 -4.451   -84.232 -2.891   -37.456 -3.691
   2   8.546  1.01633   -72.853 -4.139   -89.512 -3.192   -95.181 -3.380
   3  28.480  1.05021   -38.687 -0.845   -86.142  0.187   -60.732 -0.075
   4  31.825  1.08773   -67.900 -4.690   -84.959 -3.885   -89.641 -3.917
 
  rho   lat    lon  azim   dip mgfld  sigma eps beta  h'  mds
 3720  72.1   51.6 114.9  82.5 0.536 1.E-05  5. 0.30 74.0   4
 mode  atten   v/c         rel exc 1
   1  41.950  1.00257   -12.139  1.361   -73.163 -0.770   -24.817 -4.278
   2   8.843  1.01606   -59.189  1.475   -65.135 -4.129   -71.739 -4.182
   3  49.353  1.03815   -21.852 -2.362   -65.448 -1.425   -34.226 -1.711
   4  33.295  1.08662   -58.878  1.361   -65.121 -4.372   -70.845 -4.278
 
  rho   lat    lon  azim   dip mgfld  sigma eps beta  h'  mds
 4640  73.7   23.7 122.1  80.7 0.518 1.E-04 10. 0.30 76.2   4
 mode  atten   v/c         rel exc 1
   1  10.193  0.99913   -53.969 -4.111  -122.506 -2.520   -76.446 -3.351
   2   7.757  1.01405   -66.098 -1.923   -83.670 -0.924   -88.446 -1.165
   3  25.383  1.04590   -66.346  1.154  -113.437 -4.090   -88.426 -4.361
   4  27.326  1.07801   -75.949 -1.912   -93.602 -1.063   -97.767 -1.142
 
  rho   lat    lon  azim   dip mgfld  sigma eps beta  h'  mds
 4740  73.6   20.5 122.6  80.5 0.516 4.E+00 81. 0.30 76.2   4
 mode  atten   v/c         rel exc 1
   1   2.363  1.00249   -56.429 -4.030  -165.881 -3.315  -124.889 -3.243
   2   7.706  1.01418   -66.220 -1.743  -130.279 -0.610  -134.579 -0.954
   3  17.953  1.05072   -65.642 -4.351  -157.219 -3.438  -133.694 -3.556
   4  27.053  1.07850   -77.885 -0.601  -142.123  0.375  -145.711  0.201
 
  rho   lat    lon  azim   dip mgfld  sigma eps beta  h'  mds
 4880  73.5   16.1 123.3  80.2 0.514 4.E+00 81. 0.30 78.3   4
 mode  atten   v/c         rel exc 1
   1   2.138  1.00198   -56.909 -3.990  -165.559 -3.315  -125.373 -3.203
   2   6.794  1.01193   -66.856 -1.377  -132.143 -0.199  -135.235 -0.588
   3  15.658  1.04663   -66.677 -3.137  -157.982 -2.244  -134.762 -2.342
   4  22.054  1.06939   -86.526  0.014  -151.739  1.014  -154.425  0.812

 OMEGA coverage of the Mediterranean                                             
 freq= 10.2 tlat= 46.4 tlon=  98.3 bearng= 24.0  power=  10.
 z component  incl= 0. headng=  0. talt= 0.0 ralt= 0.0
  dist   amplitude  phase    dist   amplitude  phase    dist   amplitude  phase  
     0.   57.4133    0.0000  1680.   58.1655  141.7031  3360.   47.7179  203.4138
    20.   90.0475  101.3568  1700.   58.1221  142.4664  3380.   47.3753  204.0395
    40.   86.6712  107.4687  1720.   58.0741  143.3100  3400.   47.0459  204.2926
    60.   84.4571  113.3458  1740.   58.0194  144.2209  3420.   46.7429  204.1971
    80.   82.6620  118.9682  1760.   57.9566  145.1846  3440.   46.4787  203.8028
   100.   81.0473  124.2988  1780.   57.8848  146.1861  3460.   46.2637  203.1840
   120.   79.5000  129.2769  1800.   57.8037  147.2107  3480.   46.1044  202.4344
   140.   77.9527  133.8076  1820.   57.7131  148.2441  3500.   46.0027  201.6565
   160.   76.3572  137.7441  1840.   57.6134  149.2732  3520.   45.9554  200.9492
   180.   74.6740  140.8562  1860.   57.5055  150.2863  3540.   45.9555  200.3965
   200.   72.8708  142.7752  1880.   57.3903  151.2731  3560.   45.9928  200.0595
   220.   70.9285  142.9022  1900.   57.2690  152.2252  3580.   46.0560  199.9741
   240.   68.8693  140.2803  1920.   57.1430  153.1363  3600.   46.3870  193.7749
   260.   66.8337  133.5798  1940.   57.0138  154.0020  3620.   46.2276  192.0786
   280.   65.2082  121.8802  1960.   56.8829  154.8200  3640.   46.1130  190.6143
   300.   64.5470  107.0186  1980.   56.7519  155.5901  3660.   45.7222  196.5979
   320.   64.9588   93.8825  2000.   56.6223  156.3141  3680.   45.8927  197.6801
   340.   65.9409   85.4848  2020.   56.4953  156.9957  3700.   46.2918  192.5327
   360.   67.0173   81.4411  2040.   56.3722  157.6401  3720.   46.1522  192.0413
   380.   67.9799   80.3885  2060.   56.2538  158.2539  3740.   46.1458  179.5036
   400.   68.7735   81.2370  2080.   56.1409  158.8446  3760.   45.0622  176.8590
   420.   69.3983   83.2841  2100.   56.0338  159.4201  3780.   44.0818  173.9632
   440.   69.9295   84.5929  2120.   55.9328  159.9888  3800.   43.2129  170.9966
   460.   70.2228   87.4581  2140.   55.8377  160.5584  3820.   42.4539  168.1511
   480.   70.4033   90.6414  2160.   55.7480  161.1362  3840.   41.7937  165.5995
   500.   70.4828   94.0102  2180.   55.6633  161.7283  3860.   41.2140  163.4728
   520.   70.4711   97.4660  2200.   55.5828  162.3400  3880.   40.6935  161.8499
   540.   70.3765  100.9317  2220.   55.5056  162.9750  3900.   40.2107  160.7609
   560.   70.2061  104.3438  2240.   55.4309  163.6356  3920.   39.7465  160.1980
   580.   69.9664  107.6471  2260.   55.3577  164.3229  3940.   39.2851  160.1285
   600.   69.6629  110.7910  2280.   55.2852  165.0365  3960.   38.8143  160.5052
   620.   69.3014  113.7278  2300.   55.2125  165.7752  3980.   38.3250  161.2752
   640.   68.8875  116.4107  2320.   55.1389  166.5365  4000.   37.8104  162.3846
   660.   68.4274  118.7934  2340.   55.0638  167.3173  4020.   37.2660  163.7816
   680.   67.9282  120.8299  2360.   54.9868  168.1139  4040.   36.6889  165.4178
   700.   67.3982  122.4759  2380.   54.9076  168.9223  4060.   36.0772  167.2484
   720.   66.8475  123.6912  2400.   54.8259  169.7384  4080.   35.4301  169.2328
   740.   66.2881  124.4435  2420.   54.9205  166.8259  4100.   34.7472  171.3344
   760.   65.7341  124.7146  2440.   54.7038  166.4018  4120.   34.0289  173.5196
   780.   65.2013  124.5075  2460.   54.5099  165.9439  4140.   33.2760  175.7584
   800.   64.7066  123.8534  2480.   54.3387  165.4857  4160.   32.4897  178.0238
   820.   64.2657  122.8173  2500.   54.1891  165.0592  4180.   31.6712  180.2918
   840.   63.8917  121.4975  2520.   54.0588  164.6930  4200.   30.8223  182.5412
   860.   63.5929  120.0178  2540.   53.7345  168.4871  4220.   29.9448  184.7536
   880.   63.3706  118.5130  2560.   53.7561  169.4896  4240.   29.0406  186.9137
   900.   63.2202  117.1112  2580.   53.7639  170.6082  4260.   28.1117  189.0088
   920.   63.1313  115.9175  2600.   53.7557  171.8191  4280.   27.1599  191.0289
   940.   63.0903  115.0048  2620.   53.7299  173.0977  4300.   26.1870  192.9663
   960.   63.0826  114.4127  2640.   53.6856  174.4194  4320.   25.1947  194.8156
   980.   63.0941  114.1509  2660.   53.6228  175.7599  4340.   24.1840  196.5724
  1000.   63.1126  114.2072  2680.   53.5417  177.0956  4360.   23.1560  198.2332
  1020.   63.1280  114.5541  2700.   53.4434  178.4042  4380.   22.1112  199.7941
  1040.   63.2126  113.4021  2720.   53.3292  179.6652  4400.   21.0497  201.2495
  1060.   63.1375  113.6776  2740.   53.3821  177.1124  4420.   19.9714  202.5915
  1080.   63.0522  114.1245  2760.   52.8925  181.0414  4440.   18.8761  203.8087
  1100.   62.9529  114.7147  2780.   52.9437  178.2517  4460.   17.7637  204.8849
  1120.   62.8370  115.4193  2800.   52.6811  177.8748  4480.   16.6343  205.7995
  1140.   62.7028  116.2096  2820.   52.4421  177.3845  4500.   15.4887  206.5263
  1160.   62.4130  119.8662  2840.   52.2299  176.8197  4520.   14.3287  207.0354
  1180.   62.3322  121.5498  2860.   52.0460  176.2236  4540.   13.1575  207.2938
  1200.   62.2192  123.2482  2880.   51.8901  175.6407  4560.   11.9801  207.2688
  1220.   62.0754  124.9264  2900.   51.7602  175.1126  4580.   10.8033  206.9321
  1240.   61.9028  126.5517  2920.   51.6528  174.6749  4600.    9.6363  206.2652
  1260.   61.7040  128.0945  2940.   51.8063  160.0404  4620.    8.4897  205.2660
  1280.   61.4819  129.5272  2960.   50.6432  156.3965  4640.    7.3750  203.9554
  1300.   61.2403  130.8257  2980.   49.6288  152.3800  4660.    6.3360  218.3905
  1320.   60.9833  131.9691  3000.   48.7762  148.2954  4680.    6.1430  218.5528
  1340.   60.7156  132.9412  3020.   47.9431  166.8341  4700.    5.9479  218.7727
  1360.   60.3694  134.9818  3040.   48.3984  167.7693  4720.    5.7477  219.0890
  1380.   60.1328  135.9680  3060.   48.7909  169.3097  4740.    5.5364  219.5286
  1400.   59.8956  136.7850  3080.   49.1161  171.3041  4760.    4.9342  227.5900
  1420.   59.6630  137.4365  3100.   49.3731  173.6310  4780.    4.9242  230.1400
  1440.   59.4403  137.9339  3120.   49.5632  176.1927  4800.    4.8567  232.8201
  1460.   59.2320  138.2965  3140.   49.6883  178.9091  4820.    4.7265  235.5801
  1480.   59.0421  138.5503  3160.   49.7510  181.7125  4840.    4.5290  238.3615
  1500.   58.8733  138.7265  3180.   49.7541  184.5442  4860.    4.2602  241.0977
  1520.   58.7270  138.8598  3200.   49.7003  187.3514  4880.    3.9165  243.7115
  1540.   58.6034  138.9850  3220.   49.5929  190.0849  4900.    3.4850  246.0404
  1560.   58.5012  139.1351  3240.   49.4352  192.6981  4920.    3.0125  247.8745
  1580.   58.4181  139.3384  3260.   49.2313  195.1454  4940.    2.4883  249.3619
  1600.   58.3509  139.6175  3280.   48.9856  197.3823  4960.    1.9145  250.4255
  1620.   58.2958  139.9880  3300.   48.7039  199.3657  4980.    1.2955  250.9712
  1640.   58.2491  140.4585  3320.   48.3929  201.0549  5000.    0.6399  250.8879
  1660.   58.2068  141.0313  3340.   48.0609  202.4136
nc nrpt bearng  rhomx  rlat   rlon   rrho    pwr    dist incl headng talt ralt
 1  251   24.0  5000.  99.0    0.0     0.    10.      0.   0.    0.0  0.0  0.0

OpArea Grid
file_id:  13Sep98 QSR LWPM 2.1 c:\lwpcv21\output\rexp.mds
          13Sep98 QSR LWPM 2.1 c:\lwpcv21\output\rexp.lwf
          ***
prgm_id:  LWPM 2.1
case_id:  OMEGA coverage of the Mediterranean
prfl_id:  Rng Exp: rexp                           
xmtr_id                tlat    tlon   freq
omega-d                46.4    98.3   10.2
path_id                lat1    lon1   lat2    lon2
Bearings                0.0     0.0    0.0     0.0
quit                                                                                                                    

Run finished on 09-13-1998 at 13:25:33
