Program identifier: LWPM 2.1

Run started  on 05-15-2005 at 14:46:47
file-mds    Output\                                                                                                     
file-lwf    Output\                                                                                                     
file-prf    Profile\                                                                                                    
file-ndx    Profile\                                                                                                    
case-id     Terminator runs from 96 to 99                                                                               
  Name the output files                                                                                                 
tx          chiexp                                                                                                      
  Identify the transmitter                                                                                              
tx-data     OMEGA-D                                                                                                     
  Choose date and time                                                                                                  
ionosphere  lwpm Apr/15 18:00                                                                                           
  Set maximum range of paths                                                                                            
range-max   12000                                                                                                       
  Choose bearing angle at 0                                                                                             
bearing     0                                                                                                           
  Get extra print out from the mode generation                                                                          
print-swg   2                                                                                                           
  Set the maximum range for the fields at 5000 km                                                                       
lwf-vs-dist 5000                                                                                                        
  Get extra print out from the mode summation                                                                           
print-lwf   2                                                                                                           
gcpath                                                                                                                  
start                                                                                                                   

Path summary: bearng=  0.0 range=12000.

   nr    rho    lat     lon   azim   dip  sigma    chi  beta   h'
   1       0.  46.37   98.34 352.0  73.9 1.E-02   37.4  0.30  74.0
   2     860.  54.11   98.34 351.7  79.5 1.E-03   44.9  0.30  74.0
   3    1020.  55.55   98.34 351.7  80.4 3.E-04   46.4  0.30  74.0
   4    1140.  56.63   98.34 351.7  81.1 1.E-03   47.4  0.30  74.0
   5    1360.  58.61   98.34 351.7  82.4 3.E-04   49.4  0.30  74.0
   6    1800.  62.57   98.34 352.0  84.6 1.E-04   53.2  0.30  74.0
   7    2460.  68.51   98.34 354.5  87.4 4.E+00   59.1  0.30  74.0
   8    2520.  69.05   98.34 355.1  87.6 3.E-05   59.6  0.30  74.0
   9    2580.  69.59   98.34 355.8  87.8 4.E+00   60.2  0.30  74.0
  10    2800.  71.57   98.34   0.2  88.5 1.E-04   62.1  0.30  74.0
  11    3080.  74.09   98.34  15.8  89.2 4.E+00   64.6  0.30  74.0
  12    3200.  75.17   98.34  32.1  89.4 1.E-05   65.7  0.30  74.0
  13    3360.  76.61   98.34  69.5  89.5 4.E+00   67.1  0.30  74.0
  14    5940.  80.17  -81.66 145.1  85.9 4.E+00   90.1  0.30  76.2
  15    6140.  78.37  -81.66 147.6  85.4 4.E+00   91.8  0.30  78.3
  16    6340.  76.57  -81.66 150.2  84.9 4.E+00   93.6  0.30  80.5
  17    6700.  73.33  -81.66 154.6  83.8 3.E-04   96.8  0.30  80.5
  18    6800.  72.43  -81.66 155.7  83.4 4.E+00   97.7  0.30  80.5
  19    6860.  71.89  -81.66 156.4  83.2 1.E-03   98.2  0.30  80.5
  20    7580.  65.41  -81.66 163.4  80.1 3.E-03  104.7  0.30  80.5
  21    7960.  61.99  -81.66 166.4  78.1 1.E-02  108.0  0.30  80.5
  22    8640.  55.87  -81.66 170.6  73.9 1.E-02  114.1  0.30  82.7
  23    8940.  53.17  -81.66 172.1  71.9 1.E-02  116.8  0.30  84.8
  24    9200.  50.83  -81.66 173.3  69.9 1.E-02  119.1  0.30  87.0
  25   10020.  43.45  -81.66 176.3  62.9 3.E-03  126.3  0.30  87.0
  26   10240.  41.47  -81.66 176.9  60.8 1.E-02  128.3  0.30  87.0
  27   10700.  37.33  -81.66 178.1  55.8 1.E-03  132.3  0.30  87.0
  28   10860.  35.89  -81.66 178.5  53.9 1.E-02  133.8  0.30  87.0
  29   11240.  32.47  -81.66 179.3  49.1 1.E-03  137.1  0.30  87.0
  30   11700.  28.33  -81.66 180.1  42.6 1.E-02  141.1  0.30  87.0
  31   12000.  25.63  -81.66 180.5  37.8 1.E-02  143.8  0.30  87.0
 

case_id:   Terminator runs from 96 to 99
xmtr_id               tlat    tlon   bearing  range    rlat    rlon    rrho
omega-d               46.37   98.34     0.0   12000.  99.00    0.00       0.
   rho     lat     lon   azim    dip  bfield   sigma epsr ncd    chi  beta  hprime npr
     0.   46.4    98.3  352.0   73.9   0.565  1.E-02  15.   7   37.4  0.30   74.0    7
   860.   54.1    98.3  351.7   79.5   0.584  1.E-03  15.   5   44.9  0.30   74.0    7
  1020.   55.5    98.3  351.7   80.4   0.585  3.E-04  10.   4   46.4  0.30   74.0    7
  1140.   56.6    98.3  351.7   81.1   0.586  1.E-03  15.   5   47.4  0.30   74.0    7
  1360.   58.6    98.3  351.7   82.4   0.586  3.E-04  10.   4   49.4  0.30   74.0    7
  1800.   62.6    98.3  352.0   84.6   0.584  1.E-04  10.   3   53.2  0.30   74.0    7
  2460.   68.5    98.3  354.5   87.4   0.575  4.E+00  81.  10   59.1  0.30   74.0    7
  2520.   69.0    98.3  355.1   87.6   0.574  3.E-05   5.   2   59.6  0.30   74.0    7
  2580.   69.6    98.3  355.8   87.8   0.572  4.E+00  81.  10   60.2  0.30   74.0    7
  2800.   71.6    98.3    0.2   88.5   0.568  1.E-04  10.   3   62.1  0.30   74.0    7
  3080.   74.1    98.3   15.8   89.2   0.563  4.E+00  81.  10   64.6  0.30   74.0    7
  3200.   75.2    98.3   32.1   89.4   0.560  1.E-05   5.   1   65.7  0.30   74.0    7
  3360.   76.6    98.3   69.5   89.5   0.557  4.E+00  81.  10   67.1  0.30   74.0    7
  5940.   80.2   -81.7  145.1   85.9   0.555  4.E+00  81.  10   90.1  0.30   76.2    8
  6140.   78.4   -81.7  147.6   85.4   0.557  4.E+00  81.  10   91.8  0.30   78.3    9
  6340.   76.6   -81.7  150.2   84.9   0.560  4.E+00  81.  10   93.6  0.30   80.5   10
  6700.   73.3   -81.7  154.6   83.8   0.565  3.E-04  10.   4   96.8  0.30   80.5   10
  6800.   72.4   -81.7  155.7   83.4   0.566  4.E+00  81.  10   97.7  0.30   80.5   10
  6860.   71.9   -81.7  156.4   83.2   0.567  1.E-03  15.   5   98.2  0.30   80.5   10
  7580.   65.4   -81.7  163.4   80.1   0.571  3.E-03  15.   6  104.7  0.30   80.5   10
  7960.   62.0   -81.7  166.4   78.1   0.571  1.E-02  15.   7  108.0  0.30   80.5   10
  8640.   55.9   -81.7  170.6   73.9   0.564  1.E-02  15.   7  114.1  0.30   82.7   11
  8940.   53.2   -81.7  172.1   71.9   0.559  1.E-02  15.   7  116.8  0.30   84.8   12
  9200.   50.8   -81.7  173.3   69.9   0.553  1.E-02  15.   7  119.1  0.30   87.0   13
 10020.   43.5   -81.7  176.3   62.9   0.529  3.E-03  15.   6  126.3  0.30   87.0   13
 10240.   41.5   -81.7  176.9   60.8   0.520  1.E-02  15.   7  128.3  0.30   87.0   13
 10700.   37.3   -81.7  178.1   55.8   0.502  1.E-03  15.   5  132.3  0.30   87.0   13
 10860.   35.9   -81.7  178.5   53.9   0.495  1.E-02  15.   7  133.8  0.30   87.0   13
 11240.   32.5   -81.7  179.3   49.1   0.478  1.E-03  15.   5  137.1  0.30   87.0   13
 11700.   28.3   -81.7  180.1   42.6   0.457  1.E-02  15.   7  141.1  0.30   87.0   13
 12000.   25.6   -81.7  180.5   37.8   0.443  1.E-02  15.   7  143.8  0.30   87.0   13
 
  Set up revised solar zenith angle dependence                                                                          
ionosphere  chi exponential chiexp                                                                                      
start                                                                                                                   

Path summary: bearng=  0.0 range=12000.

   nr    rho    lat     lon   azim   dip  sigma    chi  beta   h'
   1       0.  46.37   98.34 352.0  73.9 1.E-02   37.4  0.30  74.0
   2     860.  54.11   98.34 351.7  79.5 1.E-03   44.9  0.30  74.0
   3    1020.  55.55   98.34 351.7  80.4 3.E-04   46.4  0.30  74.0
   4    1140.  56.63   98.34 351.7  81.1 1.E-03   47.4  0.30  74.0
   5    1360.  58.61   98.34 351.7  82.4 3.E-04   49.4  0.30  74.0
   6    1800.  62.57   98.34 352.0  84.6 1.E-04   53.2  0.30  74.0
   7    2460.  68.51   98.34 354.5  87.4 4.E+00   59.1  0.30  74.0
   8    2520.  69.05   98.34 355.1  87.6 3.E-05   59.6  0.30  74.0
   9    2580.  69.59   98.34 355.8  87.8 4.E+00   60.2  0.30  74.0
  10    2800.  71.57   98.34   0.2  88.5 1.E-04   62.1  0.30  74.0
  11    3080.  74.09   98.34  15.8  89.2 4.E+00   64.6  0.30  74.0
  12    3200.  75.17   98.34  32.1  89.4 1.E-05   65.7  0.30  74.0
  13    3360.  76.61   98.34  69.5  89.5 4.E+00   67.1  0.30  74.0
  14    6620.  74.05  -81.66 153.6  84.0 4.E+00   96.1  0.33  76.2
  15    6680.  73.51  -81.66 154.3  83.8 4.E+00   96.6  0.37  78.3
  16    6700.  73.33  -81.66 154.6  83.8 3.E-04   96.8  0.37  78.3
  17    6760.  72.79  -81.66 155.3  83.6 3.E-04   97.4  0.40  80.5
  18    6800.  72.43  -81.66 155.7  83.4 4.E+00   97.7  0.40  80.5
  19    6820.  72.25  -81.66 156.0  83.3 4.E+00   97.9  0.43  82.7
  20    6860.  71.89  -81.66 156.4  83.2 1.E-03   98.2  0.43  82.7
  21    6880.  71.71  -81.66 156.6  83.1 1.E-03   98.4  0.47  84.8
  22    6960.  70.99  -81.66 157.5  82.8 1.E-03   99.1  0.50  87.0
  23    7580.  65.41  -81.66 163.4  80.1 3.E-03  104.7  0.50  87.0
  24    7960.  61.99  -81.66 166.4  78.1 1.E-02  108.0  0.50  87.0
  25    9440.  48.67  -81.66 174.3  68.0 1.E-02  121.2  0.50  87.0
  26   10020.  43.45  -81.66 176.3  62.9 3.E-03  126.3  0.50  87.0
  27   10240.  41.47  -81.66 176.9  60.8 1.E-02  128.3  0.50  87.0
  28   10700.  37.33  -81.66 178.1  55.8 1.E-03  132.3  0.50  87.0
  29   10860.  35.89  -81.66 178.5  53.9 1.E-02  133.8  0.50  87.0
  30   11240.  32.47  -81.66 179.3  49.1 1.E-03  137.1  0.50  87.0
  31   11700.  28.33  -81.66 180.1  42.6 1.E-02  141.1  0.50  87.0
  32   12000.  25.63  -81.66 180.5  37.8 1.E-02  143.8  0.50  87.0
 

case_id:   Terminator runs from 96 to 99
xmtr_id               tlat    tlon   bearing  range    rlat    rlon    rrho
omega-d               46.37   98.34     0.0   12000.  99.00    0.00       0.
   rho     lat     lon   azim    dip  bfield   sigma epsr ncd    chi  beta  hprime npr
     0.   46.4    98.3  352.0   73.9   0.565  1.E-02  15.   7   37.4  0.30   74.0    1
   860.   54.1    98.3  351.7   79.5   0.584  1.E-03  15.   5   44.9  0.30   74.0    1
  1020.   55.5    98.3  351.7   80.4   0.585  3.E-04  10.   4   46.4  0.30   74.0    1
  1140.   56.6    98.3  351.7   81.1   0.586  1.E-03  15.   5   47.4  0.30   74.0    1
  1360.   58.6    98.3  351.7   82.4   0.586  3.E-04  10.   4   49.4  0.30   74.0    1
  1800.   62.6    98.3  352.0   84.6   0.584  1.E-04  10.   3   53.2  0.30   74.0    1
  2460.   68.5    98.3  354.5   87.4   0.575  4.E+00  81.  10   59.1  0.30   74.0    1
  2520.   69.0    98.3  355.1   87.6   0.574  3.E-05   5.   2   59.6  0.30   74.0    1
  2580.   69.6    98.3  355.8   87.8   0.572  4.E+00  81.  10   60.2  0.30   74.0    1
  2800.   71.6    98.3    0.2   88.5   0.568  1.E-04  10.   3   62.1  0.30   74.0    1
  3080.   74.1    98.3   15.8   89.2   0.563  4.E+00  81.  10   64.6  0.30   74.0    1
  3200.   75.2    98.3   32.1   89.4   0.560  1.E-05   5.   1   65.7  0.30   74.0    1
  3360.   76.6    98.3   69.5   89.5   0.557  4.E+00  81.  10   67.1  0.30   74.0    1
  6620.   74.1   -81.7  153.6   84.0   0.564  4.E+00  81.  10   96.1  0.33   76.2    2
  6680.   73.5   -81.7  154.3   83.8   0.565  4.E+00  81.  10   96.6  0.37   78.3    3
  6700.   73.3   -81.7  154.6   83.8   0.565  3.E-04  10.   4   96.8  0.37   78.3    3
  6760.   72.8   -81.7  155.3   83.6   0.565  3.E-04  10.   4   97.4  0.40   80.5    4
  6800.   72.4   -81.7  155.7   83.4   0.566  4.E+00  81.  10   97.7  0.40   80.5    4
  6820.   72.3   -81.7  156.0   83.3   0.566  4.E+00  81.  10   97.9  0.43   82.7    5
  6860.   71.9   -81.7  156.4   83.2   0.567  1.E-03  15.   5   98.2  0.43   82.7    5
  6880.   71.7   -81.7  156.6   83.1   0.567  1.E-03  15.   5   98.4  0.47   84.8    6
  6960.   71.0   -81.7  157.5   82.8   0.568  1.E-03  15.   5   99.1  0.50   87.0    7
  7580.   65.4   -81.7  163.4   80.1   0.571  3.E-03  15.   6  104.7  0.50   87.0    7
  7960.   62.0   -81.7  166.4   78.1   0.571  1.E-02  15.   7  108.0  0.50   87.0    7
  9440.   48.7   -81.7  174.3   68.0   0.547  1.E-02  15.   7  121.2  0.50   87.0    7
 10020.   43.5   -81.7  176.3   62.9   0.529  3.E-03  15.   6  126.3  0.50   87.0    7
 10240.   41.5   -81.7  176.9   60.8   0.520  1.E-02  15.   7  128.3  0.50   87.0    7
 10700.   37.3   -81.7  178.1   55.8   0.502  1.E-03  15.   5  132.3  0.50   87.0    7
 10860.   35.9   -81.7  178.5   53.9   0.495  1.E-02  15.   7  133.8  0.50   87.0    7
 11240.   32.5   -81.7  179.3   49.1   0.478  1.E-03  15.   5  137.1  0.50   87.0    7
 11700.   28.3   -81.7  180.1   42.6   0.457  1.E-02  15.   7  141.1  0.50   87.0    7
 12000.   25.6   -81.7  180.5   37.8   0.443  1.E-02  15.   7  143.8  0.50   87.0    7
 
quit                                                                                                                    

Run finished on 05-15-2005 at 14:46:47
