Program identifier: LWPM 2.1

Run started  on 05-15-2005 at 14:46:49
file-mds    Output\                                                                                                     
file-lwf    Output\                                                                                                     
file-prf    Profile\                                                                                                    
file-ndx    Profile\                                                                                                    
case-id     Test tabular ionosphere                                                                                     
  Name the output files                                                                                                 
tx          rtbl                                                                                                        
  Identify the transmitter                                                                                              
tx-data     t01 39.2 40.0 97.5 100 90 90 9                                                                              
  Identify the received field component                                                                                 
rx-data     horizontal 6                                                                                                
  Choose ionospheric model                                                                                              
ionosphere  range table rtbl                                                                                            
  Set maximum range of paths                                                                                            
range-max   3000                                                                                                        
  Choose bearings angles                                                                                                
bearings    50                                                                                                          
  Get extra print out from the mode generation                                                                          
print-swg   2                                                                                                           
  Set the maximum range for the fields at 5000 km                                                                       
lwf-vs-dist 3000                                                                                                        
  Get extra print out from the mode summation                                                                           
print-lwf   2                                                                                                           
start                                                                                                                   
xmtr_id                tlat    tlon   bearing  range
t01                   40.00   97.50     50.0    3000.

Path summary: bearng= 50.0 range= 3000.

   nr    rho    lat     lon   azim   dip  sigma    chi  beta   h'
   1       0.  40.00   97.50  42.9  68.9 1.E-02  -35.1 99.00  53.6
   2      60.  40.35   96.96  43.6  69.3 3.E-03  -34.8 99.00  53.6
   3     100.  40.57   96.59  44.1  69.5 1.E-02  -34.6 99.00  53.6
   4     700.  43.86   90.80  53.0  72.7 3.E-03  -32.4 99.00  53.6
   5    1020.  45.49   87.46  59.0  74.1 1.E-02  -31.5 99.00  53.6
   6    1040.  45.59   87.25  59.4  74.2 3.E-03  -31.5 99.00  53.6
   7    1080.  45.78   86.81  60.3  74.3 1.E-02  -31.4 99.00  53.6
   8    1140.  46.07   86.16  61.5  74.5 3.E-03  -31.2 99.00  53.6
   9    1240.  46.55   85.05  63.7  74.9 1.E-02  -31.0 99.00  53.6
  10    1300.  46.83   84.38  65.0  75.1 1.E-03  -30.9 99.00  53.6
  11    1580.  48.08   81.14  71.6  75.8 1.E-03  -30.5 99.00  58.8
  12    2080.  50.07   74.98  83.7  76.4 1.E-04   30.2 99.00  61.6
  13    2200.  50.50   73.43  86.6  76.4 1.E-03   30.2 99.00  61.6
  14    2220.  50.57   73.16  87.1  76.4 1.E-04   30.2 99.00  61.6
  15    2240.  50.63   72.90  87.6  76.4 1.E-03   30.2 99.00  61.6
  16    2280.  50.77   72.38  88.5  76.4 1.E-04   30.2 99.00  61.6
  17    3000.  52.78   62.41 103.2  75.5 1.E-04   31.2 99.00  61.6
 
PRFL_HGTS:
Electron parameters:
  ht     ne       nu        x         z          w
  65.4  1.14E+05  1.46E+07  3.62E+14  5.91E+01  2.48E+07
  53.6  5.47E+03  7.00E+07  1.74E+13  2.84E+02  2.49E+05
  20.1  2.27E+00  7.99E+09  7.21E+09  3.24E+04  9.03E-01

Propagation path parameters:
  rho    lat     lon   azim    dip  bfield   sigma  epsr  beta   h'
    0.  40.00   97.50  42.86  68.90 0.5393  1.0E-02 15.0 99.00 53.60
Output from MF_DRIVER:
  83.5808  -0.7541  83.0035  -1.2063  81.4808  -1.1804  79.7610  -1.1909
  77.8315  -1.3398  75.9690  -1.2978  73.7991  -1.3824
Iteration parameters:
    lub    thtinc    tolr    toli    dthtar  dthtai    deignr    deigni
   0.0062  0.0247   0.0062  0.0012   0.0124  0.0025   0.001546  0.000309

   initial   iter    final      mag f   mag p   atten  v/c      Wait's exc
[SW_WVGD] WARNING: Excessive iterations.
83.581 -0.755  5 83.570 -0.840 3.8E-04 3.4E+02  11.81 0.99829    0.82 0.55
[SW_WVGD] WARNING: Excessive iterations.
83.003 -1.207  5 83.018 -1.280 4.0E-04 7.0E-03  19.54 0.99928  -86.83 0.35
81.481 -1.181  2 81.485 -1.169 2.6E-03 1.6E+02  21.73 1.00297    4.67 6.11
[SW_WVGD] WARNING: Excessive iterations.
79.762 -1.193  4 79.726 -1.229 7.9E-05 6.7E-03  27.53 1.00805  -80.56 1.77
[SW_WVGD] WARNING: Excessive iterations.
77.831 -1.341  4 77.830 -1.396 4.0E-04 9.1E+01  36.94 1.01463    2.71 6.25
75.969 -1.298  2 75.980 -1.298 1.3E-03 1.3E-02  39.48 1.02232  -73.88 2.38
73.799 -1.383  2 73.784 -1.394 7.7E-04 7.3E+01  48.88 1.03292    2.60 0.03
Output from SW_WVGD: LOSTM=1
  83.5702  -0.8402  83.0180  -1.2803  81.4855  -1.1688  79.7263  -1.2294
  77.8299  -1.3957  75.9801  -1.2982  73.7844  -1.3941

Propagation path parameters:
  rho    lat     lon   azim    dip  bfield   sigma  epsr  beta   h'
  100.  40.57   96.59  44.06  69.51 0.5427  1.0E-02 15.0 99.00 53.60

   initial   iter    final      mag f   mag p   atten  v/c      Wait's exc
[SW_WVGD] WARNING: Excessive iterations.
83.570 -0.743  5 83.570 -0.840 1.2E-03 3.4E+02  11.81 0.99829    0.82 0.55
[SW_WVGD] WARNING: Excessive iterations.
83.009 -1.213  4 83.018 -1.280 6.1E-03 7.1E-03  19.54 0.99928  -86.71 0.35
81.481 -1.182  2 81.485 -1.169 2.7E-03 1.6E+02  21.73 1.00297    4.67 6.11
[SW_WVGD] WARNING: Excessive iterations.
79.761 -1.196  3 79.726 -1.229 1.5E-03 6.8E-03  27.53 1.00805  -80.52 1.77
[SW_WVGD] WARNING: Excessive iterations.
77.832 -1.340  4 77.830 -1.396 4.3E-04 9.0E+01  36.94 1.01463    2.71 6.25
75.969 -1.298  2 75.980 -1.298 1.3E-03 1.3E-02  39.48 1.02232  -73.82 2.39
73.801 -1.383  2 73.784 -1.394 8.7E-04 7.2E+01  48.88 1.03292    2.60 0.03
Output from SW_WVGD: LOSTM=1
  83.5702  -0.8402  83.0180  -1.2803  81.4855  -1.1688  79.7263  -1.2294
  77.8299  -1.3957  75.9801  -1.2982  73.7844  -1.3941

Propagation path parameters:
  rho    lat     lon   azim    dip  bfield   sigma  epsr  beta   h'
 1020.  45.49   87.46  59.03  74.11 0.5632  1.0E-02 15.0 99.00 53.60

   initial   iter    final      mag f   mag p   atten  v/c      Wait's exc
[SW_WVGD] WARNING: Excessive iterations.
83.570 -0.743  5 83.570 -0.840 1.2E-03 3.3E+02  11.81 0.99829    0.82 0.55
[SW_WVGD] WARNING: Excessive iterations.
83.009 -1.214  4 83.018 -1.280 5.9E-03 7.6E-03  19.54 0.99928  -85.65 0.35
81.481 -1.182  2 81.486 -1.169 2.7E-03 1.5E+02  21.73 1.00297    4.67 6.11
[SW_WVGD] WARNING: Excessive iterations.
79.761 -1.196  3 79.726 -1.229 1.5E-03 6.9E-03  27.53 1.00805  -80.38 1.75
[SW_WVGD] WARNING: Excessive iterations.
77.832 -1.340  4 77.830 -1.396 4.4E-04 8.8E+01  36.94 1.01463    2.71 6.25
75.969 -1.299  2 75.980 -1.298 1.3E-03 1.3E-02  39.49 1.02232  -73.48 2.43
73.801 -1.383  2 73.784 -1.394 8.7E-04 6.9E+01  48.88 1.03292    2.60 0.03
Output from SW_WVGD: LOSTM=1
  83.5702  -0.8403  83.0180  -1.2803  81.4855  -1.1688  79.7264  -1.2295
  77.8299  -1.3957  75.9803  -1.2984  73.7844  -1.3942

Propagation path parameters:
  rho    lat     lon   azim    dip  bfield   sigma  epsr  beta   h'
 1080.  45.78   86.81  60.26  74.33 0.5638  1.0E-02 15.0 99.00 53.60

   initial   iter    final      mag f   mag p   atten  v/c      Wait's exc
[SW_WVGD] WARNING: Excessive iterations.
83.570 -0.743  5 83.570 -0.840 1.2E-03 3.3E+02  11.81 0.99829    0.82 0.55
[SW_WVGD] WARNING: Excessive iterations.
83.009 -1.214  4 83.018 -1.280 5.9E-03 7.6E-03  19.54 0.99928  -85.61 0.35
81.481 -1.182  2 81.486 -1.169 2.7E-03 1.5E+02  21.73 1.00297    4.67 6.11
[SW_WVGD] WARNING: Excessive iterations.
79.761 -1.196  3 79.726 -1.229 1.5E-03 6.9E-03  27.53 1.00805  -80.38 1.75
[SW_WVGD] WARNING: Excessive iterations.
77.832 -1.340  4 77.830 -1.396 4.4E-04 8.8E+01  36.94 1.01463    2.71 6.25
75.969 -1.299  2 75.980 -1.298 1.3E-03 1.3E-02  39.49 1.02232  -73.47 2.43
73.801 -1.383  2 73.784 -1.394 8.7E-04 6.9E+01  48.88 1.03292    2.60 0.03
Output from SW_WVGD: LOSTM=1
  83.5702  -0.8403  83.0180  -1.2803  81.4855  -1.1688  79.7264  -1.2295
  77.8299  -1.3957  75.9803  -1.2984  73.7844  -1.3942

Propagation path parameters:
  rho    lat     lon   azim    dip  bfield   sigma  epsr  beta   h'
 1240.  46.55   85.05  63.69  74.88 0.5652  1.0E-02 15.0 99.00 53.60

   initial   iter    final      mag f   mag p   atten  v/c      Wait's exc
[SW_WVGD] WARNING: Excessive iterations.
83.570 -0.743  5 83.570 -0.840 1.2E-03 3.3E+02  11.81 0.99829    0.82 0.55
[SW_WVGD] WARNING: Excessive iterations.
83.009 -1.214  4 83.018 -1.280 5.9E-03 7.6E-03  19.54 0.99928  -85.53 0.35
81.481 -1.182  2 81.485 -1.169 2.7E-03 1.5E+02  21.73 1.00297    4.67 6.11
[SW_WVGD] WARNING: Excessive iterations.
79.761 -1.196  3 79.726 -1.229 1.5E-03 6.9E-03  27.53 1.00805  -80.40 1.75
[SW_WVGD] WARNING: Excessive iterations.
77.832 -1.340  4 77.830 -1.396 4.4E-04 8.8E+01  36.94 1.01463    2.71 6.25
75.969 -1.299  2 75.980 -1.298 1.3E-03 1.3E-02  39.49 1.02232  -73.46 2.43
73.801 -1.383  2 73.784 -1.394 8.8E-04 6.8E+01  48.88 1.03292    2.60 0.03
Output from SW_WVGD: LOSTM=1
  83.5702  -0.8403  83.0179  -1.2802  81.4854  -1.1689  79.7264  -1.2295
  77.8299  -1.3958  75.9803  -1.2984  73.7844  -1.3942

Propagation path parameters:
  rho    lat     lon   azim    dip  bfield   sigma  epsr  beta   h'
   60.  40.35   96.96  43.57  69.27 0.5414  3.0E-03 15.0 99.00 53.60
Output from MF_DRIVER:
  83.6904  -0.8197  83.0040  -1.2063  81.5375  -1.3064  79.7627  -1.1919
  77.8827  -1.4083  75.9715  -1.2996  73.8410  -1.4315
Iteration parameters:
    lub    thtinc    tolr    toli    dthtar  dthtai    deignr    deigni
   0.0062  0.0247   0.0062  0.0012   0.0124  0.0025   0.001546  0.000309

   initial   iter    final      mag f   mag p   atten  v/c      Wait's exc
[SW_WVGD] WARNING: Excessive iterations.
83.690 -0.821  5 83.680 -0.901 2.7E-04 3.3E+02  12.45 0.99806    1.69 0.32
[SW_WVGD] WARNING: Excessive iterations.
83.004 -1.207  4 83.019 -1.280 8.1E-03 5.9E-03  19.54 0.99928  -86.53 0.36
81.538 -1.307  2 81.543 -1.300 1.8E-03 1.4E+02  24.00 1.00277    4.65 6.07
[SW_WVGD] WARNING: Excessive iterations.
79.763 -1.194  3 79.728 -1.230 3.8E-03 6.2E-03  27.54 1.00805  -80.56 1.78
[SW_WVGD] WARNING: Excessive iterations.
77.882 -1.409  4 77.879 -1.464 4.1E-04 8.7E+01  38.59 1.01441    2.82 6.26
75.972 -1.300  2 75.983 -1.300 1.2E-03 1.2E-02  39.54 1.02231  -73.91 2.40
73.841 -1.432  2 73.827 -1.443 7.1E-04 7.0E+01  50.46 1.03267    2.64 0.04
Output from SW_WVGD: LOSTM=1
  83.6804  -0.9012  83.0186  -1.2804  81.5432  -1.2998  79.7280  -1.2303
  77.8786  -1.4637  75.9826  -1.3003  73.8274  -1.4429

Propagation path parameters:
  rho    lat     lon   azim    dip  bfield   sigma  epsr  beta   h'
  700.  43.86   90.80  52.98  72.74 0.5582  3.0E-03 15.0 99.00 53.60

   initial   iter    final      mag f   mag p   atten  v/c      Wait's exc
[SW_WVGD] WARNING: Excessive iterations.
83.683 -0.808  5 83.680 -0.901 1.2E-03 3.4E+02  12.46 0.99806    1.69 0.32
[SW_WVGD] WARNING: Excessive iterations.
83.009 -1.214  4 83.018 -1.280 5.3E-03 6.3E-03  19.54 0.99928  -85.76 0.37
81.538 -1.307  2 81.543 -1.300 1.9E-03 1.4E+02  24.00 1.00277    4.65 6.07
[SW_WVGD] WARNING: Excessive iterations.
79.762 -1.197  3 79.728 -1.230 1.3E-03 6.3E-03  27.54 1.00805  -80.42 1.77
[SW_WVGD] WARNING: Excessive iterations.
77.880 -1.405  4 77.879 -1.464 7.9E-04 8.6E+01  38.59 1.01441    2.82 6.26
75.973 -1.299  2 75.983 -1.300 9.5E-04 1.2E-02  39.55 1.02230  -73.61 2.43
Output from SW_WVGD: LOSTM=1
  83.6804  -0.9013  83.0184  -1.2803  81.5433  -1.2998  79.7281  -1.2303
  77.8786  -1.4638  75.9828  -1.3004

Propagation path parameters:
  rho    lat     lon   azim    dip  bfield   sigma  epsr  beta   h'
 1040.  45.59   87.25  59.44  74.18 0.5634  3.0E-03 15.0 99.00 53.60

   initial   iter    final      mag f   mag p   atten  v/c      Wait's exc
[SW_WVGD] WARNING: Excessive iterations.
83.683 -0.808  5 83.680 -0.901 1.2E-03 3.4E+02  12.46 0.99806    1.69 0.32
[SW_WVGD] WARNING: Excessive iterations.
83.009 -1.214  4 83.018 -1.280 5.3E-03 6.4E-03  19.54 0.99928  -85.48 0.37
81.538 -1.307  2 81.543 -1.300 1.9E-03 1.4E+02  24.00 1.00277    4.65 6.07
[SW_WVGD] WARNING: Excessive iterations.
79.762 -1.197  3 79.728 -1.230 1.3E-03 6.3E-03  27.54 1.00805  -80.41 1.77
[SW_WVGD] WARNING: Excessive iterations.
77.880 -1.405  4 77.879 -1.464 7.9E-04 8.5E+01  38.59 1.01441    2.82 6.26
75.974 -1.300  2 75.983 -1.300 9.5E-04 1.2E-02  39.55 1.02230  -73.54 2.44
Output from SW_WVGD: LOSTM=1
  83.6804  -0.9013  83.0184  -1.2803  81.5433  -1.2998  79.7281  -1.2303
  77.8786  -1.4638  75.9828  -1.3005

Propagation path parameters:
  rho    lat     lon   azim    dip  bfield   sigma  epsr  beta   h'
 1140.  46.07   86.16  61.52  74.55 0.5644  3.0E-03 15.0 99.00 53.60

   initial   iter    final      mag f   mag p   atten  v/c      Wait's exc
[SW_WVGD] WARNING: Excessive iterations.
83.683 -0.808  5 83.680 -0.901 1.2E-03 3.4E+02  12.46 0.99806    1.69 0.32
[SW_WVGD] WARNING: Excessive iterations.
83.009 -1.214  4 83.018 -1.280 5.3E-03 6.4E-03  19.54 0.99928  -85.42 0.37
81.538 -1.307  2 81.543 -1.300 1.9E-03 1.4E+02  24.00 1.00277    4.65 6.07
[SW_WVGD] WARNING: Excessive iterations.
79.762 -1.197  3 79.728 -1.230 1.3E-03 6.3E-03  27.54 1.00805  -80.42 1.76
[SW_WVGD] WARNING: Excessive iterations.
77.880 -1.405  4 77.879 -1.464 7.9E-04 8.5E+01  38.59 1.01441    2.82 6.26
75.974 -1.300  2 75.983 -1.300 9.5E-04 1.2E-02  39.55 1.02230  -73.53 2.44
Output from SW_WVGD: LOSTM=1
  83.6804  -0.9013  83.0184  -1.2803  81.5432  -1.2998  79.7281  -1.2303
  77.8786  -1.4638  75.9828  -1.3005

Propagation path parameters:
  rho    lat     lon   azim    dip  bfield   sigma  epsr  beta   h'
 1300.  46.83   84.38  65.03  75.06 0.5655  1.0E-03 15.0 99.00 53.60
Output from MF_DRIVER:
  83.8383  -1.0019  83.0049  -1.2064  81.6176  -1.5219  79.7654  -1.1936
  77.9649  -1.5241  75.9757  -1.3035  73.9078  -1.5131
Iteration parameters:
    lub    thtinc    tolr    toli    dthtar  dthtai    deignr    deigni
   0.0062  0.0247   0.0062  0.0012   0.0124  0.0025   0.001546  0.000309

   initial   iter    final      mag f   mag p   atten  v/c      Wait's exc
[SW_WVGD] WARNING: Excessive iterations.
83.838 -1.003  4 83.832 -1.078 2.9E-03 3.2E+02  14.54 0.99772    2.91 6.22
[SW_WVGD] WARNING: Excessive iterations.
83.005 -1.208  4 83.019 -1.280 3.7E-03 4.4E-03  19.54 0.99928  -85.09 0.39
81.618 -1.522  1 81.622 -1.522 2.3E-02 1.2E+02  27.84 1.00247    4.95 6.07
[SW_WVGD] WARNING: Excessive iterations.
79.766 -1.195  3 79.731 -1.232 2.9E-03 5.5E-03  27.57 1.00804  -80.48 1.78
[SW_WVGD] WARNING: Excessive iterations.
77.965 -1.524  4 77.957 -1.578 4.5E-04 8.0E+01  41.34 1.01406    3.09 6.28
75.976 -1.304  2 75.987 -1.304 1.1E-03 1.1E-02  39.64 1.02229  -73.63 2.46
73.908 -1.514  2 73.896 -1.524 6.5E-04 6.3E+01  53.07 1.03228    2.72 0.05
Output from SW_WVGD: LOSTM=1
  83.8318  -1.0777  83.0193  -1.2803  81.6215  -1.5216  79.7308  -1.2318
  77.9574  -1.5781  75.9869  -1.3040  73.8958  -1.5239
PRFL_HGTS:
Electron parameters:
  ht     ne       nu        x         z          w
  86.2  4.41E+03  5.59E+05  1.40E+13  2.27E+00  2.51E+07
  58.8  2.80E+03  3.59E+07  8.90E+12  1.46E+02  2.48E+05
  27.6  4.01E-02  2.51E+09  1.28E+08  1.02E+04  5.08E-02

Propagation path parameters:
  rho    lat     lon   azim    dip  bfield   sigma  epsr  beta   h'
 1580.  48.08   81.14  71.55  75.76 0.5660  1.0E-03 15.0 99.00 58.80
Output from MF_DRIVER:
  84.1289  -0.6517  83.5999  -0.6515  82.1362  -1.0916  80.4157  -0.7567
  78.7535  -1.0922  76.7968  -0.9087  74.9238  -1.2023  72.9554  -1.1060
  70.9417  -1.3841
Iteration parameters:
    lub    thtinc    tolr    toli    dthtar  dthtai    deignr    deigni
   0.0062  0.0247   0.0062  0.0012   0.0124  0.0025   0.001546  0.000309

   initial   iter    final      mag f   mag p   atten  v/c      Wait's exc
84.129 -0.652  1 84.129 -0.652 1.2E-03 9.2E+01   8.38 0.99729   -0.52 5.93
83.600 -0.651  1 83.600 -0.652 1.6E-03 7.4E-03   9.13 0.99828  -73.59 1.08
82.136 -1.092  1 82.136 -1.092 1.6E-03 7.2E+01  18.75 1.00136    5.74 6.11
80.415 -0.757  1 80.415 -0.757 2.6E-04 9.4E-03  15.82 1.00608  -73.19 2.22
78.754 -1.092  1 78.753 -1.093 1.2E-03 6.1E+01  26.75 1.01136    3.33 0.03
76.796 -0.909  1 76.796 -0.909 1.2E-03 1.5E-02  26.07 1.01893  -68.01 2.46
74.923 -1.202  1 74.923 -1.203 9.9E-04 4.3E+01  39.27 1.02726    2.25 0.06
72.954 -1.107  1 72.954 -1.107 4.3E-04 2.3E-02  40.76 1.03751  -62.63 2.56
70.940 -1.385  1 70.941 -1.385 1.8E-04 3.3E+01  56.77 1.04935    1.59 0.06
Output from SW_WVGD: LOSTM=0
  84.1289  -0.6525  83.5999  -0.6522  82.1361  -1.0918  80.4148  -0.7568
  78.7534  -1.0927  76.7960  -0.9092  74.9229  -1.2026  72.9539  -1.1074
  70.9405  -1.3848
PRFL_HGTS:
Electron parameters:
  ht     ne       nu        x         z          w
  86.5  4.23E+03  5.30E+05  1.35E+13  2.15E+00  2.54E+07
  61.6  1.93E+03  2.46E+07  6.13E+12  1.00E+02  2.49E+05
  36.3  1.05E-01  6.79E+08  3.35E+08  2.76E+03  4.93E-01

Propagation path parameters:
  rho    lat     lon   azim    dip  bfield   sigma  epsr  beta   h'
 2080.  50.07   74.98  83.75  76.36 0.5627  1.0E-04 10.0 99.00 61.60
Output from MF_DRIVER:
  83.8918  -0.3989  83.8853  -0.6069  81.2434  -3.5685  80.6880  -0.5512
  79.9209  -1.4993  77.1819  -0.7611  75.7692  -1.4833  73.4463  -0.9890
  69.5810  -1.2617
Iteration parameters:
    lub    thtinc    tolr    toli    dthtar  dthtai    deignr    deigni
   0.0062  0.0247   0.0062  0.0012   0.0124  0.0025   0.001546  0.000309

   initial   iter    final      mag f   mag p   atten  v/c      Wait's exc
83.892 -0.399  1 83.892 -0.399 2.7E-04 3.8E-02   5.33 0.99776  -68.48 2.12
83.885 -0.607  1 83.885 -0.607 3.5E-04 2.0E+01   8.12 0.99774  -13.16 3.28
81.245 -3.565  1 81.245 -3.565 4.8E-02 3.7E+01  68.17 1.00188   18.40 5.30
80.688 -0.551  1 80.688 -0.551 4.6E-04 8.1E-03  11.20 1.00532  -71.28 2.44
79.920 -1.499  1 79.920 -1.499 1.1E-03 3.4E+01  32.94 1.00733    7.49 1.26
77.182 -0.761  1 77.182 -0.761 1.4E-04 1.1E-02  21.20 1.01739  -66.20 2.59
75.769 -1.483  1 75.769 -1.483 7.0E-04 2.9E+01  45.77 1.02318    3.73 0.44
73.446 -0.988  1 73.446 -0.989 2.2E-04 1.7E-02  35.36 1.03486  -61.11 2.61
69.580 -1.262  1 69.580 -1.262 7.4E-04 2.7E-02  55.29 1.05839  -56.20 2.60
Output from SW_WVGD: LOSTM=0
  83.8915  -0.3993  83.8852  -0.6074  81.2448  -3.5653  80.6878  -0.5512
  79.9201  -1.4988  77.1819  -0.7613  75.7693  -1.4831  73.4464  -0.9885
  69.5801  -1.2622

Propagation path parameters:
  rho    lat     lon   azim    dip  bfield   sigma  epsr  beta   h'
 2220.  50.57   73.16  87.09  76.38 0.5608  1.0E-04 10.0 99.00 61.60

   initial   iter    final      mag f   mag p   atten  v/c      Wait's exc
83.892 -0.399  1 83.892 -0.399 2.7E-04 3.8E-02   5.33 0.99776  -68.56 2.12
83.885 -0.607  1 83.885 -0.607 3.5E-04 2.0E+01   8.12 0.99774  -13.16 3.28
80.688 -0.551  1 80.688 -0.551 4.6E-04 8.0E-03  11.20 1.00532  -71.36 2.44
79.920 -1.499  1 79.920 -1.499 1.3E-03 3.4E+01  32.94 1.00733    7.49 1.26
77.182 -0.761  1 77.182 -0.761 1.4E-04 1.1E-02  21.20 1.01739  -66.27 2.59
75.769 -1.483  1 75.769 -1.483 6.9E-04 2.9E+01  45.77 1.02318    3.73 0.44
73.446 -0.988  1 73.446 -0.988 2.3E-04 1.7E-02  35.36 1.03486  -61.18 2.61
Output from SW_WVGD: LOSTM=0
  83.8915  -0.3993  83.8852  -0.6074  80.6877  -0.5512  79.9201  -1.4988
  77.1819  -0.7613  75.7693  -1.4830  73.4463  -0.9885

Propagation path parameters:
  rho    lat     lon   azim    dip  bfield   sigma  epsr  beta   h'
 2280.  50.77   72.38  88.49  76.37 0.5599  1.0E-04 10.0 99.00 61.60

   initial   iter    final      mag f   mag p   atten  v/c      Wait's exc
83.892 -0.399  1 83.892 -0.399 2.7E-04 3.8E-02   5.33 0.99776  -68.59 2.12
83.885 -0.607  1 83.885 -0.607 3.5E-04 2.0E+01   8.12 0.99774  -13.16 3.28
80.688 -0.551  1 80.688 -0.551 4.6E-04 8.0E-03  11.20 1.00532  -71.39 2.44
79.920 -1.499  1 79.920 -1.499 1.3E-03 3.4E+01  32.94 1.00733    7.49 1.26
77.182 -0.761  1 77.182 -0.761 1.4E-04 1.1E-02  21.20 1.01739  -66.30 2.59
75.769 -1.483  1 75.769 -1.483 6.9E-04 2.9E+01  45.77 1.02318    3.73 0.44
73.446 -0.988  1 73.446 -0.988 2.3E-04 1.7E-02  35.36 1.03486  -61.21 2.61
Output from SW_WVGD: LOSTM=0
  83.8915  -0.3993  83.8852  -0.6074  80.6877  -0.5511  79.9201  -1.4988
  77.1819  -0.7612  75.7693  -1.4830  73.4463  -0.9884

Propagation path parameters:
  rho    lat     lon   azim    dip  bfield   sigma  epsr  beta   h'
 3000.  52.78   62.41 103.16  75.54 0.5451  1.0E-04 10.0 99.00 61.60

   initial   iter    final      mag f   mag p   atten  v/c      Wait's exc
83.892 -0.398  1 83.891 -0.399 2.6E-04 3.6E-02   5.33 0.99776  -68.99 2.11
83.885 -0.607  1 83.885 -0.607 3.6E-04 2.0E+01   8.12 0.99774  -13.16 3.28
80.687 -0.551  1 80.687 -0.551 4.7E-04 7.5E-03  11.19 1.00532  -71.79 2.43
79.920 -1.499  1 79.920 -1.499 1.4E-03 3.4E+01  32.93 1.00733    7.49 1.26
77.181 -0.761  1 77.181 -0.761 1.5E-04 1.0E-02  21.19 1.01739  -66.71 2.58
75.769 -1.483  1 75.769 -1.483 7.4E-04 2.9E+01  45.77 1.02318    3.73 0.44
73.446 -0.988  1 73.446 -0.988 2.4E-04 1.6E-02  35.34 1.03487  -61.62 2.60
Output from SW_WVGD: LOSTM=0
  83.8914  -0.3991  83.8852  -0.6074  80.6875  -0.5509  79.9201  -1.4988
  77.1815  -0.7609  75.7693  -1.4830  73.4457  -0.9878

Propagation path parameters:
  rho    lat     lon   azim    dip  bfield   sigma  epsr  beta   h'
 2200.  50.50   73.43  86.62  76.38 0.5611  1.0E-03 15.0 99.00 61.60
Output from MF_DRIVER:
  84.2784  -0.4787  83.8897  -0.3981  82.3649  -0.8903  80.6795  -0.5440
  79.0897  -0.9140  77.1667  -0.7463  75.3699  -1.0450  73.4242  -0.9672
  71.4969  -1.2525  69.5519  -1.2334
Iteration parameters:
    lub    thtinc    tolr    toli    dthtar  dthtai    deignr    deigni
   0.0062  0.0247   0.0062  0.0012   0.0124  0.0025   0.001546  0.000309

   initial   iter    final      mag f   mag p   atten  v/c      Wait's exc
84.278 -0.479  1 84.278 -0.479 6.0E-04 4.5E+01   6.00 0.99705   -2.68 5.74
83.890 -0.398  1 83.890 -0.398 7.9E-04 1.1E-02   5.32 0.99776  -67.97 1.81
82.365 -0.890  1 82.365 -0.890 2.9E-03 6.7E+01  14.85 1.00087    6.26 6.10
80.679 -0.544  1 80.679 -0.544 7.1E-04 9.9E-03  11.06 1.00535  -70.99 2.33
79.089 -0.914  1 79.089 -0.914 4.2E-04 4.9E+01  21.72 1.01026    3.32 0.06
77.167 -0.746  1 77.167 -0.746 1.9E-04 1.7E-02  20.81 1.01745  -65.91 2.50
75.370 -1.045  1 75.370 -1.045 4.2E-04 3.8E+01  33.13 1.02519    2.14 0.07
73.424 -0.967  1 73.424 -0.967 2.8E-04 2.4E-02  34.62 1.03499  -60.84 2.53
71.497 -1.252  1 71.497 -1.252 6.3E-04 2.8E+01  49.87 1.04595    1.45 0.07
69.551 -1.234  1 69.551 -1.234 8.8E-04 3.5E-02  54.12 1.05860  -55.95 2.52
Output from SW_WVGD: LOSTM=0
  84.2783  -0.4791  83.8895  -0.3985  82.3648  -0.8905  80.6793  -0.5439
  79.0891  -0.9139  77.1667  -0.7465  75.3700  -1.0449  73.4243  -0.9667
  71.4969  -1.2517  69.5509  -1.2339

Propagation path parameters:
  rho    lat     lon   azim    dip  bfield   sigma  epsr  beta   h'
 2240.  50.63   72.90  87.56  76.38 0.5605  1.0E-03 15.0 99.00 61.60

   initial   iter    final      mag f   mag p   atten  v/c      Wait's exc
84.278 -0.479  1 84.278 -0.479 6.1E-04 4.5E+01   6.00 0.99705   -2.68 5.74
83.890 -0.398  1 83.890 -0.398 7.8E-04 1.1E-02   5.32 0.99776  -67.99 1.81
82.365 -0.890  1 82.365 -0.890 2.9E-03 6.7E+01  14.85 1.00087    6.26 6.10
80.679 -0.544  1 80.679 -0.544 7.2E-04 9.8E-03  11.06 1.00535  -71.01 2.33
79.089 -0.914  1 79.089 -0.914 5.0E-04 4.8E+01  21.72 1.01026    3.32 0.06
77.167 -0.746  1 77.167 -0.746 1.9E-04 1.7E-02  20.81 1.01745  -65.93 2.50
75.370 -1.045  1 75.370 -1.045 4.1E-04 3.8E+01  33.13 1.02519    2.14 0.07
73.424 -0.967  1 73.424 -0.967 2.9E-04 2.4E-02  34.62 1.03499  -60.86 2.53
71.497 -1.252  1 71.497 -1.252 6.8E-04 2.8E+01  49.87 1.04595    1.45 0.07
Output from SW_WVGD: LOSTM=0
  84.2783  -0.4791  83.8895  -0.3985  82.3648  -0.8905  80.6793  -0.5439
  79.0891  -0.9139  77.1667  -0.7465  75.3700  -1.0449  73.4242  -0.9667
  71.4969  -1.2517

[LWP_SAVE_MC]
bearng   rlat    rlon    rrho
  50.0   99.0     0.0      0.
mds    lat     lon    rho    azim    dip bfield   sigma epsr  beta   hpr  ndx
  7   40.0    97.5      0.   42.9   68.9  0.539  1.E-02  15. 99.00  53.6  447.
     m  EIGENr   EIGENi 
     1  88.5182  -3.6648  9.68E-03 -1.56E-02 -1.55E-13  4.53E-14  1.38E-08  5.00E-08  7.97E-01 -7.57E-01 -1.92E-06  2.08E-06
     2  87.3679  -3.4141  2.66E-07 -7.13E-07 -1.03E-08 -1.40E-08 -2.55E-08 -1.13E-07  9.67E-01  1.65E-01  1.28E-01 -8.35E-02
     3  85.1366  -2.0572 -4.79E-03 -2.84E-02  1.03E-12 -1.57E-12  4.89E-08  2.10E-07  7.52E-01  8.97E-01 -7.45E-06  4.66E-07
     4  82.5560  -1.7058  1.56E-06  3.31E-07 -8.91E-08 -4.24E-08 -3.52E-08 -4.07E-07  6.40E-01  6.94E-01 -7.45E-02 -2.45E-01
     5  80.1089  -1.7264 -5.01E-04 -2.35E-02  1.43E-11 -1.03E-11 -6.71E-08  6.39E-07  7.57E-01  6.59E-01 -2.71E-05 -3.43E-06
     6  77.9123  -1.5137  2.40E-06  2.59E-06 -2.26E-07 -4.63E-08  1.14E-07 -8.28E-07  8.51E-01  7.98E-01 -1.50E-01 -1.83E-01
     7  75.4148  -1.5583  1.18E-03 -2.41E-02  6.01E-11 -3.43E-11 -1.90E-07  1.18E-06  8.32E-01  8.26E-01 -4.92E-05 -5.48E-06

mds    lat     lon    rho    azim    dip bfield  sigma epsr   beta   hpr  ndx
  6   40.3    97.0     60.   43.6   69.3  0.541  3.E-03  15. 99.00  53.6  447.
     m  EIGENr   EIGENi 
     1  88.5191  -3.8661  6.47E-03 -1.92E-02 -3.79E-13 -6.19E-14  1.19E-08  9.15E-08  6.21E-01 -6.73E-01 -4.09E-06  2.00E-06
     2  87.3685  -3.4148  2.81E-07 -7.36E-07 -3.53E-08 -4.67E-08 -4.78E-08 -2.11E-07  9.68E-01  1.59E-01  2.29E-01 -1.52E-01
     3  85.1686  -2.2873 -5.89E-03 -2.81E-02  3.47E-12 -4.76E-12  7.76E-08  3.76E-07  7.77E-01  8.50E-01 -1.33E-05 -3.69E-08
     4  82.5582  -1.7072  1.56E-06  3.46E-07 -2.99E-07 -1.39E-07 -5.59E-08 -7.43E-07  6.56E-01  6.81E-01 -1.35E-01 -4.48E-01
     5  80.1635  -1.8133 -3.97E-04 -2.38E-02  4.62E-11 -3.27E-11 -1.36E-07  1.15E-06  7.63E-01  6.46E-01 -4.83E-05 -6.53E-06
     6  77.9152  -1.5163  2.36E-06  2.62E-06 -7.54E-07 -1.49E-07  2.28E-07 -1.51E-06  8.65E-01  7.77E-01 -2.74E-01 -3.35E-01

mds    lat     lon    rho    azim    dip bfield  sigma epsr   beta   hpr  ndx
  7   40.6    96.6    100.   44.1   69.5  0.543  1.E-02  15. 99.00  53.6  447.
     m  EIGENr   EIGENi 
     1  88.5181  -3.6648  9.69E-03 -1.55E-02 -1.56E-13  4.58E-14  1.48E-08  5.00E-08  8.22E-01 -7.24E-01 -1.89E-06  2.13E-06
     2  87.3678  -3.4141  2.70E-07 -7.23E-07 -1.03E-08 -1.39E-08 -2.54E-08 -1.14E-07  9.72E-01  1.59E-01  1.26E-01 -8.25E-02
     3  85.1366  -2.0572 -4.78E-03 -2.84E-02  1.05E-12 -1.57E-12  4.43E-08  2.11E-07  7.83E-01  8.62E-01 -7.49E-06  2.97E-07
     4  82.5561  -1.7058  1.57E-06  3.29E-07 -8.91E-08 -4.25E-08 -2.77E-08 -4.08E-07  6.67E-01  6.71E-01 -6.93E-02 -2.46E-01
     5  80.1089  -1.7264 -5.02E-04 -2.35E-02  1.44E-11 -1.04E-11 -7.80E-08  6.40E-07  7.78E-01  6.34E-01 -2.71E-05 -3.89E-06
     6  77.9124  -1.5137  2.41E-06  2.63E-06 -2.26E-07 -4.63E-08  1.31E-07 -8.31E-07  8.74E-01  7.63E-01 -1.47E-01 -1.85E-01
     7  75.4148  -1.5583  1.18E-03 -2.41E-02  6.07E-11 -3.42E-11 -2.16E-07  1.18E-06  8.57E-01  7.90E-01 -4.94E-05 -6.54E-06

mds    lat     lon    rho    azim    dip bfield  sigma epsr   beta   hpr  ndx
  6   43.9    90.8    700.   53.0   72.7  0.558  3.E-03  15. 99.00  53.6  447.
     m  EIGENr   EIGENi 
     1  88.5190  -3.8662  6.48E-03 -1.92E-02 -3.83E-13 -7.17E-14  2.21E-08  8.90E-08  7.87E-01 -5.08E-01 -3.82E-06  2.44E-06
     2  87.3684  -3.4146  3.13E-07 -8.02E-07 -3.47E-08 -4.65E-08 -4.31E-08 -2.20E-07  9.84E-01  1.15E-01  2.20E-01 -1.40E-01
     3  85.1687  -2.2873 -5.89E-03 -2.81E-02  3.66E-12 -4.72E-12  2.54E-08  3.92E-07  9.27E-01  6.10E-01 -1.35E-05 -1.93E-06
     4  82.5583  -1.7072  1.59E-06  3.33E-07 -2.98E-07 -1.39E-07  3.01E-08 -7.44E-07  8.12E-01  5.14E-01 -7.63E-02 -4.53E-01
     5  80.1636  -1.8134 -4.02E-04 -2.38E-02  4.80E-11 -3.40E-11 -2.62E-07  1.15E-06  8.83E-01  4.72E-01 -4.82E-05 -1.18E-05
     6  77.9154  -1.5164  2.36E-06  2.78E-06 -7.53E-07 -1.49E-07  4.31E-07 -1.52E-06  9.74E-01  5.45E-01 -2.42E-01 -3.61E-01

mds    lat     lon    rho    azim    dip bfield  sigma epsr   beta   hpr  ndx
  7   45.5    87.5   1020.   59.0   74.1  0.563  1.E-02  15. 99.00  53.6  447.
     m  EIGENr   EIGENi 
     1  88.5180  -3.6649  9.70E-03 -1.55E-02 -1.60E-13  5.10E-14  2.40E-08  4.83E-08  9.75E-01 -4.11E-01 -1.54E-06  2.51E-06
     2  87.3678  -3.4140  3.03E-07 -8.17E-07 -1.03E-08 -1.40E-08 -2.28E-08 -1.21E-07  9.89E-01  9.14E-02  1.21E-01 -7.29E-02
     3  85.1366  -2.0571 -4.78E-03 -2.84E-02  1.12E-12 -1.53E-12  7.59E-10  2.23E-07  9.78E-01  4.99E-01 -7.65E-06 -1.26E-06
     4  82.5563  -1.7058  1.60E-06  3.08E-07 -8.91E-08 -4.25E-08  3.85E-08 -4.05E-07  8.73E-01  4.18E-01 -2.40E-02 -2.49E-01
     5  80.1090  -1.7265 -5.02E-04 -2.35E-02  1.50E-11 -1.08E-11 -1.77E-07  6.35E-07  9.30E-01  3.76E-01 -2.68E-05 -8.08E-06
     6  77.9126  -1.5140  2.40E-06  2.82E-06 -2.26E-07 -4.63E-08  2.89E-07 -8.36E-07  1.01E+00  4.28E-01 -1.21E-01 -2.06E-01
     7  75.4147  -1.5583  1.18E-03 -2.41E-02  6.41E-11 -3.28E-11 -4.48E-07  1.18E-06  1.00E+00  4.45E-01 -4.96E-05 -1.62E-05

mds    lat     lon    rho    azim    dip bfield  sigma epsr   beta   hpr  ndx
  6   45.6    87.2   1040.   59.4   74.2  0.563  3.E-03  15. 99.00  53.6  447.
     m  EIGENr   EIGENi 
     1  88.5189  -3.8662  6.48E-03 -1.92E-02 -3.82E-13 -7.44E-14  2.73E-08  8.69E-08  8.58E-01 -4.08E-01 -3.64E-06  2.65E-06
     2  87.3684  -3.4146  3.23E-07 -8.28E-07 -3.47E-08 -4.65E-08 -4.09E-08 -2.24E-07  9.89E-01  8.97E-02  2.18E-01 -1.34E-01
     3  85.1687  -2.2872 -5.89E-03 -2.81E-02  3.72E-12 -4.68E-12 -2.39E-09  3.98E-07  9.77E-01  4.75E-01 -1.35E-05 -2.91E-06
     4  82.5584  -1.7073  1.59E-06  3.26E-07 -2.98E-07 -1.39E-07  7.44E-08 -7.38E-07  8.77E-01  4.12E-01 -4.65E-02 -4.55E-01
     5  80.1636  -1.8134 -4.02E-04 -2.38E-02  4.84E-11 -3.43E-11 -3.26E-07  1.14E-06  9.29E-01  3.72E-01 -4.77E-05 -1.45E-05
     6  77.9154  -1.5165  2.35E-06  2.83E-06 -7.53E-07 -1.49E-07  5.34E-07 -1.52E-06  1.01E+00  4.20E-01 -2.24E-01 -3.76E-01

mds    lat     lon    rho    azim    dip bfield  sigma epsr   beta   hpr  ndx
  7   45.8    86.8   1080.   60.3   74.3  0.564  1.E-02  15. 99.00  53.6  447.
     m  EIGENr   EIGENi 
     1  88.5180  -3.6649  9.70E-03 -1.55E-02 -1.60E-13  5.12E-14  2.45E-08  4.81E-08  9.80E-01 -3.91E-01 -1.52E-06  2.53E-06
     2  87.3678  -3.4140  3.05E-07 -8.21E-07 -1.03E-08 -1.39E-08 -2.26E-08 -1.22E-07  9.89E-01  8.69E-02  1.21E-01 -7.25E-02
     3  85.1366  -2.0571 -4.78E-03 -2.84E-02  1.13E-12 -1.53E-12 -2.06E-09  2.24E-07  9.85E-01  4.74E-01 -7.65E-06 -1.36E-06
     4  82.5563  -1.7058  1.60E-06  3.07E-07 -8.91E-08 -4.25E-08  4.27E-08 -4.05E-07  8.84E-01  4.00E-01 -2.11E-02 -2.49E-01
     5  80.1090  -1.7265 -5.02E-04 -2.35E-02  1.51E-11 -1.08E-11 -1.83E-07  6.34E-07  9.37E-01  3.58E-01 -2.68E-05 -8.34E-06
     6  77.9126  -1.5140  2.40E-06  2.83E-06 -2.26E-07 -4.63E-08  2.99E-07 -8.34E-07  1.01E+00  4.06E-01 -1.20E-01 -2.07E-01
     7  75.4147  -1.5583  1.18E-03 -2.41E-02  6.42E-11 -3.27E-11 -4.62E-07  1.17E-06  1.01E+00  4.23E-01 -4.96E-05 -1.68E-05

mds    lat     lon    rho    azim    dip bfield  sigma epsr   beta   hpr  ndx
  6   46.1    86.2   1140.   61.5   74.5  0.564  3.E-03  15. 99.00  53.6  447.
     m  EIGENr   EIGENi 
     1  88.5189  -3.8662  6.48E-03 -1.92E-02 -3.82E-13 -7.50E-14  2.87E-08  8.62E-08  8.76E-01 -3.78E-01 -3.58E-06  2.71E-06
     2  87.3684  -3.4146  3.25E-07 -8.34E-07 -3.47E-08 -4.65E-08 -4.02E-08 -2.25E-07  9.90E-01  8.23E-02  2.18E-01 -1.33E-01
     3  85.1685  -2.2872 -5.89E-03 -2.81E-02  3.72E-12 -4.67E-12 -1.03E-08  3.99E-07  9.88E-01  4.35E-01 -1.35E-05 -3.19E-06
     4  82.5584  -1.7073  1.59E-06  3.24E-07 -2.98E-07 -1.39E-07  8.72E-08 -7.35E-07  8.93E-01  3.81E-01 -3.80E-02 -4.55E-01
     5  80.1636  -1.8134 -4.02E-04 -2.38E-02  4.84E-11 -3.43E-11 -3.44E-07  1.14E-06  9.40E-01  3.43E-01 -4.75E-05 -1.53E-05
     6  77.9154  -1.5165  2.35E-06  2.84E-06 -7.53E-07 -1.49E-07  5.64E-07 -1.51E-06  1.01E+00  3.84E-01 -2.19E-01 -3.80E-01

mds    lat     lon    rho    azim    dip bfield  sigma epsr   beta   hpr  ndx
  7   46.5    85.1   1240.   63.7   74.9  0.565  1.E-02  15. 99.00  53.6  447.
     m  EIGENr   EIGENi 
     1  88.5180  -3.6649  9.70E-03 -1.55E-02 -1.60E-13  5.17E-14  2.60E-08  4.76E-08  9.92E-01 -3.37E-01 -1.46E-06  2.58E-06
     2  87.3679  -3.4140  3.07E-07 -8.29E-07 -1.03E-08 -1.40E-08 -2.20E-08 -1.22E-07  9.91E-01  7.51E-02  1.21E-01 -7.14E-02
     3  85.1364  -2.0571 -4.78E-03 -2.84E-02  1.12E-12 -1.52E-12 -8.91E-09  2.25E-07  9.98E-01  4.09E-01 -7.64E-06 -1.60E-06
     4  82.5563  -1.7059  1.59E-06  3.03E-07 -8.91E-08 -4.25E-08  5.38E-08 -4.02E-07  9.09E-01  3.49E-01 -1.37E-02 -2.49E-01
     5  80.1090  -1.7265 -5.03E-04 -2.35E-02  1.51E-11 -1.08E-11 -1.99E-07  6.29E-07  9.53E-01  3.11E-01 -2.66E-05 -9.02E-06
     6  77.9126  -1.5140  2.39E-06  2.84E-06 -2.26E-07 -4.63E-08  3.24E-07 -8.31E-07  1.02E+00  3.49E-01 -1.15E-01 -2.11E-01
     7  75.4147  -1.5583  1.18E-03 -2.41E-02  6.44E-11 -3.25E-11 -4.99E-07  1.17E-06  1.02E+00  3.63E-01 -4.94E-05 -1.83E-05

mds    lat     lon    rho    azim    dip bfield  sigma epsr   beta   hpr  ndx
  6   46.8    84.4   1300.   65.0   75.1  0.566  1.E-03  15. 99.00  53.6  447.
     m  EIGENr   EIGENi 
     1  88.4048  -4.1893 -1.31E-03 -2.32E-02 -2.83E-13 -7.18E-13  6.94E-09  1.49E-07  7.62E-01 -2.69E-01 -6.40E-06 -6.20E-08
     2  87.3694  -3.4155  3.55E-07 -8.59E-07 -1.09E-07 -1.38E-07 -6.98E-08 -3.99E-07  9.92E-01  7.00E-02  3.68E-01 -2.33E-01
     3  85.1805  -2.6592 -6.01E-03 -2.91E-02  1.01E-11 -1.16E-11 -5.25E-08  6.53E-07  9.97E-01  3.65E-01 -2.12E-05 -6.17E-06
     4  82.5619  -1.7097  1.57E-06  3.51E-07 -9.04E-07 -3.98E-07  1.83E-07 -1.26E-06  9.18E-01  3.31E-01 -5.99E-02 -7.91E-01
     5  80.2510  -1.9598  2.06E-04 -2.45E-02  1.34E-10 -9.74E-11 -6.39E-07  1.91E-06  9.53E-01  2.99E-01 -7.81E-05 -2.54E-05
     6  77.9200  -1.5207  2.26E-06  2.85E-06 -2.27E-06 -4.02E-07  1.05E-06 -2.59E-06  1.02E+00  3.28E-01 -3.81E-01 -6.67E-01

mds    lat     lon    rho    azim    dip bfield  sigma epsr   beta   hpr  ndx
  8   48.1    81.1   1580.   71.6   75.8  0.566  1.E-03  15. 99.00  58.8  348.
     m  EIGENr   EIGENi 
     1  89.1084  -4.3194 -5.42E-03 -1.48E-02  3.64E-12 -4.61E-12  1.78E-09  2.96E-07  9.97E-01  3.39E-01 -1.77E-05 -6.39E-06
     2  88.8234  -3.5665  3.09E-06 -1.64E-06 -8.68E-08 -6.48E-08 -5.19E-08 -5.97E-07  9.98E-01  3.39E-01  6.70E-02 -1.58E-01
     3  86.2385  -2.2946 -5.54E-03 -3.21E-02  2.04E-11 -1.14E-11 -2.35E-07  8.15E-07  1.00E+00  3.39E-01 -2.34E-05 -1.14E-05
     4  83.5970  -1.1389  2.95E-06  2.27E-06 -7.02E-07 -1.96E-07  4.76E-07 -1.52E-06  1.01E+00  3.37E-01 -1.49E-01 -4.03E-01
     5  81.2891  -1.4182  1.07E-03 -2.51E-02  2.11E-10 -1.22E-10 -8.99E-07  2.22E-06  1.01E+00  3.36E-01 -8.97E-05 -3.19E-05
     6  78.8855  -1.0859  4.32E-06  5.41E-06 -1.83E-06 -3.67E-07  1.32E-06 -3.21E-06  1.02E+00  3.32E-01 -2.43E-01 -4.38E-01
     7  76.7009  -1.3706  1.67E-03 -2.29E-02  1.00E-09 -4.98E-10 -2.06E-06  4.42E-06  1.03E+00  3.30E-01 -1.99E-04 -7.56E-05
     8  74.4986  -1.2243  7.20E-06  1.12E-05 -3.35E-06 -5.99E-07  2.74E-06 -5.86E-06  1.04E+00  3.24E-01 -2.59E-01 -4.10E-01

mds    lat     lon    rho    azim    dip bfield  sigma epsr   beta   hpr  ndx
  7   50.1    75.0   2080.   83.7   76.4  0.563  1.E-04  10. 99.00  61.6  270.
     m  EIGENr   EIGENi 
     1  89.3697  -3.8901  5.38E-06  3.29E-06 -7.91E-07 -1.73E-07  7.09E-07 -2.12E-06  1.02E+00  1.20E-01 -7.93E-02 -3.45E-01
     2  89.0593  -3.9691 -5.14E-04  3.64E-03 -1.47E-09  3.64E-10 -1.46E-06  1.82E-06  1.02E+00  1.20E-01  5.46E-04  3.24E-04
     3  84.0389  -0.8656  2.97E-06  3.56E-06 -6.35E-06 -4.88E-07  2.18E-06 -4.91E-06  1.02E+00  1.19E-01 -5.11E-01 -1.04E+00
     4  82.7739  -2.1019  3.86E-02 -1.21E-02  1.17E-10 -1.91E-09 -4.95E-06  7.14E-06  1.02E+00  1.20E-01 -1.70E-04  1.32E-04
     5  79.3532  -0.9214  4.42E-06  7.30E-06 -1.65E-05 -3.54E-07  5.26E-06 -1.05E-05  1.02E+00  1.18E-01 -7.29E-01 -1.16E+00
     6  77.6612  -1.7196  1.18E-02 -2.43E-02  6.63E-09 -7.37E-09 -8.21E-06  1.39E-05  1.02E+00  1.18E-01 -5.94E-04 -4.95E-05
     7  75.0461  -1.1001  7.88E-06  1.38E-05 -3.07E-05 -4.21E-07  9.94E-06 -1.93E-05  1.03E+00  1.16E-01 -7.44E-01 -1.15E+00

mds    lat     lon    rho    azim    dip bfield  sigma epsr   beta   hpr  ndx
  9   50.5    73.4   2200.   86.6   76.4  0.561  1.E-03  15. 99.00  61.6  270.
     m  EIGENr   EIGENi 
     1  89.3806  -4.4486 -6.34E-03 -1.05E-02  1.66E-11  6.41E-13 -2.16E-07  3.94E-07  1.01E+00  6.45E-02 -1.84E-05 -3.16E-05
     2  89.3702  -3.8867  6.49E-06  1.62E-06 -7.32E-08 -3.30E-08  2.17E-07 -6.95E-07  1.01E+00  6.44E-02  6.29E-03 -1.09E-01
     3  86.7952  -2.1328 -6.21E-03 -3.41E-02  2.23E-11 -6.98E-12 -4.38E-07  7.79E-07  1.01E+00  6.44E-02 -1.99E-05 -1.65E-05
     4  84.0268  -0.8532  3.46E-06  3.32E-06 -6.29E-07 -1.55E-07  7.95E-07 -1.56E-06  1.01E+00  6.39E-02 -1.05E-01 -3.49E-01
     5  81.7402  -1.2136  1.68E-03 -2.51E-02  2.44E-10 -1.38E-10 -1.34E-06  2.27E-06  1.01E+00  6.38E-02 -9.37E-05 -4.69E-05
     6  79.3353  -0.9030  5.24E-06  7.09E-06 -1.66E-06 -3.07E-07  1.93E-06 -3.30E-06  1.01E+00  6.32E-02 -1.72E-01 -3.98E-01
     7  77.2159  -1.2022  1.85E-03 -2.25E-02  1.14E-09 -5.86E-10 -2.82E-06  4.53E-06  1.01E+00  6.28E-02 -2.10E-04 -1.08E-04
     8  75.0218  -1.0755  9.29E-06  1.35E-05 -3.08E-06 -5.46E-07  3.65E-06 -6.08E-06  1.02E+00  6.21E-02 -1.79E-01 -3.95E-01
     9  72.9009  -1.3618  1.94E-03 -2.17E-02  3.72E-09 -1.96E-09 -5.01E-06  8.04E-06  1.02E+00  6.15E-02 -3.89E-04 -1.96E-04

mds    lat     lon    rho    azim    dip bfield  sigma epsr   beta   hpr  ndx
  7   50.6    73.2   2220.   87.1   76.4  0.561  1.E-04  10. 99.00  61.6  270.
     m  EIGENr   EIGENi 
     1  89.3697  -3.8901  5.33E-06  3.27E-06 -7.91E-07 -1.73E-07  7.78E-07 -2.10E-06  1.01E+00  5.53E-02 -6.94E-02 -3.51E-01
     2  89.0593  -3.9691 -5.15E-04  3.64E-03 -1.46E-09  3.59E-10 -1.52E-06  1.78E-06  1.01E+00  5.54E-02  5.36E-04  3.42E-04
     3  84.0389  -0.8656  2.94E-06  3.53E-06 -6.35E-06 -4.88E-07  2.34E-06 -4.85E-06  1.01E+00  5.49E-02 -4.84E-01 -1.07E+00
     4  82.7739  -2.1019  3.86E-02 -1.21E-02  1.18E-10 -1.90E-09 -5.19E-06  7.00E-06  1.01E+00  5.51E-02 -1.74E-04  1.27E-04
     5  79.3532  -0.9214  4.37E-06  7.24E-06 -1.65E-05 -3.54E-07  5.61E-06 -1.03E-05  1.01E+00  5.43E-02 -7.02E-01 -1.20E+00
     6  77.6612  -1.7196  1.18E-02 -2.43E-02  6.58E-09 -7.30E-09 -8.68E-06  1.37E-05  1.01E+00  5.43E-02 -5.94E-04 -6.84E-05
     7  75.0460  -1.1000  7.79E-06  1.37E-05 -3.07E-05 -4.20E-07  1.06E-05 -1.91E-05  1.01E+00  5.33E-02 -7.19E-01 -1.19E+00

mds    lat     lon    rho    azim    dip bfield  sigma epsr   beta   hpr  ndx
  9   50.6    72.9   2240.   87.6   76.4  0.561  1.E-03  15. 99.00  61.6  270.
     m  EIGENr   EIGENi 
     1  89.3806  -4.4486 -6.34E-03 -1.05E-02  1.66E-11  6.42E-13 -2.19E-07  3.92E-07  1.01E+00  4.64E-02 -1.81E-05 -3.18E-05
     2  89.3702  -3.8867  6.47E-06  1.61E-06 -7.32E-08 -3.30E-08  2.23E-07 -6.93E-07  1.01E+00  4.63E-02  7.27E-03 -1.09E-01
     3  86.7952  -2.1328 -6.21E-03 -3.41E-02  2.23E-11 -6.96E-12 -4.45E-07  7.76E-07  1.01E+00  4.63E-02 -1.97E-05 -1.67E-05
     4  84.0268  -0.8532  3.45E-06  3.31E-06 -6.30E-07 -1.55E-07  8.10E-07 -1.55E-06  1.01E+00  4.60E-02 -1.03E-01 -3.51E-01
     5  81.7402  -1.2136  1.68E-03 -2.51E-02  2.44E-10 -1.37E-10 -1.36E-06  2.26E-06  1.01E+00  4.58E-02 -9.34E-05 -4.78E-05
     6  79.3353  -0.9030  5.22E-06  7.08E-06 -1.66E-06 -3.07E-07  1.96E-06 -3.29E-06  1.01E+00  4.54E-02 -1.69E-01 -4.01E-01
     7  77.2159  -1.2022  1.85E-03 -2.25E-02  1.13E-09 -5.84E-10 -2.86E-06  4.51E-06  1.01E+00  4.51E-02 -2.09E-04 -1.10E-04
     8  75.0218  -1.0755  9.26E-06  1.34E-05 -3.08E-06 -5.46E-07  3.71E-06 -6.06E-06  1.01E+00  4.46E-02 -1.77E-01 -3.98E-01
     9  72.9009  -1.3618  1.94E-03 -2.17E-02  3.71E-09 -1.96E-09 -5.08E-06  8.01E-06  1.01E+00  4.41E-02 -3.88E-04 -2.00E-04

mds    lat     lon    rho    azim    dip bfield  sigma epsr   beta   hpr  ndx
  7   50.8    72.4   2280.   88.5   76.4  0.560  1.E-04  10. 99.00  61.6  270.
     m  EIGENr   EIGENi 
     1  89.3697  -3.8901  5.31E-06  3.26E-06 -7.91E-07 -1.73E-07  8.07E-07 -2.09E-06  1.01E+00  2.85E-02 -6.51E-02 -3.54E-01
     2  89.0593  -3.9691 -5.15E-04  3.64E-03 -1.45E-09  3.57E-10 -1.54E-06  1.76E-06  1.01E+00  2.86E-02  5.32E-04  3.49E-04
     3  84.0388  -0.8655  2.93E-06  3.52E-06 -6.35E-06 -4.88E-07  2.40E-06 -4.82E-06  1.01E+00  2.83E-02 -4.73E-01 -1.08E+00
     4  82.7739  -2.1019  3.86E-02 -1.21E-02  1.18E-10 -1.89E-09 -5.29E-06  6.94E-06  1.01E+00  2.84E-02 -1.76E-04  1.25E-04
     5  79.3531  -0.9214  4.35E-06  7.21E-06 -1.65E-05 -3.54E-07  5.75E-06 -1.03E-05  1.01E+00  2.80E-02 -6.90E-01 -1.21E+00
     6  77.6612  -1.7195  1.18E-02 -2.43E-02  6.56E-09 -7.27E-09 -8.87E-06  1.36E-05  1.01E+00  2.79E-02 -5.94E-04 -7.62E-05
     7  75.0460  -1.1000  7.76E-06  1.36E-05 -3.07E-05 -4.20E-07  1.08E-05 -1.90E-05  1.01E+00  2.74E-02 -7.08E-01 -1.20E+00

mds    lat     lon    rho    azim    dip bfield  sigma epsr   beta   hpr  ndx
  7   52.8    62.4   3000.  103.2   75.5  0.545  1.E-04  10. 99.00  61.6  270.
     m  EIGENr   EIGENi 
     1  89.3699  -3.8899  5.10E-06  3.07E-06 -7.91E-07 -1.73E-07  1.10E-06 -1.97E-06  9.17E-01 -2.44E-01 -1.26E-02 -3.78E-01
     2  89.0593  -3.9691 -5.15E-04  3.64E-03 -1.39E-09  3.54E-10 -1.79E-06  1.53E-06  9.17E-01 -2.44E-01  4.81E-04  4.22E-04
     3  84.0385  -0.8651  2.83E-06  3.34E-06 -6.35E-06 -4.87E-07  3.07E-06 -4.48E-06  9.14E-01 -2.41E-01 -3.27E-01 -1.20E+00
     4  82.7739  -2.1018  3.86E-02 -1.21E-02  9.62E-11 -1.81E-09 -6.26E-06  6.20E-06  9.12E-01 -2.42E-01 -1.93E-04  1.00E-04
     5  79.3527  -0.9209  4.22E-06  6.85E-06 -1.65E-05 -3.52E-07  7.17E-06 -9.49E-06  9.09E-01 -2.37E-01 -5.36E-01 -1.38E+00
     6  77.6612  -1.7195  1.18E-02 -2.43E-02  6.19E-09 -7.00E-09 -1.08E-05  1.24E-05  9.05E-01 -2.36E-01 -5.87E-04 -1.58E-04
     7  75.0453  -1.0993  7.53E-06  1.29E-05 -3.07E-05 -4.16E-07  1.35E-05 -1.76E-05  9.02E-01 -2.30E-01 -5.64E-01 -1.37E+00

mds    lat     lon    rho    azim    dip bfield  sigma epsr   beta   hpr  ndx
      99.0

LWFields
file_id:  15May 5 A63 LWPM 2.1 c:\lwpcv21\output\rtbl.mds
          15May 5 A63 LWPM 2.1 c:\lwpcv21\output\rtbl.lwf
          ***
prgm_id:  LWPM 2.1
case_id:  Test tabular ionosphere
prfl_id:  Rng Tbl: SIMBAL                         
xmtr_id                tlat    tlon   freq
t01                    40.0    97.5   39.2
path_id                lat1    lon1   lat2    lon2
Bearings                0.0     0.0    0.0     0.0

Test tabular ionosphere                                                         
freq= 39.2 tlat= 40.0 tlon=  97.5 bearng= 50.0  power= 100.
incl=90. headng= 90. talt= 9.0 ralt= 6.0
 
  rho   lat    lon  azim   dip mgfld  sigma eps  ndx  h'  mds
    0  40.0   97.5  42.9  68.9 0.539 1.E-02 15.  447 53.6   7
 mode  atten   v/c         rel exc 1
   1  11.812  0.99829   -38.015  0.803   -98.264  0.738   -82.588 -2.026
   2  19.539  0.99928   -53.346 -2.475   -18.808  0.867   -87.968  0.221
   3  21.727  1.00297   -22.567 -1.284   -73.646 -0.560   -48.084  0.714
   4  27.529  1.00805   -46.288 -1.743    -5.766  0.339   -64.799  0.147
   5  36.941  1.01463   -18.941 -1.491   -56.552 -0.518   -31.760  0.407
   6  39.485  1.02232   -44.889 -1.726    -1.872  0.038   -52.669  0.143
   7  48.880  1.03292   -22.572 -1.755   -49.667 -0.633   -23.857  0.227
 
  rho   lat    lon  azim   dip mgfld  sigma eps  ndx  h'  mds
   60  40.3   97.0  43.6  69.3 0.541 3.E-03 15.  447 53.6   6
 mode  atten   v/c         rel exc 1
   1  12.454  0.99806   -18.455  0.708   -79.461  0.971   -63.620 -4.662
   2  19.539  0.99928   -55.002 -2.458   -20.181  0.831   -89.534 -0.522
   3  24.000  1.00277   -17.472 -2.025   -68.351 -1.277   -42.027 -0.218
   4  27.544  1.00805   -48.320 -1.302    -7.328  0.728   -65.975  0.437
   5  38.590  1.01441   -18.360 -0.257   -55.651  0.671   -30.562  1.549
   6  39.542  1.02231   -48.048 -0.574    -4.298  1.119   -55.017  1.191
 
  rho   lat    lon  azim   dip mgfld  sigma eps  ndx  h'  mds
  100  40.6   96.6  44.1  69.5 0.543 1.E-02 15.  447 53.6   7
 mode  atten   v/c         rel exc 1
   1  11.812  0.99829   -18.763  0.753   -78.963  0.668   -63.336 -2.076
   2  19.540  0.99928   -55.391 -2.535   -20.948  0.809   -90.012  0.162
   3  21.727  1.00297   -18.078 -1.903   -69.120 -1.157   -43.595  0.095
   4  27.529  1.00805   -48.943 -1.108    -8.450  0.994   -67.454  0.782
   5  36.941  1.01463   -19.701  0.162   -57.277  1.152   -32.520 -4.223
   6  39.485  1.02232   -48.901  0.055    -5.890 -4.449   -56.681 -4.359
   7  48.879  1.03292   -55.335 -1.079   -82.378  0.065   -56.621  0.904
 
  rho   lat    lon  azim   dip mgfld  sigma eps  ndx  h'  mds
  700  43.9   90.8  53.0  72.7 0.558 3.E-03 15.  447 53.6   6
 mode  atten   v/c         rel exc 1
   1  12.455  0.99806   -25.558 -0.188   -86.605 -0.040   -70.723  0.726
   2  19.538  0.99928   -67.003 -2.857   -32.645  0.454  -101.534 -0.921
   3  24.000  1.00277   -31.843 -0.293   -82.504  0.593   -56.398  1.513
   4  27.544  1.00805   -65.789 -3.512   -24.947 -1.355   -83.444 -1.773
   5  38.591  1.01441   -41.551  1.126   -78.684 -4.123   -53.753 -3.351
   6  39.546  1.02230   -73.328 -1.757   -29.551  0.032   -80.297  0.008
 
  rho   lat    lon  azim   dip mgfld  sigma eps  ndx  h'  mds
 1020  45.5   87.5  59.0  74.1 0.563 1.E-02 15.  447 53.6   7
 mode  atten   v/c         rel exc 1
   1  11.814  0.99829   -29.964 -0.628   -89.871 -0.886   -74.534 -3.457
   2  19.539  0.99928   -72.770 -3.114   -38.889  0.266  -107.392 -0.417
   3  21.727  1.00297   -40.199  0.208   -90.950  1.158   -65.716 -4.077
   4  27.529  1.00805   -74.098 -1.534   -33.775  0.747   -92.609  0.356
   5  36.943  1.01463   -52.622 -1.536   -90.003 -0.397   -65.441  0.362
   6  39.490  1.02232   -85.253 -2.430   -42.153 -0.513   -93.034 -0.562
   7  48.880  1.03292   -72.257 -1.556   -98.892 -0.229   -73.543  0.426
 
  rho   lat    lon  azim   dip mgfld  sigma eps  ndx  h'  mds
 1040  45.6   87.2  59.4  74.2 0.563 3.E-03 15.  447 53.6   6
 mode  atten   v/c         rel exc 1
   1  12.456  0.99806   -29.813 -0.718   -90.920 -0.631   -74.979  0.195
   2  19.538  0.99928   -73.496 -3.072   -39.288  0.252  -108.027 -1.136
   3  23.999  1.00277   -39.953  0.456   -90.520  1.412   -64.508 -4.021
   4  27.544  1.00805   -75.110 -1.347   -34.310  0.875   -92.765  0.391
   5  38.592  1.01441   -54.774 -1.096   -91.869 -0.007   -66.976  0.711
   6  39.547  1.02230   -86.845 -1.996   -43.004 -0.156   -93.814 -0.232
 
  rho   lat    lon  azim   dip mgfld  sigma eps  ndx  h'  mds
 1080  45.8   86.8  60.3  74.3 0.564 1.E-02 15.  447 53.6   7
 mode  atten   v/c         rel exc 1
   1  11.814  0.99829   -30.712 -0.717   -90.605 -0.985   -75.282 -3.546
   2  19.539  0.99928   -73.923 -3.152   -40.063  0.231  -108.545 -0.455
   3  21.727  1.00297   -42.095  0.343   -92.830  1.305   -67.611 -3.942
   4  27.529  1.00805   -75.740 -1.151   -35.423  1.141   -94.251  0.739
   5  36.943  1.01463   -55.813 -0.821   -93.190  0.328   -68.632  1.077
   6  39.490  1.02232   -87.656 -1.369   -44.542  0.558   -95.437  0.500
   7  48.880  1.03292   -73.211 -1.526   -99.826 -0.187   -74.497  0.457
 
  rho   lat    lon  azim   dip mgfld  sigma eps  ndx  h'  mds
 1140  46.1   86.2  61.5  74.5 0.564 3.E-03 15.  447 53.6   6
 mode  atten   v/c         rel exc 1
   1  12.456  0.99806   -31.199 -0.854   -92.328 -0.785   -76.365  0.059
   2  19.538  0.99928   -75.411 -3.136   -41.235  0.191  -109.943 -1.201
   3  24.000  1.00277   -42.041  0.597   -92.581 -4.710   -66.595 -3.880
   4  27.544  1.00805   -77.847 -0.709   -37.055  1.531   -95.502  1.029
   5  38.592  1.01441   -57.257  0.256   -94.346  1.360   -69.459 -4.221
   6  39.547  1.02230   -90.826 -0.217   -46.959 -4.644   -97.795  1.548
 
  rho   lat    lon  azim   dip mgfld  sigma eps  ndx  h'  mds
 1240  46.5   85.1  63.7  74.9 0.565 1.E-02 15.  447 53.6   7
 mode  atten   v/c         rel exc 1
   1  11.814  0.99829   -32.726 -0.954   -92.586 -1.250   -77.296 -3.783
   2  19.539  0.99928   -77.005 -3.253   -43.191  0.135  -111.627 -0.557
   3  21.728  1.00297   -46.915  0.749   -97.607 -4.541   -72.431 -3.535
   4  27.529  1.00805   -80.125 -0.132   -39.817 -4.093   -98.636 -4.525
   5  36.943  1.01463   -61.771  1.482   -99.141 -3.627   -74.590 -2.903
   6  39.491  1.02232   -94.108  1.478   -50.950 -2.854  -101.889 -2.936
   7  48.880  1.03292   -78.106 -1.671  -104.670 -0.303   -79.392  0.312
 
  rho   lat    lon  azim   dip mgfld  sigma eps  ndx  h'  mds
 1300  46.8   84.4  65.0  75.1 0.566 1.E-03 15.  447 53.6   6
 mode  atten   v/c         rel exc 1
   1  14.538  0.99772   -33.046 -1.188   -95.332 -0.534   -65.528 -0.589
   2  19.536  0.99928   -78.999 -3.138   -44.351  0.093  -108.208 -1.982
   3  27.837  1.00247   -42.859  0.818   -93.545 -4.510   -65.689 -3.941
   4  27.570  1.00804   -82.970  0.428   -41.439 -3.702   -99.199 -4.358
   5  41.341  1.01406   -60.353 -4.448   -97.095 -3.438   -71.589 -2.807
   6  39.642  1.02229   -98.286 -3.493   -53.224 -1.775  -103.980 -1.927
 
  rho   lat    lon  azim   dip mgfld  sigma eps  ndx  h'  mds
 1580  48.1   81.1  71.6  75.8 0.566 1.E-03 15.  348 58.8   8
 mode  atten   v/c         rel exc 1
   1   8.379  0.99729   -39.890 -1.904   -92.893 -0.928   -70.617 -1.645
   2   9.127  0.99828   -81.430 -2.829   -55.085 -0.229  -110.796 -2.263
   3  18.754  1.00136   -49.468 -0.918   -98.933  0.182   -74.026  0.341
   4  15.820  1.00608   -86.467 -2.955   -50.704 -1.113  -104.592 -1.656
   5  26.754  1.01136   -55.207  1.476   -91.357 -3.821   -68.590 -3.333
   6  26.074  1.01893   -94.112  1.527   -53.896 -3.082  -102.110 -3.319
   7  39.273  1.02726   -63.877 -2.219   -88.101 -1.215   -66.254 -0.690
   8  40.756  1.03751  -104.944 -2.474   -55.919 -0.927   -98.892 -1.053
 
  rho   lat    lon  azim   dip mgfld  sigma eps  ndx  h'  mds
 2080  50.1   75.0  83.7  76.4 0.563 1.E-04 10.  270 61.6   7
 mode  atten   v/c         rel exc 1
   1   5.334  0.99776   -84.558 -2.571   -61.010 -1.122  -100.210 -2.740
   2   8.123  0.99774   -51.667 -3.903   -83.008 -0.115   -67.487 -4.056
   3  11.197  1.00532   -94.691 -0.005   -59.712  1.112  -107.456  0.119
   4  32.936  1.00733   -53.004  1.192   -91.875  0.551   -65.212  1.524
   5  21.204  1.01739  -113.298 -3.165   -74.911 -2.386  -120.872 -2.931
   6  45.773  1.02318   -87.538 -3.324  -114.695 -3.593   -92.305 -3.037
   7  35.359  1.03486  -116.200 -2.616   -75.982 -2.430  -118.300 -2.743
 
  rho   lat    lon  azim   dip mgfld  sigma eps  ndx  h'  mds
 2200  50.5   73.4  86.6  76.4 0.561 1.E-03 15.  270 61.6   9
 mode  atten   v/c         rel exc 1
   1   5.996  0.99705   -46.671 -3.484   -93.962 -1.816   -76.704 -3.344
   2   5.325  0.99776   -83.790 -3.510   -61.492 -1.261  -112.788 -3.173
   3  14.854  1.00087   -55.033  0.369  -104.674 -4.585   -80.219  1.486
   4  11.059  1.00535   -95.374 -0.255   -61.192 -4.649  -114.181  0.949
   5  21.717  1.01026   -56.235  0.743   -91.826 -4.447   -70.524 -4.131
   6  20.815  1.01745  -115.341 -2.502   -76.828 -0.744  -124.355 -1.117
   7  33.135  1.02519   -74.743  0.444   -98.941  1.531   -78.577 -4.365
   8  34.624  1.03499  -127.049 -0.835   -81.069  0.822  -123.594  0.539
   9  49.874  1.04595  -107.246  0.789  -101.383  1.434   -81.911 -4.417
 
  rho   lat    lon  azim   dip mgfld  sigma eps  ndx  h'  mds
 2220  50.6   73.2  87.1  76.4 0.561 1.E-04 10.  270 61.6   7
 mode  atten   v/c         rel exc 1
   1   5.334  0.99776   -85.384 -2.861   -61.742 -1.381  -101.036 -3.029
   2   8.123  0.99774   -52.867 -4.172   -84.193 -0.352   -68.687 -4.326
   3  11.196  1.00532   -96.352  0.571   -61.275 -4.564  -109.117  0.696
   4  32.936  1.00733   -58.587 -4.101   -97.435 -4.709   -70.796 -3.768
   5  21.203  1.01739  -116.229 -1.203   -77.737 -0.394  -123.803 -0.969
   6  45.773  1.02318   -80.612 -2.079  -107.737 -2.317   -85.379 -1.792
   7  35.357  1.03486  -120.857  1.194   -80.526  1.409  -122.957  1.067
 
  rho   lat    lon  azim   dip mgfld  sigma eps  ndx  h'  mds
 2240  50.6   72.9  87.6  76.4 0.561 1.E-03 15.  270 61.6   9
 mode  atten   v/c         rel exc 1
   1   5.996  0.99705   -47.139 -3.542   -94.426 -1.866   -77.173 -3.402
   2   5.325  0.99776   -84.034 -3.595   -61.708 -1.337  -113.031 -3.257
   3  14.854  1.00087   -55.066  0.004  -104.702  1.342   -80.252  1.121
   4  11.059  1.00535   -95.825 -0.084   -61.615 -4.470  -114.632  1.119
   5  21.717  1.01026   -58.581  0.970   -94.165 -4.210   -72.870 -3.904
   6  20.815  1.01745  -116.420 -1.941   -77.877 -0.175  -125.433 -0.556
   7  33.135  1.02519   -79.185  0.884  -103.374 -4.303   -83.019 -3.924
   8  34.623  1.03499  -128.175  0.322   -82.162 -4.296  -124.719 -4.587
   9  49.874  1.04595  -108.817  1.020  -102.942 -4.610   -83.482 -4.186
 
  rho   lat    lon  azim   dip mgfld  sigma eps  ndx  h'  mds
 2280  50.8   72.4  88.5  76.4 0.560 1.E-04 10.  270 61.6   7
 mode  atten   v/c         rel exc 1
   1   5.334  0.99776   -85.742 -2.984   -62.060 -1.490  -101.394 -3.153
   2   8.123  0.99774   -53.429 -4.302   -84.748 -0.469   -69.249 -4.456
   3  11.196  1.00532   -97.059  0.816   -61.940 -4.306  -109.824  0.941
   4  32.936  1.00733   -61.394 -3.319  -100.232 -3.915   -73.602 -2.987
   5  21.203  1.01739  -117.153 -0.352   -78.617  0.470  -124.726 -0.118
   6  45.773  1.02318   -74.135 -1.673  -101.246 -1.898   -78.902 -1.387
   7  35.356  1.03486  -123.322 -3.537   -82.943 -3.309  -125.422 -3.664

 Test tabular ionosphere                                                         
 freq= 39.2 tlat= 40.0 tlon=  97.5 bearng= 50.0  power= 100.
 z component  incl=90. headng= 90. talt= 9.0 ralt= 6.0
  dist   amplitude  phase    dist   amplitude  phase    dist   amplitude  phase  
     0.   67.0139    0.0000  1020.   46.8295   61.3429  2040.   26.2506  -67.9877
    20.   79.6337   20.3947  1040.   46.4772   60.7956  2060.   25.9519  -72.2886
    40.   75.8594   35.4230  1060.   45.9827   60.4293  2080.   25.6950  -76.5182
    60.   73.0795   49.7136  1080.   45.4816   59.5684  2100.   23.7878 -160.7496
    80.   70.0223   71.6149  1100.   45.0374   58.8831  2120.   23.7056 -158.2950
   100.   68.4984   79.9574  1120.   44.5529   58.4672  2140.   23.5691 -156.1413
   120.   67.1642   87.6795  1140.   44.0314   57.8774  2160.   23.3837 -154.2541
   140.   65.8097   94.7472  1160.   43.3625   56.7443  2180.   23.1535 -152.6061
   160.   64.3929  100.5816  1180.   42.7505   55.0347  2200.   22.8813 -151.1773
   180.   62.8800  104.9817  1200.   42.1406   53.0440  2220.   23.6160 -155.6604
   200.   61.2558  107.6044  1220.   41.5413   50.7764  2240.   21.6782 -145.2960
   220.   59.5346  107.9198  1240.   40.9614   48.2516  2260.   22.3117 -150.3711
   240.   57.7920  105.2232  1260.   40.4814   45.7889  2280.   22.8354 -149.9614
   260.   56.2138   98.9078  1280.   40.0168   43.5306  2300.   18.8856 -139.7890
   280.   55.1051   89.2968  1300.   39.5696   41.1530  2320.   18.2385 -142.6263
   300.   54.7131   78.4776  1320.   38.8646   37.9969  2340.   17.6818 -145.7829
   320.   54.9698   69.2385  1340.   38.3120   34.0818  2360.   17.2075 -149.0083
   340.   55.5719   62.9605  1360.   37.8098   30.1292  2380.   16.7927 -152.1284
   360.   56.2537   59.4660  1380.   37.3538   26.2101  2400.   16.4083 -155.0772
   380.   56.8765   58.0386  1400.   36.9369   22.3779  2420.   16.0283 -157.8911
   400.   57.3883   58.0156  1420.   36.5510   18.6658  2440.   15.6354 -160.6790
   420.   57.7778   58.9178  1440.   36.1881   15.0868  2460.   15.2240 -163.5854
   440.   58.0492   60.4212  1460.   35.8408   11.6376  2480.   14.8008 -166.7538
   460.   58.2117   62.3084  1480.   35.5035    8.3033  2500.   14.3837 -170.2928
   480.   58.2747   64.4294  1500.   35.1720    5.0620  2520.   13.9989 -174.2425
   500.   58.2472   66.6766  1520.   34.8442    1.8893  2540.   13.6747 -178.5518
   520.   58.1365   68.9679  1540.   34.5193   -1.2379  2560.   13.4345 -183.0749
   540.   57.9494   71.2368  1560.   34.1977   -4.3393  2580.   13.2888 -187.6009
   560.   57.6919   73.4266  1580.   33.8810   -7.4287  2600.   13.2324 -191.9085
   580.   57.3698   75.4863  1600.   33.5900  -10.8393  2620.   13.2459 -195.8230
   600.   56.9889   77.3694  1620.   33.2911  -13.3043  2640.   13.3029 -199.2485
   620.   56.5556   79.0331  1640.   32.9610  -15.9572  2660.   13.3765 -202.1696
   640.   56.0767   80.4390  1660.   32.6287  -18.8999  2680.   13.4442 -204.6314
   660.   55.5598   81.5536  1680.   32.3265  -22.1073  2700.   13.4901 -206.7140
   680.   55.0132   82.3504  1700.   32.0785  -25.4362  2720.   13.5043 -208.5107
   700.   54.4460   82.8114  1720.   31.8927  -28.6733  2740.   13.4829 -210.1131
   720.   53.7538   82.4804  1740.   31.7579  -31.6096  2760.   13.4257 -211.6019
   740.   53.1113   81.6821  1760.   31.6486  -34.1065  2780.   13.3357 -213.0430
   760.   52.4852   80.5405  1780.   31.5335  -36.1245  2800.   13.2175 -214.4848
   780.   51.8858   79.0995  1800.   31.3835  -37.7158  2820.   13.0766 -215.9594
   800.   51.3217   77.4216  1820.   31.1763  -38.9971  2840.   12.9184 -217.4834
   820.   50.7981   75.5841  1840.   30.8985  -40.1211  2860.   12.7479 -219.0612
   840.   50.3169   73.6713  1860.   30.5452  -41.2538  2880.   12.5687 -220.6879
   860.   49.8758   71.7655  1880.   30.1199  -42.5583  2900.   12.3835 -222.3534
   880.   49.4690   69.9377  1900.   29.6333  -44.1816  2920.   12.1933 -224.0466
   900.   49.0883   68.2413  1920.   29.1026  -46.2419  2940.   11.9985 -225.7580
   920.   48.7239   66.7084  1940.   28.5505  -48.8142  2960.   11.7983 -227.4824
   940.   48.3658   65.3508  1960.   28.0027  -51.9167  2980.   11.5920 -229.2199
   960.   48.0047   64.1617  1980.   27.4838  -55.5034  3000.   11.3785 -230.9757
   980.   47.6323   63.1197  2000.   27.0133  -59.4703
  1000.   47.2423   62.1932  2020.   26.6020  -63.6784

 Test tabular ionosphere                                                         
 freq= 39.2 tlat= 40.0 tlon=  97.5 bearng= 50.0  power= 100.
 y component  incl=90. headng= 90. talt= 9.0 ralt= 6.0
  dist   amplitude  phase    dist   amplitude  phase    dist   amplitude  phase  
     0.   67.0139    0.0000  1020.   45.7313  471.6262  2040.   11.8953  809.2395
    20.   94.2491  116.2699  1040.   45.3370  478.8073  2060.   11.0182  810.3832
    40.   90.6061  130.3817  1060.   44.7908  486.0928  2080.    9.8640  810.5802
    60.   88.0634  144.2128  1080.   44.1013  493.6120  2100.    8.4532  797.4596
    80.   85.8366  157.7302  1100.   43.2662  501.2872  2120.    8.3569  797.1601
   100.   83.7575  171.0657  1120.   42.2812  508.9423  2140.    7.9065  800.0637
   120.   81.6681  184.2734  1140.   41.1394  516.5648  2160.    6.9332  805.1115
   140.   79.4922  197.3159  1160.   39.8278  523.9747  2180.    5.2888  811.6638
   160.   77.1512  210.2407  1180.   38.3442  531.3278  2200.    2.7261  819.6426
   180.   74.5586  223.0610  1200.   36.6688  538.4738  2220.   -1.4763  831.5012
   200.   71.5889  235.7760  1220.   34.7796  545.3433  2240.   -8.5442  855.5384
   220.   68.0215  248.3499  1240.   32.6460  551.8530  2260.  -10.9490  963.1259
   240.   63.3726  260.6222  1260.   30.2223  557.9819  2280.   -3.4107  996.5715
   260.   56.0917  271.6609  1280.   27.4543  563.4890  2300.    0.2632 1004.5220
   280.   32.3297  169.1029  1300.   24.2329  568.3162  2320.    2.6374 1009.4088
   300.   54.3283  124.9120  1320.   20.3361  572.2847  2340.    4.2766 1011.9115
   320.   58.9319  136.4492  1340.   15.4078  575.7282  2360.    5.5595 1012.9988
   340.   61.0950  149.2883  1360.    8.1467  581.1204  2380.    6.6802 1013.4089
   360.   62.2125  162.6476  1380.   -6.9510  653.1845  2400.    7.7218 1013.7958
   380.   62.7335  176.4094  1400.    5.5791  730.7816  2420.    8.6948 1014.6248
   400.   62.8637  190.5730  1420.   10.8743  731.9973  2440.    9.5746 1016.1027
   420.   62.7188  205.1703  1440.   14.1367  729.8002  2460.   10.3302 1018.2128
   440.   62.3755  220.2384  1460.   16.6590  728.1331  2480.   10.9397 1020.8018
   460.   61.8920  235.8007  1480.   18.7516  727.9060  2500.   11.3943 1023.6582
   480.   61.3174  251.8488  1500.   20.5060  729.1586  2520.   11.6968 1026.5610
   500.   60.6953  268.3226  1520.   21.9636  731.6412  2540.   11.8601 1029.3079
   520.   60.0627  285.0956  1540.   23.1562  735.0590  2560.   11.9049 1031.7311
   540.   59.4469  301.9752  1560.   24.1120  739.1544  2580.   11.8581 1033.7129
   560.   58.8614  318.7224  1580.   24.8568  743.7219  2600.   11.7500 1035.1990
   580.   58.3048  335.0895  1600.   26.6019  754.7491  2620.   11.6108 1036.2080
   600.   57.7622  350.8586  1620.   26.1621  762.9939  2640.   11.4655 1036.8289
   620.   57.2104  365.8655  1640.   25.5075  768.0768  2660.   11.3295 1037.1991
   640.   56.6226  380.0020  1660.   24.9078  769.9149  2680.   11.2064 1037.4675
   660.   55.9731  393.2010  1680.   24.6479  769.6316  2700.   11.0895 1037.7550
   680.   55.2393  405.4131  1700.   24.8272  769.5150  2720.   10.9660 1038.1287
   700.   54.4032  416.5820  1720.   25.2753  771.4681  2740.   10.8222 1038.5980
   720.   53.4489  426.5881  1740.   25.7331  775.9730  2760.   10.6481 1039.1284
   740.   52.3728  435.3417  1760.   26.0156  782.5681  2780.   10.4388 1039.6635
   760.   51.1796  442.6073  1780.   26.0281  790.5590  2800.   10.1954 1040.1482
   780.   49.8931  448.0911  1800.   25.7285  799.3124  2820.    9.9226 1040.5475
   800.   48.5702  451.4526  1820.   25.0972  808.2891  2840.    9.6269 1040.8561
   820.   47.3182  452.4487  1840.   24.1218  816.9865  2860.    9.3133 1041.0989
   840.   46.2929  451.2458  1860.   22.7927  824.8533  2880.    8.9829 1041.3209
   860.   45.6419  448.7409  1880.   21.1085  831.1807  2900.    8.6315 1041.5701
   880.   45.4035  446.3906  1900.   19.1010  834.9738  2920.    8.2502 1041.8794
   900.   45.4745  445.4455  1920.   16.9008  834.9252  2940.    7.8265 1042.2522
   920.   45.6904  446.4146  1940.   14.8468  830.0346  2960.    7.3472 1042.6555
   940.   45.9142  449.1965  1960.   13.4437  821.5607  2980.    6.7996 1043.0200
   960.   46.0620  453.4426  1980.   12.8589  813.6580  3000.    6.1740 1043.2450
   980.   46.0913  458.7864  2000.   12.6787  809.3381
  1000.   45.9833  464.9246  2020.   12.4333  808.3810
nc nrpt bearng  rhomx  rlat   rlon   rrho    pwr    dist incl headng talt ralt
 2  151   50.0  3000.  99.0    0.0     0.   100.      0.  90.   90.0  9.0  6.0

OpArea Grid
file_id:  15May 5 A63 LWPM 2.1 c:\lwpcv21\output\rtbl.mds
          15May 5 A63 LWPM 2.1 c:\lwpcv21\output\rtbl.lwf
          ***
prgm_id:  LWPM 2.1
case_id:  Test tabular ionosphere
prfl_id:  Rng Tbl: SIMBAL                         
xmtr_id                tlat    tlon   freq
t01                    40.0    97.5   39.2
path_id                lat1    lon1   lat2    lon2
Bearings                0.0     0.0    0.0     0.0
quit                                                                                                                    

Run finished on 05-15-2005 at 14:46:52
